# JRE version: OpenJDK Runtime Environment (8.0_131-b11) (build 1.8.0_131-b11)
# Java VM: OpenJDK 64-Bit Server VM (25.131-b11 mixed mode linux-amd64 compressed oops)
Heap:
 PSYoungGen      total 848896K, used 51702K [0x000000076ab00000, 0x00000007a2a00000, 0x00000007c0000000)
  eden space 797184K, 0% used [0x000000076ab00000,0x000000076ab00000,0x000000079b580000)
  from space 51712K, 99% used [0x000000079b580000,0x000000079e7fd9f0,0x000000079e800000)
  to   space 35840K, 0% used [0x000000079e800000,0x000000079e800000,0x00000007a0b00000)
 ParOldGen       total 143360K, used 81158K [0x00000006c0000000, 0x00000006c8c00000, 0x000000076ab00000)
  object space 143360K, 56% used [0x00000006c0000000,0x00000006c4f419f8,0x00000006c8c00000)
 Metaspace       used 17452K, capacity 17692K, committed 17920K, reserved 1064960K
  class space    used 2138K, capacity 2226K, committed 2304K, reserved 1048576K
GC Heap History (10 events):
Event: 8.665 GC heap after
Heap after GC invocations=7 (full 0):
 PSYoungGen      total 282624K, used 2846K [0x000000076ab00000, 0x000000078d300000, 0x00000007c0000000)
  eden space 253952K, 0% used [0x000000076ab00000,0x000000076ab00000,0x000000077a300000)
  from space 28672K, 9% used [0x000000077a300000,0x000000077a5c7898,0x000000077bf00000)
  to   space 28672K, 0% used [0x000000078b700000,0x000000078b700000,0x000000078d300000)
 ParOldGen       total 84992K, used 47037K [0x00000006c0000000, 0x00000006c5300000, 0x000000076ab00000)
  object space 84992K, 55% used [0x00000006c0000000,0x00000006c2def7e0,0x00000006c5300000)
 Metaspace       used 17171K, capacity 17386K, committed 17664K, reserved 1064960K
  class space    used 2109K, capacity 2191K, committed 2304K, reserved 1048576K
}
Event: 11.121 GC heap before
{Heap before GC invocations=8 (full 0):
 PSYoungGen      total 282624K, used 255150K [0x000000076ab00000, 0x000000078d300000, 0x00000007c0000000)
  eden space 253952K, 99% used [0x000000076ab00000,0x000000077a1642c0,0x000000077a300000)
  from space 28672K, 9% used [0x000000077a300000,0x000000077a5c7898,0x000000077bf00000)
  to   space 28672K, 0% used [0x000000078b700000,0x000000078b700000,0x000000078d300000)
 ParOldGen       total 84992K, used 47037K [0x00000006c0000000, 0x00000006c5300000, 0x000000076ab00000)
  object space 84992K, 55% used [0x00000006c0000000,0x00000006c2def7e0,0x00000006c5300000)
 Metaspace       used 17194K, capacity 17386K, committed 17664K, reserved 1064960K
  class space    used 2109K, capacity 2191K, committed 2304K, reserved 1048576K
Event: 11.128 GC heap after
Heap after GC invocations=8 (full 0):
 PSYoungGen      total 535552K, used 2322K [0x000000076ab00000, 0x000000078d200000, 0x00000007c0000000)
  eden space 507904K, 0% used [0x000000076ab00000,0x000000076ab00000,0x0000000789b00000)
  from space 27648K, 8% used [0x000000078b700000,0x000000078b944830,0x000000078d200000)
  to   space 28160K, 0% used [0x0000000789b00000,0x0000000789b00000,0x000000078b680000)
 ParOldGen       total 84992K, used 48604K [0x00000006c0000000, 0x00000006c5300000, 0x000000076ab00000)
  object space 84992K, 57% used [0x00000006c0000000,0x00000006c2f770f0,0x00000006c5300000)
 Metaspace       used 17194K, capacity 17386K, committed 17664K, reserved 1064960K
  class space    used 2109K, capacity 2191K, committed 2304K, reserved 1048576K
}
Event: 12.508 GC heap before
{Heap before GC invocations=9 (full 0):
 PSYoungGen      total 535552K, used 510226K [0x000000076ab00000, 0x000000078d200000, 0x00000007c0000000)
  eden space 507904K, 100% used [0x000000076ab00000,0x0000000789b00000,0x0000000789b00000)
  from space 27648K, 8% used [0x000000078b700000,0x000000078b944830,0x000000078d200000)
  to   space 28160K, 0% used [0x0000000789b00000,0x0000000789b00000,0x000000078b680000)
 ParOldGen       total 84992K, used 48604K [0x00000006c0000000, 0x00000006c5300000, 0x000000076ab00000)
  object space 84992K, 57% used [0x00000006c0000000,0x00000006c2f770f0,0x00000006c5300000)
 Metaspace       used 17279K, capacity 17482K, committed 17664K, reserved 1064960K
  class space    used 2116K, capacity 2223K, committed 2304K, reserved 1048576K
Event: 12.551 GC heap after
Heap after GC invocations=9 (full 0):
 PSYoungGen      total 536064K, used 28144K [0x000000076ab00000, 0x00000007a0b00000, 0x00000007c0000000)
  eden space 507904K, 0% used [0x000000076ab00000,0x000000076ab00000,0x0000000789b00000)
  from space 28160K, 99% used [0x0000000789b00000,0x000000078b67c1c0,0x000000078b680000)
  to   space 35840K, 0% used [0x000000079e800000,0x000000079e800000,0x00000007a0b00000)
 ParOldGen       total 84992K, used 53808K [0x00000006c0000000, 0x00000006c5300000, 0x000000076ab00000)
  object space 84992K, 63% used [0x00000006c0000000,0x00000006c348c270,0x00000006c5300000)
 Metaspace       used 17279K, capacity 17482K, committed 17664K, reserved 1064960K
  class space    used 2116K, capacity 2223K, committed 2304K, reserved 1048576K
}
Event: 13.755 GC heap before
{Heap before GC invocations=10 (full 0):
 PSYoungGen      total 536064K, used 536048K [0x000000076ab00000, 0x00000007a0b00000, 0x00000007c0000000)
  eden space 507904K, 100% used [0x000000076ab00000,0x0000000789b00000,0x0000000789b00000)
  from space 28160K, 99% used [0x0000000789b00000,0x000000078b67c1c0,0x000000078b680000)
  to   space 35840K, 0% used [0x000000079e800000,0x000000079e800000,0x00000007a0b00000)
 ParOldGen       total 84992K, used 53808K [0x00000006c0000000, 0x00000006c5300000, 0x000000076ab00000)
  object space 84992K, 63% used [0x00000006c0000000,0x00000006c348c270,0x00000006c5300000)
 Metaspace       used 17413K, capacity 17622K, committed 17920K, reserved 1064960K
  class space    used 2131K, capacity 2225K, committed 2304K, reserved 1048576K
Event: 13.864 GC heap after
Heap after GC invocations=10 (full 0):
 PSYoungGen      total 833024K, used 35808K [0x000000076ab00000, 0x00000007a2a00000, 0x00000007c0000000)
  eden space 797184K, 0% used [0x000000076ab00000,0x000000076ab00000,0x000000079b580000)
  from space 35840K, 99% used [0x000000079e800000,0x00000007a0af81d0,0x00000007a0b00000)
  to   space 51712K, 0% used [0x000000079b580000,0x000000079b580000,0x000000079e800000)
 ParOldGen       total 84992K, used 80553K [0x00000006c0000000, 0x00000006c5300000, 0x000000076ab00000)
  object space 84992K, 94% used [0x00000006c0000000,0x00000006c4eaa660,0x00000006c5300000)
 Metaspace       used 17413K, capacity 17622K, committed 17920K, reserved 1064960K
  class space    used 2131K, capacity 2225K, committed 2304K, reserved 1048576K
}
Event: 13.864 GC heap before
{Heap before GC invocations=11 (full 1):
 PSYoungGen      total 833024K, used 35808K [0x000000076ab00000, 0x00000007a2a00000, 0x00000007c0000000)
  eden space 797184K, 0% used [0x000000076ab00000,0x000000076ab00000,0x000000079b580000)
  from space 35840K, 99% used [0x000000079e800000,0x00000007a0af81d0,0x00000007a0b00000)
  to   space 51712K, 0% used [0x000000079b580000,0x000000079b580000,0x000000079e800000)
 ParOldGen       total 84992K, used 80553K [0x00000006c0000000, 0x00000006c5300000, 0x000000076ab00000)
  object space 84992K, 94% used [0x00000006c0000000,0x00000006c4eaa660,0x00000006c5300000)
 Metaspace       used 17413K, capacity 17622K, committed 17920K, reserved 1064960K
  class space    used 2131K, capacity 2225K, committed 2304K, reserved 1048576K
Event: 14.138 GC heap after
Heap after GC invocations=11 (full 1):
 PSYoungGen      total 833024K, used 0K [0x000000076ab00000, 0x00000007a2a00000, 0x00000007c0000000)
  eden space 797184K, 0% used [0x000000076ab00000,0x000000076ab00000,0x000000079b580000)
  from space 35840K, 0% used [0x000000079e800000,0x000000079e800000,0x00000007a0b00000)
  to   space 51712K, 0% used [0x000000079b580000,0x000000079b580000,0x000000079e800000)
 ParOldGen       total 143360K, used 75542K [0x00000006c0000000, 0x00000006c8c00000, 0x000000076ab00000)
  object space 143360K, 52% used [0x00000006c0000000,0x00000006c49c59a8,0x00000006c8c00000)
 Metaspace       used 17413K, capacity 17622K, committed 17920K, reserved 1064960K
  class space    used 2131K, capacity 2225K, committed 2304K, reserved 1048576K
}
Event: 15.277 GC heap before
{Heap before GC invocations=12 (full 1):
 PSYoungGen      total 833024K, used 797184K [0x000000076ab00000, 0x00000007a2a00000, 0x00000007c0000000)
  eden space 797184K, 100% used [0x000000076ab00000,0x000000079b580000,0x000000079b580000)
  from space 35840K, 0% used [0x000000079e800000,0x000000079e800000,0x00000007a0b00000)
  to   space 51712K, 0% used [0x000000079b580000,0x000000079b580000,0x000000079e800000)
 ParOldGen       total 143360K, used 75542K [0x00000006c0000000, 0x00000006c8c00000, 0x000000076ab00000)
  object space 143360K, 52% used [0x00000006c0000000,0x00000006c49c59a8,0x00000006c8c00000)
 Metaspace       used 17452K, capacity 17692K, committed 17920K, reserved 1064960K
  class space    used 2138K, capacity 2226K, committed 2304K, reserved 1048576K

