# JRE version: OpenJDK Runtime Environment (8.0_144-b01) (build 1.8.0_144-b01)
# Java VM: OpenJDK 64-Bit Server VM (25.144-b01 mixed mode linux-amd64 compressed oops)
Heap:
 PSYoungGen      total 319488K, used 0K [0x0000000755580000, 0x0000000772000000, 0x00000007c0000000)
  eden space 222720K, 0% used [0x0000000755580000,0x0000000755580000,0x0000000762f00000)
  from space 96768K, 0% used [0x0000000762f00000,0x0000000762f00000,0x0000000768d80000)
  to   space 97280K, 0% used [0x000000076c100000,0x000000076c100000,0x0000000772000000)
 ParOldGen       total 279040K, used 244533K [0x0000000680000000, 0x0000000691080000, 0x0000000755580000)
  object space 279040K, 87% used [0x0000000680000000,0x000000068eecd760,0x0000000691080000)
 Metaspace       used 10356K, capacity 10482K, committed 10752K, reserved 1058816K
  class space    used 1181K, capacity 1243K, committed 1280K, reserved 1048576K
GC Heap History (10 events):
Event: 5.630 GC heap after
Heap after GC invocations=9 (full 1):
 PSYoungGen      total 229376K, used 47090K [0x0000000755580000, 0x000000076a280000, 0x00000007c0000000)
  eden space 182272K, 0% used [0x0000000755580000,0x0000000755580000,0x0000000760780000)
  from space 47104K, 99% used [0x0000000767480000,0x000000076a27c878,0x000000076a280000)
  to   space 56320K, 0% used [0x0000000763480000,0x0000000763480000,0x0000000766b80000)
 ParOldGen       total 159744K, used 86813K [0x0000000680000000, 0x0000000689c00000, 0x0000000755580000)
  object space 159744K, 54% used [0x0000000680000000,0x00000006854c7660,0x0000000689c00000)
 Metaspace       used 10089K, capacity 10220K, committed 10496K, reserved 1058816K
  class space    used 1159K, capacity 1178K, committed 1280K, reserved 1048576K
}
Event: 6.892 GC heap before
{Heap before GC invocations=10 (full 1):
 PSYoungGen      total 229376K, used 229362K [0x0000000755580000, 0x000000076a280000, 0x00000007c0000000)
  eden space 182272K, 100% used [0x0000000755580000,0x0000000760780000,0x0000000760780000)
  from space 47104K, 99% used [0x0000000767480000,0x000000076a27c878,0x000000076a280000)
  to   space 56320K, 0% used [0x0000000763480000,0x0000000763480000,0x0000000766b80000)
 ParOldGen       total 159744K, used 86813K [0x0000000680000000, 0x0000000689c00000, 0x0000000755580000)
  object space 159744K, 54% used [0x0000000680000000,0x00000006854c7660,0x0000000689c00000)
 Metaspace       used 10118K, capacity 10220K, committed 10496K, reserved 1058816K
  class space    used 1159K, capacity 1178K, committed 1280K, reserved 1048576K
Event: 6.992 GC heap after
Heap after GC invocations=10 (full 1):
 PSYoungGen      total 284672K, used 56306K [0x0000000755580000, 0x000000076dd00000, 0x00000007c0000000)
  eden space 228352K, 0% used [0x0000000755580000,0x0000000755580000,0x0000000763480000)
  from space 56320K, 99% used [0x0000000763480000,0x0000000766b7c8b8,0x0000000766b80000)
  to   space 81408K, 0% used [0x0000000768d80000,0x0000000768d80000,0x000000076dd00000)
 ParOldGen       total 159744K, used 127214K [0x0000000680000000, 0x0000000689c00000, 0x0000000755580000)
  object space 159744K, 79% used [0x0000000680000000,0x0000000687c3ba20,0x0000000689c00000)
 Metaspace       used 10118K, capacity 10220K, committed 10496K, reserved 1058816K
  class space    used 1159K, capacity 1178K, committed 1280K, reserved 1048576K
}
Event: 6.992 GC heap before
{Heap before GC invocations=11 (full 2):
 PSYoungGen      total 284672K, used 56306K [0x0000000755580000, 0x000000076dd00000, 0x00000007c0000000)
  eden space 228352K, 0% used [0x0000000755580000,0x0000000755580000,0x0000000763480000)
  from space 56320K, 99% used [0x0000000763480000,0x0000000766b7c8b8,0x0000000766b80000)
  to   space 81408K, 0% used [0x0000000768d80000,0x0000000768d80000,0x000000076dd00000)
 ParOldGen       total 159744K, used 127214K [0x0000000680000000, 0x0000000689c00000, 0x0000000755580000)
  object space 159744K, 79% used [0x0000000680000000,0x0000000687c3ba20,0x0000000689c00000)
 Metaspace       used 10118K, capacity 10220K, committed 10496K, reserved 1058816K
  class space    used 1159K, capacity 1178K, committed 1280K, reserved 1048576K
Event: 7.569 GC heap after
Heap after GC invocations=11 (full 2):
 PSYoungGen      total 284672K, used 22999K [0x0000000755580000, 0x000000076dd00000, 0x00000007c0000000)
  eden space 228352K, 0% used [0x0000000755580000,0x0000000755580000,0x0000000763480000)
  from space 56320K, 40% used [0x0000000763480000,0x0000000764af5fc0,0x0000000766b80000)
  to   space 81408K, 0% used [0x0000000768d80000,0x0000000768d80000,0x000000076dd00000)
 ParOldGen       total 279040K, used 159201K [0x0000000680000000, 0x0000000691080000, 0x0000000755580000)
  object space 279040K, 57% used [0x0000000680000000,0x0000000689b78570,0x0000000691080000)
 Metaspace       used 10118K, capacity 10220K, committed 10496K, reserved 1058816K
  class space    used 1159K, capacity 1178K, committed 1280K, reserved 1048576K
}
Event: 8.987 GC heap before
{Heap before GC invocations=12 (full 2):
 PSYoungGen      total 284672K, used 251351K [0x0000000755580000, 0x000000076dd00000, 0x00000007c0000000)
  eden space 228352K, 100% used [0x0000000755580000,0x0000000763480000,0x0000000763480000)
  from space 56320K, 40% used [0x0000000763480000,0x0000000764af5fc0,0x0000000766b80000)
  to   space 81408K, 0% used [0x0000000768d80000,0x0000000768d80000,0x000000076dd00000)
 ParOldGen       total 279040K, used 159201K [0x0000000680000000, 0x0000000691080000, 0x0000000755580000)
  object space 279040K, 57% used [0x0000000680000000,0x0000000689b78570,0x0000000691080000)
 Metaspace       used 10154K, capacity 10220K, committed 10496K, reserved 1058816K
  class space    used 1160K, capacity 1178K, committed 1280K, reserved 1048576K
Event: 9.048 GC heap after
Heap after GC invocations=12 (full 2):
 PSYoungGen      total 304128K, used 81386K [0x0000000755580000, 0x0000000771500000, 0x00000007c0000000)
  eden space 222720K, 0% used [0x0000000755580000,0x0000000755580000,0x0000000762f00000)
  from space 81408K, 99% used [0x0000000768d80000,0x000000076dcfab10,0x000000076dd00000)
  to   space 96768K, 0% used [0x0000000762f00000,0x0000000762f00000,0x0000000768d80000)
 ParOldGen       total 279040K, used 165528K [0x0000000680000000, 0x0000000691080000, 0x0000000755580000)
  object space 279040K, 59% used [0x0000000680000000,0x000000068a1a62d0,0x0000000691080000)
 Metaspace       used 10154K, capacity 10220K, committed 10496K, reserved 1058816K
  class space    used 1160K, capacity 1178K, committed 1280K, reserved 1048576K
}
Event: 9.479 GC heap before
{Heap before GC invocations=13 (full 2):
 PSYoungGen      total 304128K, used 304106K [0x0000000755580000, 0x0000000771500000, 0x00000007c0000000)
  eden space 222720K, 100% used [0x0000000755580000,0x0000000762f00000,0x0000000762f00000)
  from space 81408K, 99% used [0x0000000768d80000,0x000000076dcfab10,0x000000076dd00000)
  to   space 96768K, 0% used [0x0000000762f00000,0x0000000762f00000,0x0000000768d80000)
 ParOldGen       total 279040K, used 165528K [0x0000000680000000, 0x0000000691080000, 0x0000000755580000)
  object space 279040K, 59% used [0x0000000680000000,0x000000068a1a62d0,0x0000000691080000)
 Metaspace       used 10356K, capacity 10482K, committed 10752K, reserved 1058816K
  class space    used 1181K, capacity 1243K, committed 1280K, reserved 1048576K
Event: 9.588 GC heap after
Heap after GC invocations=13 (full 2):
 PSYoungGen      total 319488K, used 2544K [0x0000000755580000, 0x0000000772000000, 0x00000007c0000000)
  eden space 222720K, 0% used [0x0000000755580000,0x0000000755580000,0x0000000762f00000)
  from space 96768K, 2% used [0x0000000762f00000,0x000000076317c010,0x0000000768d80000)
  to   space 97280K, 0% used [0x000000076c100000,0x000000076c100000,0x0000000772000000)
 ParOldGen       total 279040K, used 244821K [0x0000000680000000, 0x0000000691080000, 0x0000000755580000)
  object space 279040K, 87% used [0x0000000680000000,0x000000068ef15748,0x0000000691080000)
 Metaspace       used 10356K, capacity 10482K, committed 10752K, reserved 1058816K
  class space    used 1181K, capacity 1243K, committed 1280K, reserved 1048576K
}
Event: 9.588 GC heap before
{Heap before GC invocations=14 (full 3):
 PSYoungGen      total 319488K, used 2544K [0x0000000755580000, 0x0000000772000000, 0x00000007c0000000)
  eden space 222720K, 0% used [0x0000000755580000,0x0000000755580000,0x0000000762f00000)
  from space 96768K, 2% used [0x0000000762f00000,0x000000076317c010,0x0000000768d80000)
  to   space 97280K, 0% used [0x000000076c100000,0x000000076c100000,0x0000000772000000)
 ParOldGen       total 279040K, used 244821K [0x0000000680000000, 0x0000000691080000, 0x0000000755580000)
  object space 279040K, 87% used [0x0000000680000000,0x000000068ef15748,0x0000000691080000)
 Metaspace       used 10356K, capacity 10482K, committed 10752K, reserved 1058816K
  class space    used 1181K, capacity 1243K, committed 1280K, reserved 1048576K

