# JRE version: OpenJDK Runtime Environment (8.0_144-b01) (build 1.8.0_144-b01)
# Java VM: OpenJDK 64-Bit Server VM (25.144-b01 mixed mode linux-amd64 compressed oops)
Heap:
 PSYoungGen      total 1303040K, used 0K [0x000000076ab00000, 0x00000007bfe80000, 0x00000007c0000000)
  eden space 1209856K, 0% used [0x000000076ab00000,0x000000076ab00000,0x00000007b4880000)
  from space 93184K, 0% used [0x00000007ba380000,0x00000007ba380000,0x00000007bfe80000)
  to   space 93184K, 0% used [0x00000007b4880000,0x00000007b4880000,0x00000007ba380000)
 ParOldGen       total 795136K, used 249861K [0x00000006c0000000, 0x00000006f0880000, 0x000000076ab00000)
  object space 795136K, 31% used [0x00000006c0000000,0x00000006cf4015c8,0x00000006f0880000)
 Metaspace       used 17699K, capacity 17962K, committed 18176K, reserved 1064960K
  class space    used 2134K, capacity 2232K, committed 2304K, reserved 1048576K
GC Heap History (10 events):
Event: 227.282 GC heap after
Heap after GC invocations=147 (full 23):
 PSYoungGen      total 1301504K, used 86958K [0x000000076ab00000, 0x00000007bff80000, 0x00000007c0000000)
  eden space 1206272K, 0% used [0x000000076ab00000,0x000000076ab00000,0x00000007b4500000)
  from space 95232K, 91% used [0x00000007ba200000,0x00000007bf6eb880,0x00000007bff00000)
  to   space 95232K, 0% used [0x00000007b4500000,0x00000007b4500000,0x00000007ba200000)
 ParOldGen       total 795136K, used 379243K [0x00000006c0000000, 0x00000006f0880000, 0x000000076ab00000)
  object space 795136K, 47% used [0x00000006c0000000,0x00000006d725afe8,0x00000006f0880000)
 Metaspace       used 17699K, capacity 17962K, committed 18176K, reserved 1064960K
  class space    used 2134K, capacity 2232K, committed 2304K, reserved 1048576K
}
Event: 229.155 GC heap before
{Heap before GC invocations=148 (full 23):
 PSYoungGen      total 1301504K, used 1293230K [0x000000076ab00000, 0x00000007bff80000, 0x00000007c0000000)
  eden space 1206272K, 100% used [0x000000076ab00000,0x00000007b4500000,0x00000007b4500000)
  from space 95232K, 91% used [0x00000007ba200000,0x00000007bf6eb880,0x00000007bff00000)
  to   space 95232K, 0% used [0x00000007b4500000,0x00000007b4500000,0x00000007ba200000)
 ParOldGen       total 795136K, used 379243K [0x00000006c0000000, 0x00000006f0880000, 0x000000076ab00000)
  object space 795136K, 47% used [0x00000006c0000000,0x00000006d725afe8,0x00000006f0880000)
 Metaspace       used 17699K, capacity 17962K, committed 18176K, reserved 1064960K
  class space    used 2134K, capacity 2232K, committed 2304K, reserved 1048576K
Event: 229.238 GC heap after
Heap after GC invocations=148 (full 23):
 PSYoungGen      total 1301504K, used 87137K [0x000000076ab00000, 0x00000007bff00000, 0x00000007c0000000)
  eden space 1206272K, 0% used [0x000000076ab00000,0x000000076ab00000,0x00000007b4500000)
  from space 95232K, 91% used [0x00000007b4500000,0x00000007b9a18450,0x00000007ba200000)
  to   space 94720K, 0% used [0x00000007ba280000,0x00000007ba280000,0x00000007bff00000)
 ParOldGen       total 795136K, used 465966K [0x00000006c0000000, 0x00000006f0880000, 0x000000076ab00000)
  object space 795136K, 58% used [0x00000006c0000000,0x00000006dc70baa8,0x00000006f0880000)
 Metaspace       used 17699K, capacity 17962K, committed 18176K, reserved 1064960K
  class space    used 2134K, capacity 2232K, committed 2304K, reserved 1048576K
}
Event: 231.924 GC heap before
{Heap before GC invocations=149 (full 23):
 PSYoungGen      total 1301504K, used 1293409K [0x000000076ab00000, 0x00000007bff00000, 0x00000007c0000000)
  eden space 1206272K, 100% used [0x000000076ab00000,0x00000007b4500000,0x00000007b4500000)
  from space 95232K, 91% used [0x00000007b4500000,0x00000007b9a18450,0x00000007ba200000)
  to   space 94720K, 0% used [0x00000007ba280000,0x00000007ba280000,0x00000007bff00000)
 ParOldGen       total 795136K, used 465966K [0x00000006c0000000, 0x00000006f0880000, 0x000000076ab00000)
  object space 795136K, 58% used [0x00000006c0000000,0x00000006dc70baa8,0x00000006f0880000)
 Metaspace       used 17699K, capacity 17962K, committed 18176K, reserved 1064960K
  class space    used 2134K, capacity 2232K, committed 2304K, reserved 1048576K
Event: 232.013 GC heap after
Heap after GC invocations=149 (full 23):
 PSYoungGen      total 1302016K, used 87185K [0x000000076ab00000, 0x00000007bfe80000, 0x00000007c0000000)
  eden space 1207808K, 0% used [0x000000076ab00000,0x000000076ab00000,0x00000007b4680000)
  from space 94208K, 92% used [0x00000007ba280000,0x00000007bf7a44c0,0x00000007bfe80000)
  to   space 94208K, 0% used [0x00000007b4680000,0x00000007b4680000,0x00000007ba280000)
 ParOldGen       total 795136K, used 553057K [0x00000006c0000000, 0x00000006f0880000, 0x000000076ab00000)
  object space 795136K, 69% used [0x00000006c0000000,0x00000006e1c18568,0x00000006f0880000)
 Metaspace       used 17699K, capacity 17962K, committed 18176K, reserved 1064960K
  class space    used 2134K, capacity 2232K, committed 2304K, reserved 1048576K
}
Event: 235.177 GC heap before
{Heap before GC invocations=150 (full 23):
 PSYoungGen      total 1302016K, used 1294993K [0x000000076ab00000, 0x00000007bfe80000, 0x00000007c0000000)
  eden space 1207808K, 100% used [0x000000076ab00000,0x00000007b4680000,0x00000007b4680000)
  from space 94208K, 92% used [0x00000007ba280000,0x00000007bf7a44c0,0x00000007bfe80000)
  to   space 94208K, 0% used [0x00000007b4680000,0x00000007b4680000,0x00000007ba280000)
 ParOldGen       total 795136K, used 553057K [0x00000006c0000000, 0x00000006f0880000, 0x000000076ab00000)
  object space 795136K, 69% used [0x00000006c0000000,0x00000006e1c18568,0x00000006f0880000)
 Metaspace       used 17699K, capacity 17962K, committed 18176K, reserved 1064960K
  class space    used 2134K, capacity 2232K, committed 2304K, reserved 1048576K
Event: 235.260 GC heap after
Heap after GC invocations=150 (full 23):
 PSYoungGen      total 1302016K, used 86273K [0x000000076ab00000, 0x00000007bff00000, 0x00000007c0000000)
  eden space 1207808K, 0% used [0x000000076ab00000,0x000000076ab00000,0x00000007b4680000)
  from space 94208K, 91% used [0x00000007b4680000,0x00000007b9ac0460,0x00000007ba280000)
  to   space 93696K, 0% used [0x00000007ba380000,0x00000007ba380000,0x00000007bff00000)
 ParOldGen       total 795136K, used 639212K [0x00000006c0000000, 0x00000006f0880000, 0x000000076ab00000)
  object space 795136K, 80% used [0x00000006c0000000,0x00000006e703b008,0x00000006f0880000)
 Metaspace       used 17699K, capacity 17962K, committed 18176K, reserved 1064960K
  class space    used 2134K, capacity 2232K, committed 2304K, reserved 1048576K
}
Event: 235.906 GC heap before
{Heap before GC invocations=151 (full 23):
 PSYoungGen      total 1302016K, used 1294081K [0x000000076ab00000, 0x00000007bff00000, 0x00000007c0000000)
  eden space 1207808K, 100% used [0x000000076ab00000,0x00000007b4680000,0x00000007b4680000)
  from space 94208K, 91% used [0x00000007b4680000,0x00000007b9ac0460,0x00000007ba280000)
  to   space 93696K, 0% used [0x00000007ba380000,0x00000007ba380000,0x00000007bff00000)
 ParOldGen       total 795136K, used 639212K [0x00000006c0000000, 0x00000006f0880000, 0x000000076ab00000)
  object space 795136K, 80% used [0x00000006c0000000,0x00000006e703b008,0x00000006f0880000)
 Metaspace       used 17699K, capacity 17962K, committed 18176K, reserved 1064960K
  class space    used 2134K, capacity 2232K, committed 2304K, reserved 1048576K
Event: 235.980 GC heap after
Heap after GC invocations=151 (full 23):
 PSYoungGen      total 1303040K, used 86846K [0x000000076ab00000, 0x00000007bfe80000, 0x00000007c0000000)
  eden space 1209856K, 0% used [0x000000076ab00000,0x000000076ab00000,0x00000007b4880000)
  from space 93184K, 93% used [0x00000007ba380000,0x00000007bf84f870,0x00000007bfe80000)
  to   space 93184K, 0% used [0x00000007b4880000,0x00000007b4880000,0x00000007ba380000)
 ParOldGen       total 795136K, used 725550K [0x00000006c0000000, 0x00000006f0880000, 0x000000076ab00000)
  object space 795136K, 91% used [0x00000006c0000000,0x00000006ec48baa8,0x00000006f0880000)
 Metaspace       used 17699K, capacity 17962K, committed 18176K, reserved 1064960K
  class space    used 2134K, capacity 2232K, committed 2304K, reserved 1048576K
}
Event: 235.980 GC heap before
{Heap before GC invocations=152 (full 24):
 PSYoungGen      total 1303040K, used 86846K [0x000000076ab00000, 0x00000007bfe80000, 0x00000007c0000000)
  eden space 1209856K, 0% used [0x000000076ab00000,0x000000076ab00000,0x00000007b4880000)
  from space 93184K, 93% used [0x00000007ba380000,0x00000007bf84f870,0x00000007bfe80000)
  to   space 93184K, 0% used [0x00000007b4880000,0x00000007b4880000,0x00000007ba380000)
 ParOldGen       total 795136K, used 725550K [0x00000006c0000000, 0x00000006f0880000, 0x000000076ab00000)
  object space 795136K, 91% used [0x00000006c0000000,0x00000006ec48baa8,0x00000006f0880000)
 Metaspace       used 17699K, capacity 17962K, committed 18176K, reserved 1064960K
  class space    used 2134K, capacity 2232K, committed 2304K, reserved 1048576K

