# JRE version: OpenJDK Runtime Environment (8.0_144-b01) (build 1.8.0_144-b01)
# Java VM: OpenJDK 64-Bit Server VM (25.144-b01 mixed mode linux-amd64 compressed oops)
Heap:
 PSYoungGen      total 1290752K, used 0K [0x0000000755580000, 0x00000007b1380000, 0x00000007c0000000)
  eden space 1090560K, 0% used [0x0000000755580000,0x0000000755580000,0x0000000797e80000)
  from space 200192K, 0% used [0x00000007a4d00000,0x00000007a4d00000,0x00000007b1080000)
  to   space 207360K, 0% used [0x0000000797e80000,0x0000000797e80000,0x00000007a4900000)
 ParOldGen       total 466432K, used 429965K [0x0000000680000000, 0x000000069c780000, 0x0000000755580000)
  object space 466432K, 92% used [0x0000000680000000,0x000000069a3e3418,0x000000069c780000)
 Metaspace       used 10618K, capacity 10738K, committed 11008K, reserved 1058816K
  class space    used 1188K, capacity 1243K, committed 1280K, reserved 1048576K
GC Heap History (10 events):
Event: 27.503 GC heap after
Heap after GC invocations=25 (full 3):
 PSYoungGen      total 1063936K, used 128656K [0x0000000755580000, 0x00000007a3200000, 0x00000007c0000000)
  eden space 860672K, 0% used [0x0000000755580000,0x0000000755580000,0x0000000789e00000)
  from space 203264K, 63% used [0x0000000796b80000,0x000000079e924230,0x00000007a3200000)
  to   space 206848K, 0% used [0x0000000789e00000,0x0000000789e00000,0x0000000796800000)
 ParOldGen       total 466432K, used 302405K [0x0000000680000000, 0x000000069c780000, 0x0000000755580000)
  object space 466432K, 64% used [0x0000000680000000,0x00000006927515e8,0x000000069c780000)
 Metaspace       used 10584K, capacity 10738K, committed 11008K, reserved 1058816K
  class space    used 1188K, capacity 1243K, committed 1280K, reserved 1048576K
}
Event: 29.169 GC heap before
{Heap before GC invocations=26 (full 3):
 PSYoungGen      total 1063936K, used 989328K [0x0000000755580000, 0x00000007a3200000, 0x00000007c0000000)
  eden space 860672K, 100% used [0x0000000755580000,0x0000000789e00000,0x0000000789e00000)
  from space 203264K, 63% used [0x0000000796b80000,0x000000079e924230,0x00000007a3200000)
  to   space 206848K, 0% used [0x0000000789e00000,0x0000000789e00000,0x0000000796800000)
 ParOldGen       total 466432K, used 302405K [0x0000000680000000, 0x000000069c780000, 0x0000000755580000)
  object space 466432K, 64% used [0x0000000680000000,0x00000006927515e8,0x000000069c780000)
 Metaspace       used 10604K, capacity 10738K, committed 11008K, reserved 1058816K
  class space    used 1188K, capacity 1243K, committed 1280K, reserved 1048576K
Event: 29.282 GC heap after
Heap after GC invocations=26 (full 3):
 PSYoungGen      total 1067520K, used 128720K [0x0000000755580000, 0x00000007ab000000, 0x00000007c0000000)
  eden space 860672K, 0% used [0x0000000755580000,0x0000000755580000,0x0000000789e00000)
  from space 206848K, 62% used [0x0000000789e00000,0x0000000791bb4230,0x0000000796800000)
  to   space 204288K, 0% used [0x000000079e880000,0x000000079e880000,0x00000007ab000000)
 ParOldGen       total 466432K, used 302413K [0x0000000680000000, 0x000000069c780000, 0x0000000755580000)
  object space 466432K, 64% used [0x0000000680000000,0x00000006927535e8,0x000000069c780000)
 Metaspace       used 10604K, capacity 10738K, committed 11008K, reserved 1058816K
  class space    used 1188K, capacity 1243K, committed 1280K, reserved 1048576K
}
Event: 30.905 GC heap before
{Heap before GC invocations=27 (full 3):
 PSYoungGen      total 1067520K, used 989392K [0x0000000755580000, 0x00000007ab000000, 0x00000007c0000000)
  eden space 860672K, 100% used [0x0000000755580000,0x0000000789e00000,0x0000000789e00000)
  from space 206848K, 62% used [0x0000000789e00000,0x0000000791bb4230,0x0000000796800000)
  to   space 204288K, 0% used [0x000000079e880000,0x000000079e880000,0x00000007ab000000)
 ParOldGen       total 466432K, used 302413K [0x0000000680000000, 0x000000069c780000, 0x0000000755580000)
  object space 466432K, 64% used [0x0000000680000000,0x00000006927535e8,0x000000069c780000)
 Metaspace       used 10610K, capacity 10738K, committed 11008K, reserved 1058816K
  class space    used 1188K, capacity 1243K, committed 1280K, reserved 1048576K
Event: 31.004 GC heap after
Heap after GC invocations=27 (full 3):
 PSYoungGen      total 1182720K, used 92624K [0x0000000755580000, 0x00000007aa200000, 0x00000007c0000000)
  eden space 992768K, 0% used [0x0000000755580000,0x0000000755580000,0x0000000791f00000)
  from space 189952K, 48% used [0x000000079e880000,0x00000007a42f4190,0x00000007aa200000)
  to   space 198144K, 0% used [0x0000000791f00000,0x0000000791f00000,0x000000079e080000)
 ParOldGen       total 466432K, used 338581K [0x0000000680000000, 0x000000069c780000, 0x0000000755580000)
  object space 466432K, 72% used [0x0000000680000000,0x0000000694aa56f8,0x000000069c780000)
 Metaspace       used 10610K, capacity 10738K, committed 11008K, reserved 1058816K
  class space    used 1188K, capacity 1243K, committed 1280K, reserved 1048576K
}
Event: 32.767 GC heap before
{Heap before GC invocations=28 (full 3):
 PSYoungGen      total 1182720K, used 1085392K [0x0000000755580000, 0x00000007aa200000, 0x00000007c0000000)
  eden space 992768K, 100% used [0x0000000755580000,0x0000000791f00000,0x0000000791f00000)
  from space 189952K, 48% used [0x000000079e880000,0x00000007a42f4190,0x00000007aa200000)
  to   space 198144K, 0% used [0x0000000791f00000,0x0000000791f00000,0x000000079e080000)
 ParOldGen       total 466432K, used 338581K [0x0000000680000000, 0x000000069c780000, 0x0000000755580000)
  object space 466432K, 72% used [0x0000000680000000,0x0000000694aa56f8,0x000000069c780000)
 Metaspace       used 10615K, capacity 10738K, committed 11008K, reserved 1058816K
  class space    used 1188K, capacity 1243K, committed 1280K, reserved 1048576K
Event: 32.847 GC heap after
Heap after GC invocations=28 (full 3):
 PSYoungGen      total 1190912K, used 46080K [0x0000000755580000, 0x00000007b1080000, 0x00000007c0000000)
  eden space 992768K, 0% used [0x0000000755580000,0x0000000755580000,0x0000000791f00000)
  from space 198144K, 23% used [0x0000000791f00000,0x0000000794c000a0,0x000000079e080000)
  to   space 200192K, 0% used [0x00000007a4d00000,0x00000007a4d00000,0x00000007b1080000)
 ParOldGen       total 466432K, used 385331K [0x0000000680000000, 0x000000069c780000, 0x0000000755580000)
  object space 466432K, 82% used [0x0000000680000000,0x000000069784cc48,0x000000069c780000)
 Metaspace       used 10615K, capacity 10738K, committed 11008K, reserved 1058816K
  class space    used 1188K, capacity 1243K, committed 1280K, reserved 1048576K
}
Event: 34.618 GC heap before
{Heap before GC invocations=29 (full 3):
 PSYoungGen      total 1190912K, used 1038848K [0x0000000755580000, 0x00000007b1080000, 0x00000007c0000000)
  eden space 992768K, 100% used [0x0000000755580000,0x0000000791f00000,0x0000000791f00000)
  from space 198144K, 23% used [0x0000000791f00000,0x0000000794c000a0,0x000000079e080000)
  to   space 200192K, 0% used [0x00000007a4d00000,0x00000007a4d00000,0x00000007b1080000)
 ParOldGen       total 466432K, used 385331K [0x0000000680000000, 0x000000069c780000, 0x0000000755580000)
  object space 466432K, 82% used [0x0000000680000000,0x000000069784cc48,0x000000069c780000)
 Metaspace       used 10618K, capacity 10738K, committed 11008K, reserved 1058816K
  class space    used 1188K, capacity 1243K, committed 1280K, reserved 1048576K
Event: 34.660 GC heap after
Heap after GC invocations=29 (full 3):
 PSYoungGen      total 1290752K, used 3154K [0x0000000755580000, 0x00000007b1380000, 0x00000007c0000000)
  eden space 1090560K, 0% used [0x0000000755580000,0x0000000755580000,0x0000000797e80000)
  from space 200192K, 1% used [0x00000007a4d00000,0x00000007a5014b08,0x00000007b1080000)
  to   space 207360K, 0% used [0x0000000797e80000,0x0000000797e80000,0x00000007a4900000)
 ParOldGen       total 466432K, used 428449K [0x0000000680000000, 0x000000069c780000, 0x0000000755580000)
  object space 466432K, 91% used [0x0000000680000000,0x000000069a268788,0x000000069c780000)
 Metaspace       used 10618K, capacity 10738K, committed 11008K, reserved 1058816K
  class space    used 1188K, capacity 1243K, committed 1280K, reserved 1048576K
}
Event: 34.660 GC heap before
{Heap before GC invocations=30 (full 4):
 PSYoungGen      total 1290752K, used 3154K [0x0000000755580000, 0x00000007b1380000, 0x00000007c0000000)
  eden space 1090560K, 0% used [0x0000000755580000,0x0000000755580000,0x0000000797e80000)
  from space 200192K, 1% used [0x00000007a4d00000,0x00000007a5014b08,0x00000007b1080000)
  to   space 207360K, 0% used [0x0000000797e80000,0x0000000797e80000,0x00000007a4900000)
 ParOldGen       total 466432K, used 428449K [0x0000000680000000, 0x000000069c780000, 0x0000000755580000)
  object space 466432K, 91% used [0x0000000680000000,0x000000069a268788,0x000000069c780000)
 Metaspace       used 10618K, capacity 10738K, committed 11008K, reserved 1058816K
  class space    used 1188K, capacity 1243K, committed 1280K, reserved 1048576K

