# JRE version: OpenJDK Runtime Environment (8.0_131-b11) (build 1.8.0_131-b11)
# Java VM: OpenJDK 64-Bit Server VM (25.131-b11 mixed mode linux-amd64 compressed oops)
Heap:
 PSYoungGen      total 281600K, used 51633K [0x0000000755580000, 0x0000000776200000, 0x00000007c0000000)
  eden space 207872K, 0% used [0x0000000755580000,0x0000000755580000,0x0000000762080000)
  from space 73728K, 70% used [0x0000000768580000,0x000000076b7ec6e8,0x000000076cd80000)
  to   space 103424K, 0% used [0x0000000762080000,0x0000000762080000,0x0000000768580000)
 ParOldGen       total 174592K, used 174410K [0x0000000680000000, 0x000000068aa80000, 0x0000000755580000)
  object space 174592K, 99% used [0x0000000680000000,0x000000068aa52b00,0x000000068aa80000)
 Metaspace       used 10127K, capacity 10220K, committed 10496K, reserved 1058816K
  class space    used 1161K, capacity 1178K, committed 1280K, reserved 1048576K
GC Heap History (10 events):
Event: 2.568 GC heap after
Heap after GC invocations=5 (full 0):
 PSYoungGen      total 132096K, used 5088K [0x0000000755580000, 0x000000076a380000, 0x00000007c0000000)
  eden space 126976K, 0% used [0x0000000755580000,0x0000000755580000,0x000000075d180000)
  from space 5120K, 99% used [0x000000075d180000,0x000000075d678020,0x000000075d680000)
  to   space 44032K, 0% used [0x0000000767880000,0x0000000767880000,0x000000076a380000)
 ParOldGen       total 84992K, used 84921K [0x0000000680000000, 0x0000000685300000, 0x0000000755580000)
  object space 84992K, 99% used [0x0000000680000000,0x00000006852ee418,0x0000000685300000)
 Metaspace       used 10041K, capacity 10138K, committed 10496K, reserved 1058816K
  class space    used 1158K, capacity 1175K, committed 1280K, reserved 1048576K
}
Event: 2.568 GC heap before
{Heap before GC invocations=6 (full 1):
 PSYoungGen      total 132096K, used 5088K [0x0000000755580000, 0x000000076a380000, 0x00000007c0000000)
  eden space 126976K, 0% used [0x0000000755580000,0x0000000755580000,0x000000075d180000)
  from space 5120K, 99% used [0x000000075d180000,0x000000075d678020,0x000000075d680000)
  to   space 44032K, 0% used [0x0000000767880000,0x0000000767880000,0x000000076a380000)
 ParOldGen       total 84992K, used 84921K [0x0000000680000000, 0x0000000685300000, 0x0000000755580000)
  object space 84992K, 99% used [0x0000000680000000,0x00000006852ee418,0x0000000685300000)
 Metaspace       used 10041K, capacity 10138K, committed 10496K, reserved 1058816K
  class space    used 1158K, capacity 1175K, committed 1280K, reserved 1048576K
Event: 2.781 GC heap after
Heap after GC invocations=6 (full 1):
 PSYoungGen      total 132096K, used 0K [0x0000000755580000, 0x000000076a380000, 0x00000007c0000000)
  eden space 126976K, 0% used [0x0000000755580000,0x0000000755580000,0x000000075d180000)
  from space 5120K, 0% used [0x000000075d180000,0x000000075d180000,0x000000075d680000)
  to   space 44032K, 0% used [0x0000000767880000,0x0000000767880000,0x000000076a380000)
 ParOldGen       total 174592K, used 83629K [0x0000000680000000, 0x000000068aa80000, 0x0000000755580000)
  object space 174592K, 47% used [0x0000000680000000,0x00000006851ab4c0,0x000000068aa80000)
 Metaspace       used 10041K, capacity 10138K, committed 10496K, reserved 1058816K
  class space    used 1158K, capacity 1175K, committed 1280K, reserved 1048576K
}
Event: 3.478 GC heap before
{Heap before GC invocations=7 (full 1):
 PSYoungGen      total 132096K, used 126976K [0x0000000755580000, 0x000000076a380000, 0x00000007c0000000)
  eden space 126976K, 100% used [0x0000000755580000,0x000000075d180000,0x000000075d180000)
  from space 5120K, 0% used [0x000000075d180000,0x000000075d180000,0x000000075d680000)
  to   space 44032K, 0% used [0x0000000767880000,0x0000000767880000,0x000000076a380000)
 ParOldGen       total 174592K, used 83629K [0x0000000680000000, 0x000000068aa80000, 0x0000000755580000)
  object space 174592K, 47% used [0x0000000680000000,0x00000006851ab4c0,0x000000068aa80000)
 Metaspace       used 10066K, capacity 10156K, committed 10496K, reserved 1058816K
  class space    used 1160K, capacity 1178K, committed 1280K, reserved 1048576K
Event: 3.497 GC heap after
Heap after GC invocations=7 (full 1):
 PSYoungGen      total 206848K, used 35634K [0x0000000755580000, 0x0000000769b80000, 0x00000007c0000000)
  eden space 171008K, 0% used [0x0000000755580000,0x0000000755580000,0x000000075fc80000)
  from space 35840K, 99% used [0x0000000767880000,0x0000000769b4c898,0x0000000769b80000)
  to   space 48128K, 0% used [0x0000000763d80000,0x0000000763d80000,0x0000000766c80000)
 ParOldGen       total 174592K, used 83637K [0x0000000680000000, 0x000000068aa80000, 0x0000000755580000)
  object space 174592K, 47% used [0x0000000680000000,0x00000006851ad4c0,0x000000068aa80000)
 Metaspace       used 10066K, capacity 10156K, committed 10496K, reserved 1058816K
  class space    used 1160K, capacity 1178K, committed 1280K, reserved 1048576K
}
Event: 4.625 GC heap before
{Heap before GC invocations=8 (full 1):
 PSYoungGen      total 206848K, used 206642K [0x0000000755580000, 0x0000000769b80000, 0x00000007c0000000)
  eden space 171008K, 100% used [0x0000000755580000,0x000000075fc80000,0x000000075fc80000)
  from space 35840K, 99% used [0x0000000767880000,0x0000000769b4c898,0x0000000769b80000)
  to   space 48128K, 0% used [0x0000000763d80000,0x0000000763d80000,0x0000000766c80000)
 ParOldGen       total 174592K, used 83637K [0x0000000680000000, 0x000000068aa80000, 0x0000000755580000)
  object space 174592K, 47% used [0x0000000680000000,0x00000006851ad4c0,0x000000068aa80000)
 Metaspace       used 10109K, capacity 10220K, committed 10496K, reserved 1058816K
  class space    used 1161K, capacity 1178K, committed 1280K, reserved 1048576K
Event: 4.716 GC heap after
Heap after GC invocations=8 (full 1):
 PSYoungGen      total 285696K, used 48114K [0x0000000755580000, 0x000000076cd80000, 0x00000007c0000000)
  eden space 237568K, 0% used [0x0000000755580000,0x0000000755580000,0x0000000763d80000)
  from space 48128K, 99% used [0x0000000763d80000,0x0000000766c7c898,0x0000000766c80000)
  to   space 73728K, 0% used [0x0000000768580000,0x0000000768580000,0x000000076cd80000)
 ParOldGen       total 174592K, used 117441K [0x0000000680000000, 0x000000068aa80000, 0x0000000755580000)
  object space 174592K, 67% used [0x0000000680000000,0x00000006872b0400,0x000000068aa80000)
 Metaspace       used 10109K, capacity 10220K, committed 10496K, reserved 1058816K
  class space    used 1161K, capacity 1178K, committed 1280K, reserved 1048576K
}
Event: 6.309 GC heap before
{Heap before GC invocations=9 (full 1):
 PSYoungGen      total 285696K, used 285372K [0x0000000755580000, 0x000000076cd80000, 0x00000007c0000000)
  eden space 237568K, 99% used [0x0000000755580000,0x0000000763d329b0,0x0000000763d80000)
  from space 48128K, 99% used [0x0000000763d80000,0x0000000766c7c898,0x0000000766c80000)
  to   space 73728K, 0% used [0x0000000768580000,0x0000000768580000,0x000000076cd80000)
 ParOldGen       total 174592K, used 117441K [0x0000000680000000, 0x000000068aa80000, 0x0000000755580000)
  object space 174592K, 67% used [0x0000000680000000,0x00000006872b0400,0x000000068aa80000)
 Metaspace       used 10127K, capacity 10220K, committed 10496K, reserved 1058816K
  class space    used 1161K, capacity 1178K, committed 1280K, reserved 1048576K
Event: 6.393 GC heap after
Heap after GC invocations=9 (full 1):
 PSYoungGen      total 281600K, used 73712K [0x0000000755580000, 0x0000000776200000, 0x00000007c0000000)
  eden space 207872K, 0% used [0x0000000755580000,0x0000000755580000,0x0000000762080000)
  from space 73728K, 99% used [0x0000000768580000,0x000000076cd7c090,0x000000076cd80000)
  to   space 103424K, 0% used [0x0000000762080000,0x0000000762080000,0x0000000768580000)
 ParOldGen       total 174592K, used 154826K [0x0000000680000000, 0x000000068aa80000, 0x0000000755580000)
  object space 174592K, 88% used [0x0000000680000000,0x0000000689732b00,0x000000068aa80000)
 Metaspace       used 10127K, capacity 10220K, committed 10496K, reserved 1058816K
  class space    used 1161K, capacity 1178K, committed 1280K, reserved 1048576K
}
Event: 6.393 GC heap before
{Heap before GC invocations=10 (full 2):
 PSYoungGen      total 281600K, used 73712K [0x0000000755580000, 0x0000000776200000, 0x00000007c0000000)
  eden space 207872K, 0% used [0x0000000755580000,0x0000000755580000,0x0000000762080000)
  from space 73728K, 99% used [0x0000000768580000,0x000000076cd7c090,0x000000076cd80000)
  to   space 103424K, 0% used [0x0000000762080000,0x0000000762080000,0x0000000768580000)
 ParOldGen       total 174592K, used 154826K [0x0000000680000000, 0x000000068aa80000, 0x0000000755580000)
  object space 174592K, 88% used [0x0000000680000000,0x0000000689732b00,0x000000068aa80000)
 Metaspace       used 10127K, capacity 10220K, committed 10496K, reserved 1058816K
  class space    used 1161K, capacity 1178K, committed 1280K, reserved 1048576K

