# JRE version: OpenJDK Runtime Environment (8.0_144-b01) (build 1.8.0_144-b01)
# Java VM: OpenJDK 64-Bit Server VM (25.144-b01 mixed mode linux-amd64 compressed oops)
Heap:
 PSYoungGen      total 1152512K, used 33408K [0x0000000755580000, 0x00000007a5d00000, 0x00000007c0000000)
  eden space 986624K, 0% used [0x0000000755580000,0x0000000755580000,0x0000000791900000)
  from space 165888K, 20% used [0x0000000791900000,0x00000007939a0020,0x000000079bb00000)
  to   space 158720K, 0% used [0x000000079c200000,0x000000079c200000,0x00000007a5d00000)
 ParOldGen       total 1305600K, used 1034797K [0x0000000680000000, 0x00000006cfb00000, 0x0000000755580000)
  object space 1305600K, 79% used [0x0000000680000000,0x00000006bf28b470,0x00000006cfb00000)
 Metaspace       used 10643K, capacity 10802K, committed 11008K, reserved 1058816K
  class space    used 1189K, capacity 1243K, committed 1280K, reserved 1048576K
GC Heap History (10 events):
Event: 55.298 GC heap after
Heap after GC invocations=40 (full 6):
 PSYoungGen      total 1058304K, used 74213K [0x0000000755580000, 0x00000007a2600000, 0x00000007c0000000)
  eden space 881152K, 0% used [0x0000000755580000,0x0000000755580000,0x000000078b200000)
  from space 177152K, 41% used [0x0000000797900000,0x000000079c179610,0x00000007a2600000)
  to   space 190464K, 0% used [0x000000078b200000,0x000000078b200000,0x0000000796c00000)
 ParOldGen       total 1305600K, used 993781K [0x0000000680000000, 0x00000006cfb00000, 0x0000000755580000)
  object space 1305600K, 76% used [0x0000000680000000,0x00000006bca7d748,0x00000006cfb00000)
 Metaspace       used 10643K, capacity 10802K, committed 11008K, reserved 1058816K
  class space    used 1189K, capacity 1243K, committed 1280K, reserved 1048576K
}
Event: 56.209 GC heap before
{Heap before GC invocations=41 (full 6):
 PSYoungGen      total 1058304K, used 955365K [0x0000000755580000, 0x00000007a2600000, 0x00000007c0000000)
  eden space 881152K, 100% used [0x0000000755580000,0x000000078b200000,0x000000078b200000)
  from space 177152K, 41% used [0x0000000797900000,0x000000079c179610,0x00000007a2600000)
  to   space 190464K, 0% used [0x000000078b200000,0x000000078b200000,0x0000000796c00000)
 ParOldGen       total 1305600K, used 993781K [0x0000000680000000, 0x00000006cfb00000, 0x0000000755580000)
  object space 1305600K, 76% used [0x0000000680000000,0x00000006bca7d748,0x00000006cfb00000)
 Metaspace       used 10643K, capacity 10802K, committed 11008K, reserved 1058816K
  class space    used 1189K, capacity 1243K, committed 1280K, reserved 1048576K
Event: 56.271 GC heap after
Heap after GC invocations=41 (full 6):
 PSYoungGen      total 1071616K, used 74080K [0x0000000755580000, 0x00000007a4e00000, 0x00000007c0000000)
  eden space 881152K, 0% used [0x0000000755580000,0x0000000755580000,0x000000078b200000)
  from space 190464K, 38% used [0x000000078b200000,0x000000078fa58000,0x0000000796c00000)
  to   space 182272K, 0% used [0x0000000799c00000,0x0000000799c00000,0x00000007a4e00000)
 ParOldGen       total 1305600K, used 993781K [0x0000000680000000, 0x00000006cfb00000, 0x0000000755580000)
  object space 1305600K, 76% used [0x0000000680000000,0x00000006bca7d748,0x00000006cfb00000)
 Metaspace       used 10643K, capacity 10802K, committed 11008K, reserved 1058816K
  class space    used 1189K, capacity 1243K, committed 1280K, reserved 1048576K
}
Event: 58.115 GC heap before
{Heap before GC invocations=42 (full 6):
 PSYoungGen      total 1071616K, used 955232K [0x0000000755580000, 0x00000007a4e00000, 0x00000007c0000000)
  eden space 881152K, 100% used [0x0000000755580000,0x000000078b200000,0x000000078b200000)
  from space 190464K, 38% used [0x000000078b200000,0x000000078fa58000,0x0000000796c00000)
  to   space 182272K, 0% used [0x0000000799c00000,0x0000000799c00000,0x00000007a4e00000)
 ParOldGen       total 1305600K, used 993781K [0x0000000680000000, 0x00000006cfb00000, 0x0000000755580000)
  object space 1305600K, 76% used [0x0000000680000000,0x00000006bca7d748,0x00000006cfb00000)
 Metaspace       used 10643K, capacity 10802K, committed 11008K, reserved 1058816K
  class space    used 1189K, capacity 1243K, committed 1280K, reserved 1048576K
Event: 58.206 GC heap after
Heap after GC invocations=42 (full 6):
 PSYoungGen      total 1098240K, used 71627K [0x0000000755580000, 0x00000007a3b80000, 0x00000007c0000000)
  eden space 934912K, 0% used [0x0000000755580000,0x0000000755580000,0x000000078e680000)
  from space 163328K, 43% used [0x0000000799c00000,0x000000079e1f2ca0,0x00000007a3b80000)
  to   space 174592K, 0% used [0x000000078e680000,0x000000078e680000,0x0000000799100000)
 ParOldGen       total 1305600K, used 997450K [0x0000000680000000, 0x00000006cfb00000, 0x0000000755580000)
  object space 1305600K, 76% used [0x0000000680000000,0x00000006bce12958,0x00000006cfb00000)
 Metaspace       used 10643K, capacity 10802K, committed 11008K, reserved 1058816K
  class space    used 1189K, capacity 1243K, committed 1280K, reserved 1048576K
}
Event: 59.690 GC heap before
{Heap before GC invocations=43 (full 6):
 PSYoungGen      total 1098240K, used 1006144K [0x0000000755580000, 0x00000007a3b80000, 0x00000007c0000000)
  eden space 934912K, 99% used [0x0000000755580000,0x000000078e61d708,0x000000078e680000)
  from space 163328K, 43% used [0x0000000799c00000,0x000000079e1f2ca0,0x00000007a3b80000)
  to   space 174592K, 0% used [0x000000078e680000,0x000000078e680000,0x0000000799100000)
 ParOldGen       total 1305600K, used 997450K [0x0000000680000000, 0x00000006cfb00000, 0x0000000755580000)
  object space 1305600K, 76% used [0x0000000680000000,0x00000006bce12958,0x00000006cfb00000)
 Metaspace       used 10643K, capacity 10802K, committed 11008K, reserved 1058816K
  class space    used 1189K, capacity 1243K, committed 1280K, reserved 1048576K
Event: 59.774 GC heap after
Heap after GC invocations=43 (full 6):
 PSYoungGen      total 1109504K, used 60960K [0x0000000755580000, 0x00000007a6780000, 0x00000007c0000000)
  eden space 934912K, 0% used [0x0000000755580000,0x0000000755580000,0x000000078e680000)
  from space 174592K, 34% used [0x000000078e680000,0x0000000792208000,0x0000000799100000)
  to   space 169472K, 0% used [0x000000079c200000,0x000000079c200000,0x00000007a6780000)
 ParOldGen       total 1305600K, used 1005360K [0x0000000680000000, 0x00000006cfb00000, 0x0000000755580000)
  object space 1305600K, 77% used [0x0000000680000000,0x00000006bd5cc260,0x00000006cfb00000)
 Metaspace       used 10643K, capacity 10802K, committed 11008K, reserved 1058816K
  class space    used 1189K, capacity 1243K, committed 1280K, reserved 1048576K
}
Event: 61.589 GC heap before
{Heap before GC invocations=44 (full 6):
 PSYoungGen      total 1109504K, used 995872K [0x0000000755580000, 0x00000007a6780000, 0x00000007c0000000)
  eden space 934912K, 100% used [0x0000000755580000,0x000000078e680000,0x000000078e680000)
  from space 174592K, 34% used [0x000000078e680000,0x0000000792208000,0x0000000799100000)
  to   space 169472K, 0% used [0x000000079c200000,0x000000079c200000,0x00000007a6780000)
 ParOldGen       total 1305600K, used 1005360K [0x0000000680000000, 0x00000006cfb00000, 0x0000000755580000)
  object space 1305600K, 77% used [0x0000000680000000,0x00000006bd5cc260,0x00000006cfb00000)
 Metaspace       used 10643K, capacity 10802K, committed 11008K, reserved 1058816K
  class space    used 1189K, capacity 1243K, committed 1280K, reserved 1048576K
Event: 61.665 GC heap after
Heap after GC invocations=44 (full 6):
 PSYoungGen      total 1145344K, used 48901K [0x0000000755580000, 0x00000007a5d00000, 0x00000007c0000000)
  eden space 986624K, 0% used [0x0000000755580000,0x0000000755580000,0x0000000791900000)
  from space 158720K, 30% used [0x000000079c200000,0x000000079f1c1630,0x00000007a5d00000)
  to   space 165888K, 0% used [0x0000000791900000,0x0000000791900000,0x000000079bb00000)
 ParOldGen       total 1305600K, used 1019957K [0x0000000680000000, 0x00000006cfb00000, 0x0000000755580000)
  object space 1305600K, 78% used [0x0000000680000000,0x00000006be40d470,0x00000006cfb00000)
 Metaspace       used 10643K, capacity 10802K, committed 11008K, reserved 1058816K
  class space    used 1189K, capacity 1243K, committed 1280K, reserved 1048576K
}
Event: 63.214 GC heap before
{Heap before GC invocations=45 (full 6):
 PSYoungGen      total 1145344K, used 1035525K [0x0000000755580000, 0x00000007a5d00000, 0x00000007c0000000)
  eden space 986624K, 100% used [0x0000000755580000,0x0000000791900000,0x0000000791900000)
  from space 158720K, 30% used [0x000000079c200000,0x000000079f1c1630,0x00000007a5d00000)
  to   space 165888K, 0% used [0x0000000791900000,0x0000000791900000,0x000000079bb00000)
 ParOldGen       total 1305600K, used 1019957K [0x0000000680000000, 0x00000006cfb00000, 0x0000000755580000)
  object space 1305600K, 78% used [0x0000000680000000,0x00000006be40d470,0x00000006cfb00000)
 Metaspace       used 10643K, capacity 10802K, committed 11008K, reserved 1058816K
  class space    used 1189K, capacity 1243K, committed 1280K, reserved 1048576K

