# JRE version: OpenJDK Runtime Environment (8.0_144-b01) (build 1.8.0_144-b01)
# Java VM: OpenJDK 64-Bit Server VM (25.144-b01 mixed mode linux-amd64 compressed oops)
Heap:
 PSYoungGen      total 535040K, used 28144K [0x000000076ab00000, 0x000000078d100000, 0x00000007c0000000)
  eden space 506880K, 0% used [0x000000076ab00000,0x000000076ab00000,0x0000000789a00000)
  from space 28160K, 99% used [0x0000000789a00000,0x000000078b57c210,0x000000078b580000)
  to   space 28160K, 0% used [0x000000078b580000,0x000000078b580000,0x000000078d100000)
 ParOldGen       total 84992K, used 59650K [0x00000006c0000000, 0x00000006c5300000, 0x000000076ab00000)
  object space 84992K, 70% used [0x00000006c0000000,0x00000006c3a40870,0x00000006c5300000)
 Metaspace       used 17295K, capacity 17494K, committed 17664K, reserved 1064960K
  class space    used 2118K, capacity 2227K, committed 2304K, reserved 1048576K
GC Heap History (10 events):
Event: 2.443 GC heap after
Heap after GC invocations=4 (full 0):
 PSYoungGen      total 132096K, used 5109K [0x000000076ab00000, 0x0000000773100000, 0x00000007c0000000)
  eden space 126976K, 0% used [0x000000076ab00000,0x000000076ab00000,0x0000000772700000)
  from space 5120K, 99% used [0x0000000772c00000,0x00000007730fd4c0,0x0000000773100000)
  to   space 5120K, 0% used [0x0000000772700000,0x0000000772700000,0x0000000772c00000)
 ParOldGen       total 84992K, used 45762K [0x00000006c0000000, 0x00000006c5300000, 0x000000076ab00000)
  object space 84992K, 53% used [0x00000006c0000000,0x00000006c2cb0b50,0x00000006c5300000)
 Metaspace       used 17094K, capacity 17264K, committed 17408K, reserved 1064960K
  class space    used 2100K, capacity 2194K, committed 2304K, reserved 1048576K
}
Event: 6.313 GC heap before
{Heap before GC invocations=5 (full 0):
 PSYoungGen      total 132096K, used 131675K [0x000000076ab00000, 0x0000000773100000, 0x00000007c0000000)
  eden space 126976K, 99% used [0x000000076ab00000,0x00000007726997b0,0x0000000772700000)
  from space 5120K, 99% used [0x0000000772c00000,0x00000007730fd4c0,0x0000000773100000)
  to   space 5120K, 0% used [0x0000000772700000,0x0000000772700000,0x0000000772c00000)
 ParOldGen       total 84992K, used 45762K [0x00000006c0000000, 0x00000006c5300000, 0x000000076ab00000)
  object space 84992K, 53% used [0x00000006c0000000,0x00000006c2cb0b50,0x00000006c5300000)
 Metaspace       used 17153K, capacity 17398K, committed 17664K, reserved 1064960K
  class space    used 2111K, capacity 2195K, committed 2304K, reserved 1048576K
Event: 6.358 GC heap after
Heap after GC invocations=5 (full 0):
 PSYoungGen      total 132096K, used 5109K [0x000000076ab00000, 0x000000077d900000, 0x00000007c0000000)
  eden space 126976K, 0% used [0x000000076ab00000,0x000000076ab00000,0x0000000772700000)
  from space 5120K, 99% used [0x0000000772700000,0x0000000772bfd4a0,0x0000000772c00000)
  to   space 27648K, 0% used [0x000000077be00000,0x000000077be00000,0x000000077d900000)
 ParOldGen       total 84992K, used 50135K [0x00000006c0000000, 0x00000006c5300000, 0x000000076ab00000)
  object space 84992K, 58% used [0x00000006c0000000,0x00000006c30f5d40,0x00000006c5300000)
 Metaspace       used 17153K, capacity 17398K, committed 17664K, reserved 1064960K
  class space    used 2111K, capacity 2195K, committed 2304K, reserved 1048576K
}
Event: 7.567 GC heap before
{Heap before GC invocations=6 (full 0):
 PSYoungGen      total 132096K, used 130292K [0x000000076ab00000, 0x000000077d900000, 0x00000007c0000000)
  eden space 126976K, 98% used [0x000000076ab00000,0x000000077253fd70,0x0000000772700000)
  from space 5120K, 99% used [0x0000000772700000,0x0000000772bfd4a0,0x0000000772c00000)
  to   space 27648K, 0% used [0x000000077be00000,0x000000077be00000,0x000000077d900000)
 ParOldGen       total 84992K, used 50135K [0x00000006c0000000, 0x00000006c5300000, 0x000000076ab00000)
  object space 84992K, 58% used [0x00000006c0000000,0x00000006c30f5d40,0x00000006c5300000)
 Metaspace       used 17158K, capacity 17398K, committed 17664K, reserved 1064960K
  class space    used 2111K, capacity 2195K, committed 2304K, reserved 1048576K
Event: 7.588 GC heap after
Heap after GC invocations=6 (full 0):
 PSYoungGen      total 281088K, used 6238K [0x000000076ab00000, 0x000000077da00000, 0x00000007c0000000)
  eden space 253440K, 0% used [0x000000076ab00000,0x000000076ab00000,0x000000077a280000)
  from space 27648K, 22% used [0x000000077be00000,0x000000077c4178b8,0x000000077d900000)
  to   space 28160K, 0% used [0x000000077a280000,0x000000077a280000,0x000000077be00000)
 ParOldGen       total 84992K, used 50135K [0x00000006c0000000, 0x00000006c5300000, 0x000000076ab00000)
  object space 84992K, 58% used [0x00000006c0000000,0x00000006c30f5d40,0x00000006c5300000)
 Metaspace       used 17158K, capacity 17398K, committed 17664K, reserved 1064960K
  class space    used 2111K, capacity 2195K, committed 2304K, reserved 1048576K
}
Event: 10.256 GC heap before
{Heap before GC invocations=7 (full 0):
 PSYoungGen      total 281088K, used 258996K [0x000000076ab00000, 0x000000077da00000, 0x00000007c0000000)
  eden space 253440K, 99% used [0x000000076ab00000,0x000000077a1d5ac0,0x000000077a280000)
  from space 27648K, 22% used [0x000000077be00000,0x000000077c4178b8,0x000000077d900000)
  to   space 28160K, 0% used [0x000000077a280000,0x000000077a280000,0x000000077be00000)
 ParOldGen       total 84992K, used 50135K [0x00000006c0000000, 0x00000006c5300000, 0x000000076ab00000)
  object space 84992K, 58% used [0x00000006c0000000,0x00000006c30f5d40,0x00000006c5300000)
 Metaspace       used 17188K, capacity 17398K, committed 17664K, reserved 1064960K
  class space    used 2111K, capacity 2195K, committed 2304K, reserved 1048576K
Event: 10.275 GC heap after
Heap after GC invocations=7 (full 0):
 PSYoungGen      total 281600K, used 4782K [0x000000076ab00000, 0x000000078d100000, 0x00000007c0000000)
  eden space 253440K, 0% used [0x000000076ab00000,0x000000076ab00000,0x000000077a280000)
  from space 28160K, 16% used [0x000000077a280000,0x000000077a72b880,0x000000077be00000)
  to   space 28160K, 0% used [0x000000078b580000,0x000000078b580000,0x000000078d100000)
 ParOldGen       total 84992K, used 52703K [0x00000006c0000000, 0x00000006c5300000, 0x000000076ab00000)
  object space 84992K, 62% used [0x00000006c0000000,0x00000006c3377ea0,0x00000006c5300000)
 Metaspace       used 17188K, capacity 17398K, committed 17664K, reserved 1064960K
  class space    used 2111K, capacity 2195K, committed 2304K, reserved 1048576K
}
Event: 12.688 GC heap before
{Heap before GC invocations=8 (full 0):
 PSYoungGen      total 281600K, used 257903K [0x000000076ab00000, 0x000000078d100000, 0x00000007c0000000)
  eden space 253440K, 99% used [0x000000076ab00000,0x000000077a230708,0x000000077a280000)
  from space 28160K, 16% used [0x000000077a280000,0x000000077a72b880,0x000000077be00000)
  to   space 28160K, 0% used [0x000000078b580000,0x000000078b580000,0x000000078d100000)
 ParOldGen       total 84992K, used 52703K [0x00000006c0000000, 0x00000006c5300000, 0x000000076ab00000)
  object space 84992K, 62% used [0x00000006c0000000,0x00000006c3377ea0,0x00000006c5300000)
 Metaspace       used 17208K, capacity 17398K, committed 17664K, reserved 1064960K
  class space    used 2111K, capacity 2195K, committed 2304K, reserved 1048576K
Event: 12.699 GC heap after
Heap after GC invocations=8 (full 0):
 PSYoungGen      total 535040K, used 1321K [0x000000076ab00000, 0x000000078d100000, 0x00000007c0000000)
  eden space 506880K, 0% used [0x000000076ab00000,0x000000076ab00000,0x0000000789a00000)
  from space 28160K, 4% used [0x000000078b580000,0x000000078b6ca418,0x000000078d100000)
  to   space 28160K, 0% used [0x0000000789a00000,0x0000000789a00000,0x000000078b580000)
 ParOldGen       total 84992K, used 54857K [0x00000006c0000000, 0x00000006c5300000, 0x000000076ab00000)
  object space 84992K, 64% used [0x00000006c0000000,0x00000006c35927a0,0x00000006c5300000)
 Metaspace       used 17208K, capacity 17398K, committed 17664K, reserved 1064960K
  class space    used 2111K, capacity 2195K, committed 2304K, reserved 1048576K
}
Event: 16.375 GC heap before
{Heap before GC invocations=9 (full 0):
 PSYoungGen      total 535040K, used 508201K [0x000000076ab00000, 0x000000078d100000, 0x00000007c0000000)
  eden space 506880K, 100% used [0x000000076ab00000,0x0000000789a00000,0x0000000789a00000)
  from space 28160K, 4% used [0x000000078b580000,0x000000078b6ca418,0x000000078d100000)
  to   space 28160K, 0% used [0x0000000789a00000,0x0000000789a00000,0x000000078b580000)
 ParOldGen       total 84992K, used 54857K [0x00000006c0000000, 0x00000006c5300000, 0x000000076ab00000)
  object space 84992K, 64% used [0x00000006c0000000,0x00000006c35927a0,0x00000006c5300000)
 Metaspace       used 17295K, capacity 17494K, committed 17664K, reserved 1064960K
  class space    used 2118K, capacity 2227K, committed 2304K, reserved 1048576K

