# JRE version: OpenJDK Runtime Environment (8.0_144-b01) (build 1.8.0_144-b01)
# Java VM: OpenJDK 64-Bit Server VM (25.144-b01 mixed mode linux-amd64 compressed oops)
Heap:
 PSYoungGen      total 845824K, used 0K [0x000000076ab00000, 0x00000007bdd80000, 0x00000007c0000000)
  eden space 707072K, 0% used [0x000000076ab00000,0x000000076ab00000,0x0000000795d80000)
  from space 138752K, 0% used [0x0000000795d80000,0x0000000795d80000,0x000000079e500000)
  to   space 327680K, 0% used [0x00000007a9d80000,0x00000007a9d80000,0x00000007bdd80000)
 ParOldGen       total 559616K, used 258905K [0x00000006c0000000, 0x00000006e2280000, 0x000000076ab00000)
  object space 559616K, 46% used [0x00000006c0000000,0x00000006cfcd6468,0x00000006e2280000)
 Metaspace       used 17622K, capacity 17834K, committed 18176K, reserved 1064960K
  class space    used 2133K, capacity 2232K, committed 2304K, reserved 1048576K
GC Heap History (10 events):
Event: 88.081 GC heap after
Heap after GC invocations=95 (full 12):
 PSYoungGen      total 1078272K, used 205800K [0x000000076ab00000, 0x00000007c0000000, 0x00000007c0000000)
  eden space 798208K, 0% used [0x000000076ab00000,0x000000076ab00000,0x000000079b680000)
  from space 280064K, 73% used [0x000000079b680000,0x00000007a7f7a268,0x00000007ac800000)
  to   space 295424K, 0% used [0x00000007adf80000,0x00000007adf80000,0x00000007c0000000)
 ParOldGen       total 559616K, used 231981K [0x00000006c0000000, 0x00000006e2280000, 0x000000076ab00000)
  object space 559616K, 41% used [0x00000006c0000000,0x00000006ce28b650,0x00000006e2280000)
 Metaspace       used 17622K, capacity 17834K, committed 18176K, reserved 1064960K
  class space    used 2133K, capacity 2232K, committed 2304K, reserved 1048576K
}
Event: 88.521 GC heap before
{Heap before GC invocations=96 (full 12):
 PSYoungGen      total 1078272K, used 1004008K [0x000000076ab00000, 0x00000007c0000000, 0x00000007c0000000)
  eden space 798208K, 100% used [0x000000076ab00000,0x000000079b680000,0x000000079b680000)
  from space 280064K, 73% used [0x000000079b680000,0x00000007a7f7a268,0x00000007ac800000)
  to   space 295424K, 0% used [0x00000007adf80000,0x00000007adf80000,0x00000007c0000000)
 ParOldGen       total 559616K, used 231981K [0x00000006c0000000, 0x00000006e2280000, 0x000000076ab00000)
  object space 559616K, 41% used [0x00000006c0000000,0x00000006ce28b650,0x00000006e2280000)
 Metaspace       used 17622K, capacity 17834K, committed 18176K, reserved 1064960K
  class space    used 2133K, capacity 2232K, committed 2304K, reserved 1048576K
Event: 88.624 GC heap after
Heap after GC invocations=96 (full 12):
 PSYoungGen      total 1041920K, used 255659K [0x000000076ab00000, 0x00000007c0000000, 0x00000007c0000000)
  eden space 746496K, 0% used [0x000000076ab00000,0x000000076ab00000,0x0000000798400000)
  from space 295424K, 86% used [0x00000007adf80000,0x00000007bd92afa8,0x00000007c0000000)
  to   space 325632K, 0% used [0x0000000798400000,0x0000000798400000,0x00000007ac200000)
 ParOldGen       total 559616K, used 231981K [0x00000006c0000000, 0x00000006e2280000, 0x000000076ab00000)
  object space 559616K, 41% used [0x00000006c0000000,0x00000006ce28b650,0x00000006e2280000)
 Metaspace       used 17622K, capacity 17834K, committed 18176K, reserved 1064960K
  class space    used 2133K, capacity 2232K, committed 2304K, reserved 1048576K
}
Event: 89.008 GC heap before
{Heap before GC invocations=97 (full 12):
 PSYoungGen      total 1041920K, used 1002155K [0x000000076ab00000, 0x00000007c0000000, 0x00000007c0000000)
  eden space 746496K, 100% used [0x000000076ab00000,0x0000000798400000,0x0000000798400000)
  from space 295424K, 86% used [0x00000007adf80000,0x00000007bd92afa8,0x00000007c0000000)
  to   space 325632K, 0% used [0x0000000798400000,0x0000000798400000,0x00000007ac200000)
 ParOldGen       total 559616K, used 231981K [0x00000006c0000000, 0x00000006e2280000, 0x000000076ab00000)
  object space 559616K, 41% used [0x00000006c0000000,0x00000006ce28b650,0x00000006e2280000)
 Metaspace       used 17622K, capacity 17834K, committed 18176K, reserved 1064960K
  class space    used 2133K, capacity 2232K, committed 2304K, reserved 1048576K
Event: 89.116 GC heap after
Heap after GC invocations=97 (full 12):
 PSYoungGen      total 995840K, used 249078K [0x000000076ab00000, 0x00000007c0000000, 0x00000007c0000000)
  eden space 746496K, 0% used [0x000000076ab00000,0x000000076ab00000,0x0000000798400000)
  from space 249344K, 99% used [0x0000000798400000,0x00000007a773da20,0x00000007a7780000)
  to   space 347136K, 0% used [0x00000007aad00000,0x00000007aad00000,0x00000007c0000000)
 ParOldGen       total 559616K, used 285852K [0x00000006c0000000, 0x00000006e2280000, 0x000000076ab00000)
  object space 559616K, 51% used [0x00000006c0000000,0x00000006d1727248,0x00000006e2280000)
 Metaspace       used 17622K, capacity 17834K, committed 18176K, reserved 1064960K
  class space    used 2133K, capacity 2232K, committed 2304K, reserved 1048576K
}
Event: 89.837 GC heap before
{Heap before GC invocations=98 (full 12):
 PSYoungGen      total 995840K, used 995574K [0x000000076ab00000, 0x00000007c0000000, 0x00000007c0000000)
  eden space 746496K, 100% used [0x000000076ab00000,0x0000000798400000,0x0000000798400000)
  from space 249344K, 99% used [0x0000000798400000,0x00000007a773da20,0x00000007a7780000)
  to   space 347136K, 0% used [0x00000007aad00000,0x00000007aad00000,0x00000007c0000000)
 ParOldGen       total 559616K, used 285852K [0x00000006c0000000, 0x00000006e2280000, 0x000000076ab00000)
  object space 559616K, 51% used [0x00000006c0000000,0x00000006d1727248,0x00000006e2280000)
 Metaspace       used 17622K, capacity 17834K, committed 18176K, reserved 1064960K
  class space    used 2133K, capacity 2232K, committed 2304K, reserved 1048576K
Event: 89.963 GC heap after
Heap after GC invocations=98 (full 12):
 PSYoungGen      total 1054208K, used 195266K [0x000000076ab00000, 0x00000007c0000000, 0x00000007c0000000)
  eden space 707072K, 0% used [0x000000076ab00000,0x000000076ab00000,0x0000000795d80000)
  from space 347136K, 56% used [0x00000007aad00000,0x00000007b6bb0bd0,0x00000007c0000000)
  to   space 343552K, 0% used [0x0000000795d80000,0x0000000795d80000,0x00000007aad00000)
 ParOldGen       total 559616K, used 386431K [0x00000006c0000000, 0x00000006e2280000, 0x000000076ab00000)
  object space 559616K, 69% used [0x00000006c0000000,0x00000006d795fd68,0x00000006e2280000)
 Metaspace       used 17622K, capacity 17834K, committed 18176K, reserved 1064960K
  class space    used 2133K, capacity 2232K, committed 2304K, reserved 1048576K
}
Event: 90.371 GC heap before
{Heap before GC invocations=99 (full 12):
 PSYoungGen      total 1054208K, used 902338K [0x000000076ab00000, 0x00000007c0000000, 0x00000007c0000000)
  eden space 707072K, 100% used [0x000000076ab00000,0x0000000795d80000,0x0000000795d80000)
  from space 347136K, 56% used [0x00000007aad00000,0x00000007b6bb0bd0,0x00000007c0000000)
  to   space 343552K, 0% used [0x0000000795d80000,0x0000000795d80000,0x00000007aad00000)
 ParOldGen       total 559616K, used 386431K [0x00000006c0000000, 0x00000006e2280000, 0x000000076ab00000)
  object space 559616K, 69% used [0x00000006c0000000,0x00000006d795fd68,0x00000006e2280000)
 Metaspace       used 17622K, capacity 17834K, committed 18176K, reserved 1064960K
  class space    used 2133K, capacity 2232K, committed 2304K, reserved 1048576K
Event: 90.470 GC heap after
Heap after GC invocations=99 (full 12):
 PSYoungGen      total 845824K, used 138689K [0x000000076ab00000, 0x00000007bdd80000, 0x00000007c0000000)
  eden space 707072K, 0% used [0x000000076ab00000,0x000000076ab00000,0x0000000795d80000)
  from space 138752K, 99% used [0x0000000795d80000,0x000000079e4f07c0,0x000000079e500000)
  to   space 327680K, 0% used [0x00000007a9d80000,0x00000007a9d80000,0x00000007bdd80000)
 ParOldGen       total 559616K, used 486650K [0x00000006c0000000, 0x00000006e2280000, 0x000000076ab00000)
  object space 559616K, 86% used [0x00000006c0000000,0x00000006ddb3e888,0x00000006e2280000)
 Metaspace       used 17622K, capacity 17834K, committed 18176K, reserved 1064960K
  class space    used 2133K, capacity 2232K, committed 2304K, reserved 1048576K
}
Event: 90.470 GC heap before
{Heap before GC invocations=100 (full 13):
 PSYoungGen      total 845824K, used 138689K [0x000000076ab00000, 0x00000007bdd80000, 0x00000007c0000000)
  eden space 707072K, 0% used [0x000000076ab00000,0x000000076ab00000,0x0000000795d80000)
  from space 138752K, 99% used [0x0000000795d80000,0x000000079e4f07c0,0x000000079e500000)
  to   space 327680K, 0% used [0x00000007a9d80000,0x00000007a9d80000,0x00000007bdd80000)
 ParOldGen       total 559616K, used 486650K [0x00000006c0000000, 0x00000006e2280000, 0x000000076ab00000)
  object space 559616K, 86% used [0x00000006c0000000,0x00000006ddb3e888,0x00000006e2280000)
 Metaspace       used 17622K, capacity 17834K, committed 18176K, reserved 1064960K
  class space    used 2133K, capacity 2232K, committed 2304K, reserved 1048576K

