# JRE version: OpenJDK Runtime Environment (8.0_144-b01) (build 1.8.0_144-b01)
# Java VM: OpenJDK 64-Bit Server VM (25.144-b01 mixed mode linux-amd64 compressed oops)
Heap:
 PSYoungGen      total 1598976K, used 412K [0x0000000755580000, 0x00000007bfe00000, 0x00000007c0000000)
  eden space 1452544K, 0% used [0x0000000755580000,0x0000000755580000,0x00000007ae000000)
  from space 146432K, 0% used [0x00000007b6e80000,0x00000007b6ee7248,0x00000007bfd80000)
  to   space 145920K, 0% used [0x00000007ae000000,0x00000007ae000000,0x00000007b6e80000)
 ParOldGen       total 645632K, used 645434K [0x0000000680000000, 0x00000006a7680000, 0x0000000755580000)
  object space 645632K, 99% used [0x0000000680000000,0x00000006a764eae8,0x00000006a7680000)
 Metaspace       used 11884K, capacity 11972K, committed 12160K, reserved 1060864K
  class space    used 1296K, capacity 1310K, committed 1408K, reserved 1048576K
GC Heap History (10 events):
Event: 165.582 GC heap after
Heap after GC invocations=78 (full 4):
 PSYoungGen      total 1595392K, used 108938K [0x0000000755580000, 0x00000007bfc00000, 0x00000007c0000000)
  eden space 1449472K, 0% used [0x0000000755580000,0x0000000755580000,0x00000007add00000)
  from space 145920K, 74% used [0x00000007b6d00000,0x00000007bd762868,0x00000007bfb80000)
  to   space 146944K, 0% used [0x00000007add00000,0x00000007add00000,0x00000007b6c80000)
 ParOldGen       total 645632K, used 633873K [0x0000000680000000, 0x00000006a7680000, 0x0000000755580000)
  object space 645632K, 98% used [0x0000000680000000,0x00000006a6b046e0,0x00000006a7680000)
 Metaspace       used 11883K, capacity 11972K, committed 12160K, reserved 1060864K
  class space    used 1296K, capacity 1310K, committed 1408K, reserved 1048576K
}
Event: 175.853 GC heap before
{Heap before GC invocations=79 (full 4):
 PSYoungGen      total 1595392K, used 1558410K [0x0000000755580000, 0x00000007bfc00000, 0x00000007c0000000)
  eden space 1449472K, 100% used [0x0000000755580000,0x00000007add00000,0x00000007add00000)
  from space 145920K, 74% used [0x00000007b6d00000,0x00000007bd762868,0x00000007bfb80000)
  to   space 146944K, 0% used [0x00000007add00000,0x00000007add00000,0x00000007b6c80000)
 ParOldGen       total 645632K, used 633873K [0x0000000680000000, 0x00000006a7680000, 0x0000000755580000)
  object space 645632K, 98% used [0x0000000680000000,0x00000006a6b046e0,0x00000006a7680000)
 Metaspace       used 11883K, capacity 11972K, committed 12160K, reserved 1060864K
  class space    used 1296K, capacity 1310K, committed 1408K, reserved 1048576K
Event: 175.903 GC heap after
Heap after GC invocations=79 (full 4):
 PSYoungGen      total 1596416K, used 48275K [0x0000000755580000, 0x00000007c0000000, 0x00000007c0000000)
  eden space 1449472K, 0% used [0x0000000755580000,0x0000000755580000,0x00000007add00000)
  from space 146944K, 32% used [0x00000007add00000,0x00000007b0c24c98,0x00000007b6c80000)
  to   space 148992K, 0% used [0x00000007b6e80000,0x00000007b6e80000,0x00000007c0000000)
 ParOldGen       total 645632K, used 635969K [0x0000000680000000, 0x00000006a7680000, 0x0000000755580000)
  object space 645632K, 98% used [0x0000000680000000,0x00000006a6d106e0,0x00000006a7680000)
 Metaspace       used 11883K, capacity 11972K, committed 12160K, reserved 1060864K
  class space    used 1296K, capacity 1310K, committed 1408K, reserved 1048576K
}
Event: 179.889 GC heap before
{Heap before GC invocations=80 (full 4):
 PSYoungGen      total 1596416K, used 1497747K [0x0000000755580000, 0x00000007c0000000, 0x00000007c0000000)
  eden space 1449472K, 100% used [0x0000000755580000,0x00000007add00000,0x00000007add00000)
  from space 146944K, 32% used [0x00000007add00000,0x00000007b0c24c98,0x00000007b6c80000)
  to   space 148992K, 0% used [0x00000007b6e80000,0x00000007b6e80000,0x00000007c0000000)
 ParOldGen       total 645632K, used 635969K [0x0000000680000000, 0x00000006a7680000, 0x0000000755580000)
  object space 645632K, 98% used [0x0000000680000000,0x00000006a6d106e0,0x00000006a7680000)
 Metaspace       used 11884K, capacity 11972K, committed 12160K, reserved 1060864K
  class space    used 1296K, capacity 1310K, committed 1408K, reserved 1048576K
Event: 179.942 GC heap after
Heap after GC invocations=80 (full 4):
 PSYoungGen      total 1598976K, used 62096K [0x0000000755580000, 0x00000007bff00000, 0x00000007c0000000)
  eden space 1451008K, 0% used [0x0000000755580000,0x0000000755580000,0x00000007ade80000)
  from space 147968K, 41% used [0x00000007b6e80000,0x00000007bab24250,0x00000007bff00000)
  to   space 147456K, 0% used [0x00000007ade80000,0x00000007ade80000,0x00000007b6e80000)
 ParOldGen       total 645632K, used 638097K [0x0000000680000000, 0x00000006a7680000, 0x0000000755580000)
  object space 645632K, 98% used [0x0000000680000000,0x00000006a6f246e0,0x00000006a7680000)
 Metaspace       used 11884K, capacity 11972K, committed 12160K, reserved 1060864K
  class space    used 1296K, capacity 1310K, committed 1408K, reserved 1048576K
}
Event: 183.741 GC heap before
{Heap before GC invocations=81 (full 4):
 PSYoungGen      total 1598976K, used 1513104K [0x0000000755580000, 0x00000007bff00000, 0x00000007c0000000)
  eden space 1451008K, 100% used [0x0000000755580000,0x00000007ade80000,0x00000007ade80000)
  from space 147968K, 41% used [0x00000007b6e80000,0x00000007bab24250,0x00000007bff00000)
  to   space 147456K, 0% used [0x00000007ade80000,0x00000007ade80000,0x00000007b6e80000)
 ParOldGen       total 645632K, used 638097K [0x0000000680000000, 0x00000006a7680000, 0x0000000755580000)
  object space 645632K, 98% used [0x0000000680000000,0x00000006a6f246e0,0x00000006a7680000)
 Metaspace       used 11884K, capacity 11972K, committed 12160K, reserved 1060864K
  class space    used 1296K, capacity 1310K, committed 1408K, reserved 1048576K
Event: 183.825 GC heap after
Heap after GC invocations=81 (full 4):
 PSYoungGen      total 1598464K, used 99743K [0x0000000755580000, 0x00000007bfd80000, 0x00000007c0000000)
  eden space 1451008K, 0% used [0x0000000755580000,0x0000000755580000,0x00000007ade80000)
  from space 147456K, 67% used [0x00000007ade80000,0x00000007b3fe7e38,0x00000007b6e80000)
  to   space 146432K, 0% used [0x00000007b6e80000,0x00000007b6e80000,0x00000007bfd80000)
 ParOldGen       total 645632K, used 639833K [0x0000000680000000, 0x00000006a7680000, 0x0000000755580000)
  object space 645632K, 99% used [0x0000000680000000,0x00000006a70d66e0,0x00000006a7680000)
 Metaspace       used 11884K, capacity 11972K, committed 12160K, reserved 1060864K
  class space    used 1296K, capacity 1310K, committed 1408K, reserved 1048576K
}
Event: 188.215 GC heap before
{Heap before GC invocations=82 (full 4):
 PSYoungGen      total 1598464K, used 1550751K [0x0000000755580000, 0x00000007bfd80000, 0x00000007c0000000)
  eden space 1451008K, 100% used [0x0000000755580000,0x00000007ade80000,0x00000007ade80000)
  from space 147456K, 67% used [0x00000007ade80000,0x00000007b3fe7e38,0x00000007b6e80000)
  to   space 146432K, 0% used [0x00000007b6e80000,0x00000007b6e80000,0x00000007bfd80000)
 ParOldGen       total 645632K, used 639833K [0x0000000680000000, 0x00000006a7680000, 0x0000000755580000)
  object space 645632K, 99% used [0x0000000680000000,0x00000006a70d66e0,0x00000006a7680000)
 Metaspace       used 11884K, capacity 11972K, committed 12160K, reserved 1060864K
  class space    used 1296K, capacity 1310K, committed 1408K, reserved 1048576K
Event: 188.268 GC heap after
Heap after GC invocations=82 (full 4):
 PSYoungGen      total 1598976K, used 55325K [0x0000000755580000, 0x00000007bfe00000, 0x00000007c0000000)
  eden space 1452544K, 0% used [0x0000000755580000,0x0000000755580000,0x00000007ae000000)
  from space 146432K, 37% used [0x00000007b6e80000,0x00000007ba4876c8,0x00000007bfd80000)
  to   space 145920K, 0% used [0x00000007ae000000,0x00000007ae000000,0x00000007b6e80000)
 ParOldGen       total 645632K, used 642553K [0x0000000680000000, 0x00000006a7680000, 0x0000000755580000)
  object space 645632K, 99% used [0x0000000680000000,0x00000006a737e6e0,0x00000006a7680000)
 Metaspace       used 11884K, capacity 11972K, committed 12160K, reserved 1060864K
  class space    used 1296K, capacity 1310K, committed 1408K, reserved 1048576K
}
Event: 188.274 GC heap before
{Heap before GC invocations=83 (full 5):
 PSYoungGen      total 1598976K, used 55325K [0x0000000755580000, 0x00000007bfe00000, 0x00000007c0000000)
  eden space 1452544K, 0% used [0x0000000755580000,0x0000000755580000,0x00000007ae000000)
  from space 146432K, 37% used [0x00000007b6e80000,0x00000007ba4876c8,0x00000007bfd80000)
  to   space 145920K, 0% used [0x00000007ae000000,0x00000007ae000000,0x00000007b6e80000)
 ParOldGen       total 645632K, used 642553K [0x0000000680000000, 0x00000006a7680000, 0x0000000755580000)
  object space 645632K, 99% used [0x0000000680000000,0x00000006a737e6e0,0x00000006a7680000)
 Metaspace       used 11884K, capacity 11972K, committed 12160K, reserved 1060864K
  class space    used 1296K, capacity 1310K, committed 1408K, reserved 1048576K

