# JRE version: OpenJDK Runtime Environment (9.0) (build 9-internal+0-2016-04-14-195246.buildd.src)
# Java VM: OpenJDK 64-Bit Server VM (9-internal+0-2016-04-14-195246.buildd.src, mixed mode, tiered, compressed oops, g1 gc, linux-amd64)
Heap:
 garbage-first heap   total 186368K, used 69267K [0x00000006c0000000, 0x00000006c01005b0, 0x00000007c0000000)
  region size 1024K, 26 young (26624K), 1 survivors (1024K)
 Metaspace       used 17866K, capacity 18306K, committed 18432K, reserved 1064960K
  class space    used 2132K, capacity 2287K, committed 2304K, reserved 1048576K
GC Heap History (10 events):
Event: 3.368 GC heap before
{Heap before GC invocations=3 (full 0):
 garbage-first heap   total 132096K, used 68352K [0x00000006c0000000, 0x00000006c0100408, 0x00000007c0000000)
  region size 1024K, 6 young (6144K), 5 survivors (5120K)
 Metaspace       used 13954K, capacity 14340K, committed 14464K, reserved 1062912K
  class space    used 1689K, capacity 1832K, committed 1920K, reserved 1048576K
}
Event: 3.383 GC heap after
{Heap after GC invocations=4 (full 0):
 garbage-first heap   total 132096K, used 68544K [0x00000006c0000000, 0x00000006c0100408, 0x00000007c0000000)
  region size 1024K, 1 young (1024K), 1 survivors (1024K)
 Metaspace       used 13954K, capacity 14340K, committed 14464K, reserved 1062912K
  class space    used 1689K, capacity 1832K, committed 1920K, reserved 1048576K
}
Event: 3.426 GC heap before
{Heap before GC invocations=4 (full 0):
 garbage-first heap   total 132096K, used 73664K [0x00000006c0000000, 0x00000006c0100408, 0x00000007c0000000)
  region size 1024K, 6 young (6144K), 1 survivors (1024K)
 Metaspace       used 14044K, capacity 14404K, committed 14720K, reserved 1062912K
  class space    used 1697K, capacity 1832K, committed 1920K, reserved 1048576K
}
Event: 3.430 GC heap after
{Heap after GC invocations=5 (full 0):
 garbage-first heap   total 132096K, used 70848K [0x00000006c0000000, 0x00000006c0100408, 0x00000007c0000000)
  region size 1024K, 1 young (1024K), 1 survivors (1024K)
 Metaspace       used 14044K, capacity 14404K, committed 14720K, reserved 1062912K
  class space    used 1697K, capacity 1832K, committed 1920K, reserved 1048576K
}
Event: 3.446 GC heap before
{Heap before GC invocations=5 (full 0):
 garbage-first heap   total 132096K, used 75968K [0x00000006c0000000, 0x00000006c0100408, 0x00000007c0000000)
  region size 1024K, 6 young (6144K), 1 survivors (1024K)
 Metaspace       used 14057K, capacity 14404K, committed 14720K, reserved 1062912K
  class space    used 1697K, capacity 1832K, committed 1920K, reserved 1048576K
}
Event: 3.451 GC heap after
{Heap after GC invocations=6 (full 0):
 garbage-first heap   total 132096K, used 73152K [0x00000006c0000000, 0x00000006c0100408, 0x00000007c0000000)
  region size 1024K, 1 young (1024K), 1 survivors (1024K)
 Metaspace       used 14057K, capacity 14404K, committed 14720K, reserved 1062912K
  class space    used 1697K, capacity 1832K, committed 1920K, reserved 1048576K
}
Event: 3.591 GC heap before
{Heap before GC invocations=7 (full 0):
 garbage-first heap   total 132096K, used 89536K [0x00000006c0000000, 0x00000006c0100408, 0x00000007c0000000)
  region size 1024K, 17 young (17408K), 1 survivors (1024K)
 Metaspace       used 14404K, capacity 14820K, committed 14976K, reserved 1062912K
  class space    used 1725K, capacity 1864K, committed 1920K, reserved 1048576K
}
Event: 3.597 GC heap after
{Heap after GC invocations=8 (full 0):
 garbage-first heap   total 132096K, used 80806K [0x00000006c0000000, 0x00000006c0100408, 0x00000007c0000000)
  region size 1024K, 3 young (3072K), 3 survivors (3072K)
 Metaspace       used 14404K, capacity 14820K, committed 14976K, reserved 1062912K
  class space    used 1725K, capacity 1864K, committed 1920K, reserved 1048576K
}
Event: 3.612 GC heap before
{Heap before GC invocations=8 (full 0):
 garbage-first heap   total 132096K, used 83878K [0x00000006c0000000, 0x00000006c0100408, 0x00000007c0000000)
  region size 1024K, 7 young (7168K), 3 survivors (3072K)
 Metaspace       used 14420K, capacity 14820K, committed 14976K, reserved 1062912K
  class space    used 1725K, capacity 1864K, committed 1920K, reserved 1048576K
}
Event: 3.618 GC heap after
{Heap after GC invocations=9 (full 0):
 garbage-first heap   total 186368K, used 81555K [0x00000006c0000000, 0x00000006c01005b0, 0x00000007c0000000)
  region size 1024K, 1 young (1024K), 1 survivors (1024K)
 Metaspace       used 14420K, capacity 14820K, committed 14976K, reserved 1062912K
  class space    used 1725K, capacity 1864K, committed 1920K, reserved 1048576K
}

