# JRE version: OpenJDK Runtime Environment (8.0_144-b01) (build 1.8.0_144-b01)
# Java VM: OpenJDK 64-Bit Server VM (25.144-b01 mixed mode linux-amd64 compressed oops)
Heap:
 PSYoungGen      total 1223680K, used 0K [0x0000000755580000, 0x00000007ac080000, 0x00000007c0000000)
  eden space 1042432K, 0% used [0x0000000755580000,0x0000000755580000,0x0000000794f80000)
  from space 181248K, 0% used [0x00000007a0880000,0x00000007a0880000,0x00000007ab980000)
  to   space 188928K, 0% used [0x0000000794f80000,0x0000000794f80000,0x00000007a0800000)
 ParOldGen       total 468992K, used 430000K [0x0000000680000000, 0x000000069ca00000, 0x0000000755580000)
  object space 468992K, 91% used [0x0000000680000000,0x000000069a3ec1f8,0x000000069ca00000)
 Metaspace       used 10623K, capacity 10738K, committed 11008K, reserved 1058816K
  class space    used 1187K, capacity 1243K, committed 1280K, reserved 1048576K
GC Heap History (10 events):
Event: 25.660 GC heap after
Heap after GC invocations=25 (full 3):
 PSYoungGen      total 1021440K, used 118752K [0x0000000755580000, 0x000000079fb00000, 0x00000007c0000000)
  eden space 839168K, 0% used [0x0000000755580000,0x0000000755580000,0x0000000788900000)
  from space 182272K, 65% used [0x0000000794900000,0x000000079bcf81c0,0x000000079fb00000)
  to   space 189440K, 0% used [0x0000000788900000,0x0000000788900000,0x0000000794200000)
 ParOldGen       total 468992K, used 312317K [0x0000000680000000, 0x000000069ca00000, 0x0000000755580000)
  object space 468992K, 66% used [0x0000000680000000,0x00000006930ff5d8,0x000000069ca00000)
 Metaspace       used 10591K, capacity 10738K, committed 11008K, reserved 1058816K
  class space    used 1187K, capacity 1243K, committed 1280K, reserved 1048576K
}
Event: 27.192 GC heap before
{Heap before GC invocations=26 (full 3):
 PSYoungGen      total 1021440K, used 957920K [0x0000000755580000, 0x000000079fb00000, 0x00000007c0000000)
  eden space 839168K, 100% used [0x0000000755580000,0x0000000788900000,0x0000000788900000)
  from space 182272K, 65% used [0x0000000794900000,0x000000079bcf81c0,0x000000079fb00000)
  to   space 189440K, 0% used [0x0000000788900000,0x0000000788900000,0x0000000794200000)
 ParOldGen       total 468992K, used 312317K [0x0000000680000000, 0x000000069ca00000, 0x0000000755580000)
  object space 468992K, 66% used [0x0000000680000000,0x00000006930ff5d8,0x000000069ca00000)
 Metaspace       used 10610K, capacity 10738K, committed 11008K, reserved 1058816K
  class space    used 1187K, capacity 1243K, committed 1280K, reserved 1048576K
Event: 27.283 GC heap after
Heap after GC invocations=26 (full 3):
 PSYoungGen      total 1028608K, used 118483K [0x0000000755580000, 0x00000007a6a00000, 0x00000007c0000000)
  eden space 839168K, 0% used [0x0000000755580000,0x0000000755580000,0x0000000788900000)
  from space 189440K, 62% used [0x0000000788900000,0x000000078fcb4d28,0x0000000794200000)
  to   space 186880K, 0% used [0x000000079b380000,0x000000079b380000,0x00000007a6a00000)
 ParOldGen       total 468992K, used 312325K [0x0000000680000000, 0x000000069ca00000, 0x0000000755580000)
  object space 468992K, 66% used [0x0000000680000000,0x00000006931015d8,0x000000069ca00000)
 Metaspace       used 10610K, capacity 10738K, committed 11008K, reserved 1058816K
  class space    used 1187K, capacity 1243K, committed 1280K, reserved 1048576K
}
Event: 28.815 GC heap before
{Heap before GC invocations=27 (full 3):
 PSYoungGen      total 1028608K, used 957651K [0x0000000755580000, 0x00000007a6a00000, 0x00000007c0000000)
  eden space 839168K, 100% used [0x0000000755580000,0x0000000788900000,0x0000000788900000)
  from space 189440K, 62% used [0x0000000788900000,0x000000078fcb4d28,0x0000000794200000)
  to   space 186880K, 0% used [0x000000079b380000,0x000000079b380000,0x00000007a6a00000)
 ParOldGen       total 468992K, used 312325K [0x0000000680000000, 0x000000069ca00000, 0x0000000755580000)
  object space 468992K, 66% used [0x0000000680000000,0x00000006931015d8,0x000000069ca00000)
 Metaspace       used 10616K, capacity 10738K, committed 11008K, reserved 1058816K
  class space    used 1187K, capacity 1243K, committed 1280K, reserved 1048576K
Event: 28.892 GC heap after
Heap after GC invocations=27 (full 3):
 PSYoungGen      total 1122304K, used 100867K [0x0000000755580000, 0x00000007a5780000, 0x00000007c0000000)
  eden space 954368K, 0% used [0x0000000755580000,0x0000000755580000,0x000000078f980000)
  from space 167936K, 60% used [0x000000079b380000,0x00000007a1600c78,0x00000007a5780000)
  to   space 179200K, 0% used [0x000000078f980000,0x000000078f980000,0x000000079a880000)
 ParOldGen       total 468992K, used 330812K [0x0000000680000000, 0x000000069ca00000, 0x0000000755580000)
  object space 468992K, 70% used [0x0000000680000000,0x000000069430f098,0x000000069ca00000)
 Metaspace       used 10616K, capacity 10738K, committed 11008K, reserved 1058816K
  class space    used 1187K, capacity 1243K, committed 1280K, reserved 1048576K
}
Event: 30.482 GC heap before
{Heap before GC invocations=28 (full 3):
 PSYoungGen      total 1122304K, used 1055235K [0x0000000755580000, 0x00000007a5780000, 0x00000007c0000000)
  eden space 954368K, 100% used [0x0000000755580000,0x000000078f980000,0x000000078f980000)
  from space 167936K, 60% used [0x000000079b380000,0x00000007a1600c78,0x00000007a5780000)
  to   space 179200K, 0% used [0x000000078f980000,0x000000078f980000,0x000000079a880000)
 ParOldGen       total 468992K, used 330812K [0x0000000680000000, 0x000000069ca00000, 0x0000000755580000)
  object space 468992K, 70% used [0x0000000680000000,0x000000069430f098,0x000000069ca00000)
 Metaspace       used 10621K, capacity 10738K, committed 11008K, reserved 1058816K
  class space    used 1187K, capacity 1243K, committed 1280K, reserved 1048576K
Event: 30.563 GC heap after
Heap after GC invocations=28 (full 3):
 PSYoungGen      total 1133568K, used 46082K [0x0000000755580000, 0x00000007ab980000, 0x00000007c0000000)
  eden space 954368K, 0% used [0x0000000755580000,0x0000000755580000,0x000000078f980000)
  from space 179200K, 25% used [0x000000078f980000,0x0000000792680b98,0x000000079a880000)
  to   space 181248K, 0% used [0x00000007a0880000,0x00000007a0880000,0x00000007ab980000)
 ParOldGen       total 468992K, used 385414K [0x0000000680000000, 0x000000069ca00000, 0x0000000755580000)
  object space 468992K, 82% used [0x0000000680000000,0x0000000697861aa8,0x000000069ca00000)
 Metaspace       used 10621K, capacity 10738K, committed 11008K, reserved 1058816K
  class space    used 1187K, capacity 1243K, committed 1280K, reserved 1048576K
}
Event: 32.261 GC heap before
{Heap before GC invocations=29 (full 3):
 PSYoungGen      total 1133568K, used 1000450K [0x0000000755580000, 0x00000007ab980000, 0x00000007c0000000)
  eden space 954368K, 100% used [0x0000000755580000,0x000000078f980000,0x000000078f980000)
  from space 179200K, 25% used [0x000000078f980000,0x0000000792680b98,0x000000079a880000)
  to   space 181248K, 0% used [0x00000007a0880000,0x00000007a0880000,0x00000007ab980000)
 ParOldGen       total 468992K, used 385414K [0x0000000680000000, 0x000000069ca00000, 0x0000000755580000)
  object space 468992K, 82% used [0x0000000680000000,0x0000000697861aa8,0x000000069ca00000)
 Metaspace       used 10623K, capacity 10738K, committed 11008K, reserved 1058816K
  class space    used 1187K, capacity 1243K, committed 1280K, reserved 1048576K
Event: 32.309 GC heap after
Heap after GC invocations=29 (full 3):
 PSYoungGen      total 1223680K, used 3168K [0x0000000755580000, 0x00000007ac080000, 0x00000007c0000000)
  eden space 1042432K, 0% used [0x0000000755580000,0x0000000755580000,0x0000000794f80000)
  from space 181248K, 1% used [0x00000007a0880000,0x00000007a0b98000,0x00000007ab980000)
  to   space 188928K, 0% used [0x0000000794f80000,0x0000000794f80000,0x00000007a0800000)
 ParOldGen       total 468992K, used 428353K [0x0000000680000000, 0x000000069ca00000, 0x0000000755580000)
  object space 468992K, 91% used [0x0000000680000000,0x000000069a2505f8,0x000000069ca00000)
 Metaspace       used 10623K, capacity 10738K, committed 11008K, reserved 1058816K
  class space    used 1187K, capacity 1243K, committed 1280K, reserved 1048576K
}
Event: 32.309 GC heap before
{Heap before GC invocations=30 (full 4):
 PSYoungGen      total 1223680K, used 3168K [0x0000000755580000, 0x00000007ac080000, 0x00000007c0000000)
  eden space 1042432K, 0% used [0x0000000755580000,0x0000000755580000,0x0000000794f80000)
  from space 181248K, 1% used [0x00000007a0880000,0x00000007a0b98000,0x00000007ab980000)
  to   space 188928K, 0% used [0x0000000794f80000,0x0000000794f80000,0x00000007a0800000)
 ParOldGen       total 468992K, used 428353K [0x0000000680000000, 0x000000069ca00000, 0x0000000755580000)
  object space 468992K, 91% used [0x0000000680000000,0x000000069a2505f8,0x000000069ca00000)
 Metaspace       used 10623K, capacity 10738K, committed 11008K, reserved 1058816K
  class space    used 1187K, capacity 1243K, committed 1280K, reserved 1048576K

