# JRE version: OpenJDK Runtime Environment (7.0_65-b32) (build 1.7.0_65-b32)
# Java VM: OpenJDK 64-Bit Server VM (24.65-b04 mixed mode linux-amd64 compressed oops)
Heap
 PSYoungGen      total 993792K, used 518592K [0x0000000795500000, 0x00000007dff00000, 0x0000000800000000)
  eden space 789504K, 64% used [0x0000000795500000,0x00000007b44e4cb8,0x00000007c5800000)
  from space 204288K, 5% used [0x00000007d3780000,0x00000007d420b4f0,0x00000007dff00000)
  to   space 216576K, 0% used [0x00000007c5800000,0x00000007c5800000,0x00000007d2b80000)
 ParOldGen       total 706560K, used 533738K [0x00000006c0000000, 0x00000006eb200000, 0x0000000795500000)
  object space 706560K, 75% used [0x00000006c0000000,0x00000006e093a918,0x00000006eb200000)
 PSPermGen       total 21504K, used 10750K [0x00000006b5a00000, 0x00000006b6f00000, 0x00000006c0000000)
  object space 21504K, 49% used [0x00000006b5a00000,0x00000006b647fa88,0x00000006b6f00000)
GC Heap History (10 events):
Event: 37,013 GC heap before
{Heap before GC invocations=37 (full 7):
 PSYoungGen      total 867328K, used 36064K [0x0000000795500000, 0x00000007d7e00000, 0x0000000800000000)
  eden space 660480K, 0% used [0x0000000795500000,0x0000000795500000,0x00000007bda00000)
  from space 206848K, 17% used [0x00000007ca880000,0x00000007ccbb80f0,0x00000007d7280000)
  to   space 211456K, 0% used [0x00000007bda00000,0x00000007bda00000,0x00000007ca880000)
 ParOldGen       total 550400K, used 502485K [0x00000006c0000000, 0x00000006e1980000, 0x0000000795500000)
  object space 550400K, 91% used [0x00000006c0000000,0x00000006deab5608,0x00000006e1980000)
 PSPermGen       total 21504K, used 10744K [0x00000006b5a00000, 0x00000006b6f00000, 0x00000006c0000000)
  object space 21504K, 49% used [0x00000006b5a00000,0x00000006b647e2c8,0x00000006b6f00000)
Event: 40,484 GC heap after
Heap after GC invocations=37 (full 7):
 PSYoungGen      total 867328K, used 0K [0x0000000795500000, 0x00000007d7e00000, 0x0000000800000000)
  eden space 660480K, 0% used [0x0000000795500000,0x0000000795500000,0x00000007bda00000)
  from space 206848K, 0% used [0x00000007ca880000,0x00000007ca880000,0x00000007d7280000)
  to   space 211456K, 0% used [0x00000007bda00000,0x00000007bda00000,0x00000007ca880000)
 ParOldGen       total 706560K, used 533738K [0x00000006c0000000, 0x00000006eb200000, 0x0000000795500000)
  object space 706560K, 75% used [0x00000006c0000000,0x00000006e093a918,0x00000006eb200000)
 PSPermGen       total 21504K, used 10744K [0x00000006b5a00000, 0x00000006b6f00000, 0x00000006c0000000)
  object space 21504K, 49% used [0x00000006b5a00000,0x00000006b647e128,0x00000006b6f00000)
}
Event: 41,367 GC heap before
{Heap before GC invocations=38 (full 7):
 PSYoungGen      total 867328K, used 660480K [0x0000000795500000, 0x00000007d7e00000, 0x0000000800000000)
  eden space 660480K, 100% used [0x0000000795500000,0x00000007bda00000,0x00000007bda00000)
  from space 206848K, 0% used [0x00000007ca880000,0x00000007ca880000,0x00000007d7280000)
  to   space 211456K, 0% used [0x00000007bda00000,0x00000007bda00000,0x00000007ca880000)
 ParOldGen       total 706560K, used 533738K [0x00000006c0000000, 0x00000006eb200000, 0x0000000795500000)
  object space 706560K, 75% used [0x00000006c0000000,0x00000006e093a918,0x00000006eb200000)
 PSPermGen       total 21504K, used 10745K [0x00000006b5a00000, 0x00000006b6f00000, 0x00000006c0000000)
  object space 21504K, 49% used [0x00000006b5a00000,0x00000006b647e738,0x00000006b6f00000)
Event: 41,374 GC heap after
Heap after GC invocations=38 (full 7):
 PSYoungGen      total 871936K, used 4558K [0x0000000795500000, 0x00000007dca80000, 0x0000000800000000)
  eden space 660480K, 0% used [0x0000000795500000,0x0000000795500000,0x00000007bda00000)
  from space 211456K, 2% used [0x00000007bda00000,0x00000007bde73bc8,0x00000007ca880000)
  to   space 218624K, 0% used [0x00000007cf500000,0x00000007cf500000,0x00000007dca80000)
 ParOldGen       total 706560K, used 533738K [0x00000006c0000000, 0x00000006eb200000, 0x0000000795500000)
  object space 706560K, 75% used [0x00000006c0000000,0x00000006e093a918,0x00000006eb200000)
 PSPermGen       total 21504K, used 10745K [0x00000006b5a00000, 0x00000006b6f00000, 0x00000006c0000000)
  object space 21504K, 49% used [0x00000006b5a00000,0x00000006b647e738,0x00000006b6f00000)
}
Event: 49,024 GC heap before
{Heap before GC invocations=39 (full 7):
 PSYoungGen      total 871936K, used 665038K [0x0000000795500000, 0x00000007dca80000, 0x0000000800000000)
  eden space 660480K, 100% used [0x0000000795500000,0x00000007bda00000,0x00000007bda00000)
  from space 211456K, 2% used [0x00000007bda00000,0x00000007bde73bc8,0x00000007ca880000)
  to   space 218624K, 0% used [0x00000007cf500000,0x00000007cf500000,0x00000007dca80000)
 ParOldGen       total 706560K, used 533738K [0x00000006c0000000, 0x00000006eb200000, 0x0000000795500000)
  object space 706560K, 75% used [0x00000006c0000000,0x00000006e093a918,0x00000006eb200000)
 PSPermGen       total 21504K, used 10747K [0x00000006b5a00000, 0x00000006b6f00000, 0x00000006c0000000)
  object space 21504K, 49% used [0x00000006b5a00000,0x00000006b647ec30,0x00000006b6f00000)
Event: 50,558 GC heap after
Heap after GC invocations=39 (full 7):
 PSYoungGen      total 946176K, used 2912K [0x0000000795500000, 0x00000007dd700000, 0x0000000800000000)
  eden space 727552K, 0% used [0x0000000795500000,0x0000000795500000,0x00000007c1b80000)
  from space 218624K, 1% used [0x00000007cf500000,0x00000007cf7d8030,0x00000007dca80000)
  to   space 222720K, 0% used [0x00000007c1b80000,0x00000007c1b80000,0x00000007cf500000)
 ParOldGen       total 706560K, used 533738K [0x00000006c0000000, 0x00000006eb200000, 0x0000000795500000)
  object space 706560K, 75% used [0x00000006c0000000,0x00000006e093a918,0x00000006eb200000)
 PSPermGen       total 21504K, used 10747K [0x00000006b5a00000, 0x00000006b6f00000, 0x00000006c0000000)
  object space 21504K, 49% used [0x00000006b5a00000,0x00000006b647ec30,0x00000006b6f00000)
}
Event: 80,674 GC heap before
{Heap before GC invocations=40 (full 7):
 PSYoungGen      total 946176K, used 730464K [0x0000000795500000, 0x00000007dd700000, 0x0000000800000000)
  eden space 727552K, 100% used [0x0000000795500000,0x00000007c1b80000,0x00000007c1b80000)
  from space 218624K, 1% used [0x00000007cf500000,0x00000007cf7d8030,0x00000007dca80000)
  to   space 222720K, 0% used [0x00000007c1b80000,0x00000007c1b80000,0x00000007cf500000)
 ParOldGen       total 706560K, used 533738K [0x00000006c0000000, 0x00000006eb200000, 0x0000000795500000)
  object space 706560K, 75% used [0x00000006c0000000,0x00000006e093a918,0x00000006eb200000)
 PSPermGen       total 21504K, used 10747K [0x00000006b5a00000, 0x00000006b6f00000, 0x00000006c0000000)
  object space 21504K, 49% used [0x00000006b5a00000,0x00000006b647efa8,0x00000006b6f00000)
Event: 86,612 GC heap after
Heap after GC invocations=40 (full 7):
 PSYoungGen      total 950272K, used 40469K [0x0000000795500000, 0x00000007e0c00000, 0x0000000800000000)
  eden space 727552K, 0% used [0x0000000795500000,0x0000000795500000,0x00000007c1b80000)
  from space 222720K, 18% used [0x00000007c1b80000,0x00000007c4305748,0x00000007cf500000)
  to   space 217600K, 0% used [0x00000007d3780000,0x00000007d3780000,0x00000007e0c00000)
 ParOldGen       total 706560K, used 533738K [0x00000006c0000000, 0x00000006eb200000, 0x0000000795500000)
  object space 706560K, 75% used [0x00000006c0000000,0x00000006e093a918,0x00000006eb200000)
 PSPermGen       total 21504K, used 10747K [0x00000006b5a00000, 0x00000006b6f00000, 0x00000006c0000000)
  object space 21504K, 49% used [0x00000006b5a00000,0x00000006b647efa8,0x00000006b6f00000)
}
Event: 110,702 GC heap before
{Heap before GC invocations=41 (full 7):
 PSYoungGen      total 950272K, used 768021K [0x0000000795500000, 0x00000007e0c00000, 0x0000000800000000)
  eden space 727552K, 100% used [0x0000000795500000,0x00000007c1b80000,0x00000007c1b80000)
  from space 222720K, 18% used [0x00000007c1b80000,0x00000007c4305748,0x00000007cf500000)
  to   space 217600K, 0% used [0x00000007d3780000,0x00000007d3780000,0x00000007e0c00000)
 ParOldGen       total 706560K, used 533738K [0x00000006c0000000, 0x00000006eb200000, 0x0000000795500000)
  object space 706560K, 75% used [0x00000006c0000000,0x00000006e093a918,0x00000006eb200000)
 PSPermGen       total 21504K, used 10749K [0x00000006b5a00000, 0x00000006b6f00000, 0x00000006c0000000)
  object space 21504K, 49% used [0x00000006b5a00000,0x00000006b647f7e0,0x00000006b6f00000)
Event: 110,968 GC heap after
Heap after GC invocations=41 (full 7):
 PSYoungGen      total 993792K, used 10797K [0x0000000795500000, 0x00000007dff00000, 0x0000000800000000)
  eden space 789504K, 0% used [0x0000000795500000,0x0000000795500000,0x00000007c5800000)
  from space 204288K, 5% used [0x00000007d3780000,0x00000007d420b4f0,0x00000007dff00000)
  to   space 216576K, 0% used [0x00000007c5800000,0x00000007c5800000,0x00000007d2b80000)
 ParOldGen       total 706560K, used 533738K [0x00000006c0000000, 0x00000006eb200000, 0x0000000795500000)
  object space 706560K, 75% used [0x00000006c0000000,0x00000006e093a918,0x00000006eb200000)
 PSPermGen       total 21504K, used 10749K [0x00000006b5a00000, 0x00000006b6f00000, 0x00000006c0000000)
  object space 21504K, 49% used [0x00000006b5a00000,0x00000006b647f7e0,0x00000006b6f00000)
}

