# JRE version: OpenJDK Runtime Environment (8.0_144-b01) (build 1.8.0_144-b01)
# Java VM: OpenJDK 64-Bit Server VM (25.144-b01 mixed mode linux-amd64 compressed oops)
Heap:
 PSYoungGen      total 1328128K, used 72513K [0x0000000755580000, 0x00000007aec00000, 0x00000007c0000000)
  eden space 1191424K, 0% used [0x0000000755580000,0x0000000755580000,0x000000079e100000)
  from space 136704K, 53% used [0x000000079e100000,0x00000007a27d0660,0x00000007a6680000)
  to   space 135168K, 0% used [0x00000007a6800000,0x00000007a6800000,0x00000007aec00000)
 ParOldGen       total 664064K, used 433555K [0x0000000680000000, 0x00000006a8880000, 0x0000000755580000)
  object space 664064K, 65% used [0x0000000680000000,0x000000069a764c48,0x00000006a8880000)
 Metaspace       used 11668K, capacity 11780K, committed 12160K, reserved 1060864K
  class space    used 1290K, capacity 1310K, committed 1408K, reserved 1048576K
GC Heap History (10 events):
Event: 62.126 GC heap after
Heap after GC invocations=44 (full 4):
 PSYoungGen      total 1237504K, used 30314K [0x0000000755580000, 0x00000007aa400000, 0x00000007c0000000)
  eden space 1099264K, 0% used [0x0000000755580000,0x0000000755580000,0x0000000798700000)
  from space 138240K, 21% used [0x00000007a1d00000,0x00000007a3a9a850,0x00000007aa400000)
  to   space 145920K, 0% used [0x0000000798700000,0x0000000798700000,0x00000007a1580000)
 ParOldGen       total 664064K, used 429724K [0x0000000680000000, 0x00000006a8880000, 0x0000000755580000)
  object space 664064K, 64% used [0x0000000680000000,0x000000069a3a70f0,0x00000006a8880000)
 Metaspace       used 11659K, capacity 11780K, committed 12160K, reserved 1060864K
  class space    used 1290K, capacity 1310K, committed 1408K, reserved 1048576K
}
Event: 63.718 GC heap before
{Heap before GC invocations=45 (full 4):
 PSYoungGen      total 1237504K, used 1129578K [0x0000000755580000, 0x00000007aa400000, 0x00000007c0000000)
  eden space 1099264K, 100% used [0x0000000755580000,0x0000000798700000,0x0000000798700000)
  from space 138240K, 21% used [0x00000007a1d00000,0x00000007a3a9a850,0x00000007aa400000)
  to   space 145920K, 0% used [0x0000000798700000,0x0000000798700000,0x00000007a1580000)
 ParOldGen       total 664064K, used 429724K [0x0000000680000000, 0x00000006a8880000, 0x0000000755580000)
  object space 664064K, 64% used [0x0000000680000000,0x000000069a3a70f0,0x00000006a8880000)
 Metaspace       used 11666K, capacity 11780K, committed 12160K, reserved 1060864K
  class space    used 1290K, capacity 1310K, committed 1408K, reserved 1048576K
Event: 63.785 GC heap after
Heap after GC invocations=45 (full 4):
 PSYoungGen      total 1245184K, used 76145K [0x0000000755580000, 0x00000007ac880000, 0x00000007c0000000)
  eden space 1099264K, 0% used [0x0000000755580000,0x0000000755580000,0x0000000798700000)
  from space 145920K, 52% used [0x0000000798700000,0x000000079d15c640,0x00000007a1580000)
  to   space 144896K, 0% used [0x00000007a3b00000,0x00000007a3b00000,0x00000007ac880000)
 ParOldGen       total 664064K, used 429724K [0x0000000680000000, 0x00000006a8880000, 0x0000000755580000)
  object space 664064K, 64% used [0x0000000680000000,0x000000069a3a70f0,0x00000006a8880000)
 Metaspace       used 11666K, capacity 11780K, committed 12160K, reserved 1060864K
  class space    used 1290K, capacity 1310K, committed 1408K, reserved 1048576K
}
Event: 66.265 GC heap before
{Heap before GC invocations=46 (full 4):
 PSYoungGen      total 1245184K, used 1175409K [0x0000000755580000, 0x00000007ac880000, 0x00000007c0000000)
  eden space 1099264K, 100% used [0x0000000755580000,0x0000000798700000,0x0000000798700000)
  from space 145920K, 52% used [0x0000000798700000,0x000000079d15c640,0x00000007a1580000)
  to   space 144896K, 0% used [0x00000007a3b00000,0x00000007a3b00000,0x00000007ac880000)
 ParOldGen       total 664064K, used 429724K [0x0000000680000000, 0x00000006a8880000, 0x0000000755580000)
  object space 664064K, 64% used [0x0000000680000000,0x000000069a3a70f0,0x00000006a8880000)
 Metaspace       used 11666K, capacity 11780K, committed 12160K, reserved 1060864K
  class space    used 1290K, capacity 1310K, committed 1408K, reserved 1048576K
Event: 66.391 GC heap after
Heap after GC invocations=46 (full 4):
 PSYoungGen      total 1285632K, used 71857K [0x0000000755580000, 0x00000007ac700000, 0x00000007c0000000)
  eden space 1142272K, 0% used [0x0000000755580000,0x0000000755580000,0x000000079b100000)
  from space 143360K, 50% used [0x00000007a3b00000,0x00000007a812c620,0x00000007ac700000)
  to   space 141312K, 0% used [0x000000079b100000,0x000000079b100000,0x00000007a3b00000)
 ParOldGen       total 664064K, used 430724K [0x0000000680000000, 0x00000006a8880000, 0x0000000755580000)
  object space 664064K, 64% used [0x0000000680000000,0x000000069a4a1110,0x00000006a8880000)
 Metaspace       used 11666K, capacity 11780K, committed 12160K, reserved 1060864K
  class space    used 1290K, capacity 1310K, committed 1408K, reserved 1048576K
}
Event: 67.787 GC heap before
{Heap before GC invocations=47 (full 4):
 PSYoungGen      total 1285632K, used 1214129K [0x0000000755580000, 0x00000007ac700000, 0x00000007c0000000)
  eden space 1142272K, 100% used [0x0000000755580000,0x000000079b100000,0x000000079b100000)
  from space 143360K, 50% used [0x00000007a3b00000,0x00000007a812c620,0x00000007ac700000)
  to   space 141312K, 0% used [0x000000079b100000,0x000000079b100000,0x00000007a3b00000)
 ParOldGen       total 664064K, used 430724K [0x0000000680000000, 0x00000006a8880000, 0x0000000755580000)
  object space 664064K, 64% used [0x0000000680000000,0x000000069a4a1110,0x00000006a8880000)
 Metaspace       used 11666K, capacity 11780K, committed 12160K, reserved 1060864K
  class space    used 1290K, capacity 1310K, committed 1408K, reserved 1048576K
Event: 67.841 GC heap after
Heap after GC invocations=47 (full 4):
 PSYoungGen      total 1283584K, used 75281K [0x0000000755580000, 0x00000007af000000, 0x00000007c0000000)
  eden space 1142272K, 0% used [0x0000000755580000,0x0000000755580000,0x000000079b100000)
  from space 141312K, 53% used [0x000000079b100000,0x000000079fa84620,0x00000007a3b00000)
  to   space 139264K, 0% used [0x00000007a6800000,0x00000007a6800000,0x00000007af000000)
 ParOldGen       total 664064K, used 430740K [0x0000000680000000, 0x00000006a8880000, 0x0000000755580000)
  object space 664064K, 64% used [0x0000000680000000,0x000000069a4a5110,0x00000006a8880000)
 Metaspace       used 11666K, capacity 11780K, committed 12160K, reserved 1060864K
  class space    used 1290K, capacity 1310K, committed 1408K, reserved 1048576K
}
Event: 69.237 GC heap before
{Heap before GC invocations=48 (full 4):
 PSYoungGen      total 1283584K, used 1217553K [0x0000000755580000, 0x00000007af000000, 0x00000007c0000000)
  eden space 1142272K, 100% used [0x0000000755580000,0x000000079b100000,0x000000079b100000)
  from space 141312K, 53% used [0x000000079b100000,0x000000079fa84620,0x00000007a3b00000)
  to   space 139264K, 0% used [0x00000007a6800000,0x00000007a6800000,0x00000007af000000)
 ParOldGen       total 664064K, used 430740K [0x0000000680000000, 0x00000006a8880000, 0x0000000755580000)
  object space 664064K, 64% used [0x0000000680000000,0x000000069a4a5110,0x00000006a8880000)
 Metaspace       used 11666K, capacity 11780K, committed 12160K, reserved 1060864K
  class space    used 1290K, capacity 1310K, committed 1408K, reserved 1048576K
Event: 69.292 GC heap after
Heap after GC invocations=48 (full 4):
 PSYoungGen      total 1326592K, used 74049K [0x0000000755580000, 0x00000007aec00000, 0x00000007c0000000)
  eden space 1191424K, 0% used [0x0000000755580000,0x0000000755580000,0x000000079e100000)
  from space 135168K, 54% used [0x00000007a6800000,0x00000007ab0505e0,0x00000007aec00000)
  to   space 136704K, 0% used [0x000000079e100000,0x000000079e100000,0x00000007a6680000)
 ParOldGen       total 664064K, used 432048K [0x0000000680000000, 0x00000006a8880000, 0x0000000755580000)
  object space 664064K, 65% used [0x0000000680000000,0x000000069a5ec150,0x00000006a8880000)
 Metaspace       used 11666K, capacity 11780K, committed 12160K, reserved 1060864K
  class space    used 1290K, capacity 1310K, committed 1408K, reserved 1048576K
}
Event: 71.071 GC heap before
{Heap before GC invocations=49 (full 4):
 PSYoungGen      total 1326592K, used 1265473K [0x0000000755580000, 0x00000007aec00000, 0x00000007c0000000)
  eden space 1191424K, 100% used [0x0000000755580000,0x000000079e100000,0x000000079e100000)
  from space 135168K, 54% used [0x00000007a6800000,0x00000007ab0505e0,0x00000007aec00000)
  to   space 136704K, 0% used [0x000000079e100000,0x000000079e100000,0x00000007a6680000)
 ParOldGen       total 664064K, used 432048K [0x0000000680000000, 0x00000006a8880000, 0x0000000755580000)
  object space 664064K, 65% used [0x0000000680000000,0x000000069a5ec150,0x00000006a8880000)
 Metaspace       used 11668K, capacity 11780K, committed 12160K, reserved 1060864K
  class space    used 1290K, capacity 1310K, committed 1408K, reserved 1048576K

