# JRE version: OpenJDK Runtime Environment (8.0_144-b01) (build 1.8.0_144-b01)
# Java VM: OpenJDK 64-Bit Server VM (25.144-b01 mixed mode linux-amd64 compressed oops)
Heap:
 PSYoungGen      total 432640K, used 26096K [0x000000076ab00000, 0x0000000786b00000, 0x00000007c0000000)
  eden space 406528K, 0% used [0x000000076ab00000,0x000000076ab00000,0x0000000783800000)
  from space 26112K, 99% used [0x0000000783800000,0x000000078517c1f0,0x0000000785180000)
  to   space 25600K, 0% used [0x0000000785200000,0x0000000785200000,0x0000000786b00000)
 ParOldGen       total 84992K, used 53846K [0x00000006c0000000, 0x00000006c5300000, 0x000000076ab00000)
  object space 84992K, 63% used [0x00000006c0000000,0x00000006c3495938,0x00000006c5300000)
 Metaspace       used 17297K, capacity 17494K, committed 17664K, reserved 1064960K
  class space    used 2118K, capacity 2227K, committed 2304K, reserved 1048576K
GC Heap History (10 events):
Event: 9.291 GC heap after
Heap after GC invocations=6 (full 0):
 PSYoungGen      total 153088K, used 6197K [0x000000076ab00000, 0x0000000775b00000, 0x00000007c0000000)
  eden space 126976K, 0% used [0x000000076ab00000,0x000000076ab00000,0x0000000772700000)
  from space 26112K, 23% used [0x0000000774180000,0x000000077478d4d0,0x0000000775b00000)
  to   space 26624K, 0% used [0x0000000772700000,0x0000000772700000,0x0000000774100000)
 ParOldGen       total 84992K, used 43459K [0x00000006c0000000, 0x00000006c5300000, 0x000000076ab00000)
  object space 84992K, 51% used [0x00000006c0000000,0x00000006c2a70df8,0x00000006c5300000)
 Metaspace       used 17121K, capacity 17392K, committed 17664K, reserved 1064960K
  class space    used 2103K, capacity 2194K, committed 2304K, reserved 1048576K
}
Event: 13.205 GC heap before
{Heap before GC invocations=7 (full 0):
 PSYoungGen      total 153088K, used 133173K [0x000000076ab00000, 0x0000000775b00000, 0x00000007c0000000)
  eden space 126976K, 100% used [0x000000076ab00000,0x0000000772700000,0x0000000772700000)
  from space 26112K, 23% used [0x0000000774180000,0x000000077478d4d0,0x0000000775b00000)
  to   space 26624K, 0% used [0x0000000772700000,0x0000000772700000,0x0000000774100000)
 ParOldGen       total 84992K, used 43459K [0x00000006c0000000, 0x00000006c5300000, 0x000000076ab00000)
  object space 84992K, 51% used [0x00000006c0000000,0x00000006c2a70df8,0x00000006c5300000)
 Metaspace       used 17165K, capacity 17398K, committed 17664K, reserved 1064960K
  class space    used 2110K, capacity 2195K, committed 2304K, reserved 1048576K
Event: 13.228 GC heap after
Heap after GC invocations=7 (full 0):
 PSYoungGen      total 153600K, used 3189K [0x000000076ab00000, 0x000000077d800000, 0x00000007c0000000)
  eden space 126976K, 0% used [0x000000076ab00000,0x000000076ab00000,0x0000000772700000)
  from space 26624K, 11% used [0x0000000772700000,0x0000000772a1d4b0,0x0000000774100000)
  to   space 27136K, 0% used [0x000000077bd80000,0x000000077bd80000,0x000000077d800000)
 ParOldGen       total 84992K, used 46539K [0x00000006c0000000, 0x00000006c5300000, 0x000000076ab00000)
  object space 84992K, 54% used [0x00000006c0000000,0x00000006c2d72f88,0x00000006c5300000)
 Metaspace       used 17165K, capacity 17398K, committed 17664K, reserved 1064960K
  class space    used 2110K, capacity 2195K, committed 2304K, reserved 1048576K
}
Event: 14.292 GC heap before
{Heap before GC invocations=8 (full 0):
 PSYoungGen      total 153600K, used 130165K [0x000000076ab00000, 0x000000077d800000, 0x00000007c0000000)
  eden space 126976K, 100% used [0x000000076ab00000,0x0000000772700000,0x0000000772700000)
  from space 26624K, 11% used [0x0000000772700000,0x0000000772a1d4b0,0x0000000774100000)
  to   space 27136K, 0% used [0x000000077bd80000,0x000000077bd80000,0x000000077d800000)
 ParOldGen       total 84992K, used 46539K [0x00000006c0000000, 0x00000006c5300000, 0x000000076ab00000)
  object space 84992K, 54% used [0x00000006c0000000,0x00000006c2d72f88,0x00000006c5300000)
 Metaspace       used 17174K, capacity 17398K, committed 17664K, reserved 1064960K
  class space    used 2110K, capacity 2195K, committed 2304K, reserved 1048576K
Event: 14.298 GC heap after
Heap after GC invocations=8 (full 0):
 PSYoungGen      total 281088K, used 1744K [0x000000076ab00000, 0x000000077d800000, 0x00000007c0000000)
  eden space 253952K, 0% used [0x000000076ab00000,0x000000076ab00000,0x000000077a300000)
  from space 27136K, 6% used [0x000000077bd80000,0x000000077bf34020,0x000000077d800000)
  to   space 27136K, 0% used [0x000000077a300000,0x000000077a300000,0x000000077bd80000)
 ParOldGen       total 84992K, used 48046K [0x00000006c0000000, 0x00000006c5300000, 0x000000076ab00000)
  object space 84992K, 56% used [0x00000006c0000000,0x00000006c2eeb898,0x00000006c5300000)
 Metaspace       used 17174K, capacity 17398K, committed 17664K, reserved 1064960K
  class space    used 2110K, capacity 2195K, committed 2304K, reserved 1048576K
}
Event: 16.786 GC heap before
{Heap before GC invocations=9 (full 0):
 PSYoungGen      total 281088K, used 255696K [0x000000076ab00000, 0x000000077d800000, 0x00000007c0000000)
  eden space 253952K, 100% used [0x000000076ab00000,0x000000077a300000,0x000000077a300000)
  from space 27136K, 6% used [0x000000077bd80000,0x000000077bf34020,0x000000077d800000)
  to   space 27136K, 0% used [0x000000077a300000,0x000000077a300000,0x000000077bd80000)
 ParOldGen       total 84992K, used 48046K [0x00000006c0000000, 0x00000006c5300000, 0x000000076ab00000)
  object space 84992K, 56% used [0x00000006c0000000,0x00000006c2eeb898,0x00000006c5300000)
 Metaspace       used 17198K, capacity 17398K, committed 17664K, reserved 1064960K
  class space    used 2111K, capacity 2195K, committed 2304K, reserved 1048576K
Event: 16.789 GC heap after
Heap after GC invocations=9 (full 0):
 PSYoungGen      total 281088K, used 1536K [0x000000076ab00000, 0x0000000786c00000, 0x00000007c0000000)
  eden space 253952K, 0% used [0x000000076ab00000,0x000000076ab00000,0x000000077a300000)
  from space 27136K, 5% used [0x000000077a300000,0x000000077a480010,0x000000077bd80000)
  to   space 26624K, 0% used [0x0000000785200000,0x0000000785200000,0x0000000786c00000)
 ParOldGen       total 84992K, used 48294K [0x00000006c0000000, 0x00000006c5300000, 0x000000076ab00000)
  object space 84992K, 56% used [0x00000006c0000000,0x00000006c2f298a8,0x00000006c5300000)
 Metaspace       used 17198K, capacity 17398K, committed 17664K, reserved 1064960K
  class space    used 2111K, capacity 2195K, committed 2304K, reserved 1048576K
}
Event: 19.355 GC heap before
{Heap before GC invocations=10 (full 0):
 PSYoungGen      total 281088K, used 255488K [0x000000076ab00000, 0x0000000786c00000, 0x00000007c0000000)
  eden space 253952K, 100% used [0x000000076ab00000,0x000000077a300000,0x000000077a300000)
  from space 27136K, 5% used [0x000000077a300000,0x000000077a480010,0x000000077bd80000)
  to   space 26624K, 0% used [0x0000000785200000,0x0000000785200000,0x0000000786c00000)
 ParOldGen       total 84992K, used 48294K [0x00000006c0000000, 0x00000006c5300000, 0x000000076ab00000)
  object space 84992K, 56% used [0x00000006c0000000,0x00000006c2f298a8,0x00000006c5300000)
 Metaspace       used 17273K, capacity 17494K, committed 17664K, reserved 1064960K
  class space    used 2117K, capacity 2227K, committed 2304K, reserved 1048576K
Event: 19.368 GC heap after
Heap after GC invocations=10 (full 0):
 PSYoungGen      total 432128K, used 3792K [0x000000076ab00000, 0x0000000786b00000, 0x00000007c0000000)
  eden space 406528K, 0% used [0x000000076ab00000,0x000000076ab00000,0x0000000783800000)
  from space 25600K, 14% used [0x0000000785200000,0x00000007855b4040,0x0000000786b00000)
  to   space 26112K, 0% used [0x0000000783800000,0x0000000783800000,0x0000000785180000)
 ParOldGen       total 84992K, used 48366K [0x00000006c0000000, 0x00000006c5300000, 0x000000076ab00000)
  object space 84992K, 56% used [0x00000006c0000000,0x00000006c2f3b8a8,0x00000006c5300000)
 Metaspace       used 17273K, capacity 17494K, committed 17664K, reserved 1064960K
  class space    used 2117K, capacity 2227K, committed 2304K, reserved 1048576K
}
Event: 19.746 GC heap before
{Heap before GC invocations=11 (full 0):
 PSYoungGen      total 432128K, used 410320K [0x000000076ab00000, 0x0000000786b00000, 0x00000007c0000000)
  eden space 406528K, 100% used [0x000000076ab00000,0x0000000783800000,0x0000000783800000)
  from space 25600K, 14% used [0x0000000785200000,0x00000007855b4040,0x0000000786b00000)
  to   space 26112K, 0% used [0x0000000783800000,0x0000000783800000,0x0000000785180000)
 ParOldGen       total 84992K, used 48366K [0x00000006c0000000, 0x00000006c5300000, 0x000000076ab00000)
  object space 84992K, 56% used [0x00000006c0000000,0x00000006c2f3b8a8,0x00000006c5300000)
 Metaspace       used 17297K, capacity 17494K, committed 17664K, reserved 1064960K
  class space    used 2118K, capacity 2227K, committed 2304K, reserved 1048576K

