# JRE version: OpenJDK Runtime Environment (8.0_144-b01) (build 1.8.0_144-b01)
# Java VM: OpenJDK 64-Bit Server VM (25.144-b01 mixed mode linux-amd64 compressed oops)
Heap:
 PSYoungGen      total 1570816K, used 6857K [0x0000000755580000, 0x00000007b8f80000, 0x00000007c0000000)
  eden space 1521664K, 0% used [0x0000000755580000,0x0000000755580000,0x00000007b2380000)
  from space 49152K, 13% used [0x00000007b2380000,0x00000007b2a327f0,0x00000007b5380000)
  to   space 51712K, 0% used [0x00000007b5380000,0x00000007b5380000,0x00000007b8600000)
 ParOldGen       total 270848K, used 160261K [0x0000000680000000, 0x0000000690880000, 0x0000000755580000)
  object space 270848K, 59% used [0x0000000680000000,0x0000000689c81728,0x0000000690880000)
 Metaspace       used 11657K, capacity 11780K, committed 11904K, reserved 1060864K
  class space    used 1289K, capacity 1310K, committed 1408K, reserved 1048576K
GC Heap History (10 events):
Event: 25.246 GC heap after
Heap after GC invocations=36 (full 2):
 PSYoungGen      total 1390080K, used 5770K [0x0000000755580000, 0x00000007ae600000, 0x00000007c0000000)
  eden space 1335808K, 0% used [0x0000000755580000,0x0000000755580000,0x00000007a6e00000)
  from space 54272K, 10% used [0x00000007ab100000,0x00000007ab6a28a0,0x00000007ae600000)
  to   space 61440K, 0% used [0x00000007a6e00000,0x00000007a6e00000,0x00000007aaa00000)
 ParOldGen       total 270848K, used 159669K [0x0000000680000000, 0x0000000690880000, 0x0000000755580000)
  object space 270848K, 58% used [0x0000000680000000,0x0000000689bed6c8,0x0000000690880000)
 Metaspace       used 11645K, capacity 11716K, committed 11904K, reserved 1060864K
  class space    used 1289K, capacity 1310K, committed 1408K, reserved 1048576K
}
Event: 25.933 GC heap before
{Heap before GC invocations=37 (full 2):
 PSYoungGen      total 1390080K, used 1341578K [0x0000000755580000, 0x00000007ae600000, 0x00000007c0000000)
  eden space 1335808K, 100% used [0x0000000755580000,0x00000007a6e00000,0x00000007a6e00000)
  from space 54272K, 10% used [0x00000007ab100000,0x00000007ab6a28a0,0x00000007ae600000)
  to   space 61440K, 0% used [0x00000007a6e00000,0x00000007a6e00000,0x00000007aaa00000)
 ParOldGen       total 270848K, used 159669K [0x0000000680000000, 0x0000000690880000, 0x0000000755580000)
  object space 270848K, 58% used [0x0000000680000000,0x0000000689bed6c8,0x0000000690880000)
 Metaspace       used 11648K, capacity 11716K, committed 11904K, reserved 1060864K
  class space    used 1289K, capacity 1310K, committed 1408K, reserved 1048576K
Event: 25.971 GC heap after
Heap after GC invocations=37 (full 2):
 PSYoungGen      total 1397248K, used 6458K [0x0000000755580000, 0x00000007b4180000, 0x00000007c0000000)
  eden space 1335808K, 0% used [0x0000000755580000,0x0000000755580000,0x00000007a6e00000)
  from space 61440K, 10% used [0x00000007a6e00000,0x00000007a744e800,0x00000007aaa00000)
  to   space 58368K, 0% used [0x00000007b0880000,0x00000007b0880000,0x00000007b4180000)
 ParOldGen       total 270848K, used 159669K [0x0000000680000000, 0x0000000690880000, 0x0000000755580000)
  object space 270848K, 58% used [0x0000000680000000,0x0000000689bed6c8,0x0000000690880000)
 Metaspace       used 11648K, capacity 11716K, committed 11904K, reserved 1060864K
  class space    used 1289K, capacity 1310K, committed 1408K, reserved 1048576K
}
Event: 26.739 GC heap before
{Heap before GC invocations=38 (full 2):
 PSYoungGen      total 1397248K, used 1342266K [0x0000000755580000, 0x00000007b4180000, 0x00000007c0000000)
  eden space 1335808K, 100% used [0x0000000755580000,0x00000007a6e00000,0x00000007a6e00000)
  from space 61440K, 10% used [0x00000007a6e00000,0x00000007a744e800,0x00000007aaa00000)
  to   space 58368K, 0% used [0x00000007b0880000,0x00000007b0880000,0x00000007b4180000)
 ParOldGen       total 270848K, used 159669K [0x0000000680000000, 0x0000000690880000, 0x0000000755580000)
  object space 270848K, 58% used [0x0000000680000000,0x0000000689bed6c8,0x0000000690880000)
 Metaspace       used 11648K, capacity 11716K, committed 11904K, reserved 1060864K
  class space    used 1289K, capacity 1310K, committed 1408K, reserved 1048576K
Event: 26.749 GC heap after
Heap after GC invocations=38 (full 2):
 PSYoungGen      total 1468416K, used 6570K [0x0000000755580000, 0x00000007b3180000, 0x00000007c0000000)
  eden space 1426432K, 0% used [0x0000000755580000,0x0000000755580000,0x00000007ac680000)
  from space 41984K, 15% used [0x00000007b0880000,0x00000007b0eea8e0,0x00000007b3180000)
  to   space 54784K, 0% used [0x00000007ac680000,0x00000007ac680000,0x00000007afc00000)
 ParOldGen       total 270848K, used 159677K [0x0000000680000000, 0x0000000690880000, 0x0000000755580000)
  object space 270848K, 58% used [0x0000000680000000,0x0000000689bef6c8,0x0000000690880000)
 Metaspace       used 11648K, capacity 11716K, committed 11904K, reserved 1060864K
  class space    used 1289K, capacity 1310K, committed 1408K, reserved 1048576K
}
Event: 27.406 GC heap before
{Heap before GC invocations=39 (full 2):
 PSYoungGen      total 1468416K, used 1433002K [0x0000000755580000, 0x00000007b3180000, 0x00000007c0000000)
  eden space 1426432K, 100% used [0x0000000755580000,0x00000007ac680000,0x00000007ac680000)
  from space 41984K, 15% used [0x00000007b0880000,0x00000007b0eea8e0,0x00000007b3180000)
  to   space 54784K, 0% used [0x00000007ac680000,0x00000007ac680000,0x00000007afc00000)
 ParOldGen       total 270848K, used 159677K [0x0000000680000000, 0x0000000690880000, 0x0000000755580000)
  object space 270848K, 58% used [0x0000000680000000,0x0000000689bef6c8,0x0000000690880000)
 Metaspace       used 11656K, capacity 11780K, committed 11904K, reserved 1060864K
  class space    used 1289K, capacity 1310K, committed 1408K, reserved 1048576K
Event: 27.418 GC heap after
Heap after GC invocations=39 (full 2):
 PSYoungGen      total 1481216K, used 6698K [0x0000000755580000, 0x00000007b8600000, 0x00000007c0000000)
  eden space 1426432K, 0% used [0x0000000755580000,0x0000000755580000,0x00000007ac680000)
  from space 54784K, 12% used [0x00000007ac680000,0x00000007acd0a830,0x00000007afc00000)
  to   space 51712K, 0% used [0x00000007b5380000,0x00000007b5380000,0x00000007b8600000)
 ParOldGen       total 270848K, used 159677K [0x0000000680000000, 0x0000000690880000, 0x0000000755580000)
  object space 270848K, 58% used [0x0000000680000000,0x0000000689bef6c8,0x0000000690880000)
 Metaspace       used 11656K, capacity 11780K, committed 11904K, reserved 1060864K
  class space    used 1289K, capacity 1310K, committed 1408K, reserved 1048576K
}
Event: 28.233 GC heap before
{Heap before GC invocations=40 (full 2):
 PSYoungGen      total 1481216K, used 1433130K [0x0000000755580000, 0x00000007b8600000, 0x00000007c0000000)
  eden space 1426432K, 100% used [0x0000000755580000,0x00000007ac680000,0x00000007ac680000)
  from space 54784K, 12% used [0x00000007ac680000,0x00000007acd0a830,0x00000007afc00000)
  to   space 51712K, 0% used [0x00000007b5380000,0x00000007b5380000,0x00000007b8600000)
 ParOldGen       total 270848K, used 159677K [0x0000000680000000, 0x0000000690880000, 0x0000000755580000)
  object space 270848K, 58% used [0x0000000680000000,0x0000000689bef6c8,0x0000000690880000)
 Metaspace       used 11656K, capacity 11780K, committed 11904K, reserved 1060864K
  class space    used 1289K, capacity 1310K, committed 1408K, reserved 1048576K
Event: 28.268 GC heap after
Heap after GC invocations=40 (full 2):
 PSYoungGen      total 1573376K, used 4505K [0x0000000755580000, 0x00000007b8f80000, 0x00000007c0000000)
  eden space 1521664K, 0% used [0x0000000755580000,0x0000000755580000,0x00000007b2380000)
  from space 51712K, 8% used [0x00000007b5380000,0x00000007b57e67e0,0x00000007b8600000)
  to   space 49152K, 0% used [0x00000007b2380000,0x00000007b2380000,0x00000007b5380000)
 ParOldGen       total 270848K, used 159925K [0x0000000680000000, 0x0000000690880000, 0x0000000755580000)
  object space 270848K, 59% used [0x0000000680000000,0x0000000689c2d6e8,0x0000000690880000)
 Metaspace       used 11656K, capacity 11780K, committed 11904K, reserved 1060864K
  class space    used 1289K, capacity 1310K, committed 1408K, reserved 1048576K
}
Event: 28.948 GC heap before
{Heap before GC invocations=41 (full 2):
 PSYoungGen      total 1573376K, used 1526169K [0x0000000755580000, 0x00000007b8f80000, 0x00000007c0000000)
  eden space 1521664K, 100% used [0x0000000755580000,0x00000007b2380000,0x00000007b2380000)
  from space 51712K, 8% used [0x00000007b5380000,0x00000007b57e67e0,0x00000007b8600000)
  to   space 49152K, 0% used [0x00000007b2380000,0x00000007b2380000,0x00000007b5380000)
 ParOldGen       total 270848K, used 159925K [0x0000000680000000, 0x0000000690880000, 0x0000000755580000)
  object space 270848K, 59% used [0x0000000680000000,0x0000000689c2d6e8,0x0000000690880000)
 Metaspace       used 11657K, capacity 11780K, committed 11904K, reserved 1060864K
  class space    used 1289K, capacity 1310K, committed 1408K, reserved 1048576K

