# JRE version: OpenJDK Runtime Environment (8.0_144-b01) (build 1.8.0_144-b01)
# Java VM: OpenJDK 64-Bit Server VM (25.144-b01 mixed mode linux-amd64 compressed oops)
Heap:
 PSYoungGen      total 1299968K, used 0K [0x000000076ab00000, 0x00000007bfd80000, 0x00000007c0000000)
  eden space 1206784K, 0% used [0x000000076ab00000,0x000000076ab00000,0x00000007b4580000)
  from space 93184K, 0% used [0x00000007ba280000,0x00000007ba280000,0x00000007bfd80000)
  to   space 94208K, 0% used [0x00000007b4580000,0x00000007b4580000,0x00000007ba180000)
 ParOldGen       total 673280K, used 183575K [0x00000006c0000000, 0x00000006e9180000, 0x000000076ab00000)
  object space 673280K, 27% used [0x00000006c0000000,0x00000006cb345fc8,0x00000006e9180000)
 Metaspace       used 17643K, capacity 17896K, committed 18176K, reserved 1064960K
  class space    used 2136K, capacity 2230K, committed 2304K, reserved 1048576K
GC Heap History (10 events):
Event: 130.133 GC heap after
Heap after GC invocations=97 (full 17):
 PSYoungGen      total 1299456K, used 88145K [0x000000076ab00000, 0x00000007bfe80000, 0x00000007c0000000)
  eden space 1202176K, 0% used [0x000000076ab00000,0x000000076ab00000,0x00000007b4100000)
  from space 97280K, 90% used [0x00000007b9f80000,0x00000007bf594600,0x00000007bfe80000)
  to   space 96768K, 0% used [0x00000007b4100000,0x00000007b4100000,0x00000007b9f80000)
 ParOldGen       total 673280K, used 238076K [0x00000006c0000000, 0x00000006e9180000, 0x000000076ab00000)
  object space 673280K, 35% used [0x00000006c0000000,0x00000006ce87f3b8,0x00000006e9180000)
 Metaspace       used 17641K, capacity 17896K, committed 18176K, reserved 1064960K
  class space    used 2136K, capacity 2230K, committed 2304K, reserved 1048576K
}
Event: 131.680 GC heap before
{Heap before GC invocations=98 (full 17):
 PSYoungGen      total 1299456K, used 1290321K [0x000000076ab00000, 0x00000007bfe80000, 0x00000007c0000000)
  eden space 1202176K, 100% used [0x000000076ab00000,0x00000007b4100000,0x00000007b4100000)
  from space 97280K, 90% used [0x00000007b9f80000,0x00000007bf594600,0x00000007bfe80000)
  to   space 96768K, 0% used [0x00000007b4100000,0x00000007b4100000,0x00000007b9f80000)
 ParOldGen       total 673280K, used 238076K [0x00000006c0000000, 0x00000006e9180000, 0x000000076ab00000)
  object space 673280K, 35% used [0x00000006c0000000,0x00000006ce87f3b8,0x00000006e9180000)
 Metaspace       used 17641K, capacity 17896K, committed 18176K, reserved 1064960K
  class space    used 2136K, capacity 2230K, committed 2304K, reserved 1048576K
Event: 131.769 GC heap after
Heap after GC invocations=98 (full 17):
 PSYoungGen      total 1298944K, used 88337K [0x000000076ab00000, 0x00000007bff80000, 0x00000007c0000000)
  eden space 1202176K, 0% used [0x000000076ab00000,0x000000076ab00000,0x00000007b4100000)
  from space 96768K, 91% used [0x00000007b4100000,0x00000007b97445c0,0x00000007b9f80000)
  to   space 96768K, 0% used [0x00000007ba100000,0x00000007ba100000,0x00000007bff80000)
 ParOldGen       total 673280K, used 324847K [0x00000006c0000000, 0x00000006e9180000, 0x000000076ab00000)
  object space 673280K, 48% used [0x00000006c0000000,0x00000006d3d3beb8,0x00000006e9180000)
 Metaspace       used 17641K, capacity 17896K, committed 18176K, reserved 1064960K
  class space    used 2136K, capacity 2230K, committed 2304K, reserved 1048576K
}
Event: 133.300 GC heap before
{Heap before GC invocations=99 (full 17):
 PSYoungGen      total 1298944K, used 1290513K [0x000000076ab00000, 0x00000007bff80000, 0x00000007c0000000)
  eden space 1202176K, 100% used [0x000000076ab00000,0x00000007b4100000,0x00000007b4100000)
  from space 96768K, 91% used [0x00000007b4100000,0x00000007b97445c0,0x00000007b9f80000)
  to   space 96768K, 0% used [0x00000007ba100000,0x00000007ba100000,0x00000007bff80000)
 ParOldGen       total 673280K, used 324847K [0x00000006c0000000, 0x00000006e9180000, 0x000000076ab00000)
  object space 673280K, 48% used [0x00000006c0000000,0x00000006d3d3beb8,0x00000006e9180000)
 Metaspace       used 17642K, capacity 17896K, committed 18176K, reserved 1064960K
  class space    used 2136K, capacity 2230K, committed 2304K, reserved 1048576K
Event: 133.389 GC heap after
Heap after GC invocations=99 (full 17):
 PSYoungGen      total 1299456K, used 86337K [0x000000076ab00000, 0x00000007bfe00000, 0x00000007c0000000)
  eden space 1204224K, 0% used [0x000000076ab00000,0x000000076ab00000,0x00000007b4300000)
  from space 95232K, 90% used [0x00000007ba100000,0x00000007bf550540,0x00000007bfe00000)
  to   space 95744K, 0% used [0x00000007b4300000,0x00000007b4300000,0x00000007ba080000)
 ParOldGen       total 673280K, used 411858K [0x00000006c0000000, 0x00000006e9180000, 0x000000076ab00000)
  object space 673280K, 61% used [0x00000006c0000000,0x00000006d92349b8,0x00000006e9180000)
 Metaspace       used 17642K, capacity 17896K, committed 18176K, reserved 1064960K
  class space    used 2136K, capacity 2230K, committed 2304K, reserved 1048576K
}
Event: 134.995 GC heap before
{Heap before GC invocations=100 (full 17):
 PSYoungGen      total 1299456K, used 1290561K [0x000000076ab00000, 0x00000007bfe00000, 0x00000007c0000000)
  eden space 1204224K, 100% used [0x000000076ab00000,0x00000007b4300000,0x00000007b4300000)
  from space 95232K, 90% used [0x00000007ba100000,0x00000007bf550540,0x00000007bfe00000)
  to   space 95744K, 0% used [0x00000007b4300000,0x00000007b4300000,0x00000007ba080000)
 ParOldGen       total 673280K, used 411858K [0x00000006c0000000, 0x00000006e9180000, 0x000000076ab00000)
  object space 673280K, 61% used [0x00000006c0000000,0x00000006d92349b8,0x00000006e9180000)
 Metaspace       used 17643K, capacity 17896K, committed 18176K, reserved 1064960K
  class space    used 2136K, capacity 2230K, committed 2304K, reserved 1048576K
Event: 135.084 GC heap after
Heap after GC invocations=100 (full 17):
 PSYoungGen      total 1299968K, used 87055K [0x000000076ab00000, 0x00000007bff80000, 0x00000007c0000000)
  eden space 1204224K, 0% used [0x000000076ab00000,0x000000076ab00000,0x00000007b4300000)
  from space 95744K, 90% used [0x00000007b4300000,0x00000007b9803e10,0x00000007ba080000)
  to   space 95232K, 0% used [0x00000007ba280000,0x00000007ba280000,0x00000007bff80000)
 ParOldGen       total 673280K, used 498149K [0x00000006c0000000, 0x00000006e9180000, 0x000000076ab00000)
  object space 673280K, 73% used [0x00000006c0000000,0x00000006de679498,0x00000006e9180000)
 Metaspace       used 17643K, capacity 17896K, committed 18176K, reserved 1064960K
  class space    used 2136K, capacity 2230K, committed 2304K, reserved 1048576K
}
Event: 136.760 GC heap before
{Heap before GC invocations=101 (full 17):
 PSYoungGen      total 1299968K, used 1291279K [0x000000076ab00000, 0x00000007bff80000, 0x00000007c0000000)
  eden space 1204224K, 100% used [0x000000076ab00000,0x00000007b4300000,0x00000007b4300000)
  from space 95744K, 90% used [0x00000007b4300000,0x00000007b9803e10,0x00000007ba080000)
  to   space 95232K, 0% used [0x00000007ba280000,0x00000007ba280000,0x00000007bff80000)
 ParOldGen       total 673280K, used 498149K [0x00000006c0000000, 0x00000006e9180000, 0x000000076ab00000)
  object space 673280K, 73% used [0x00000006c0000000,0x00000006de679498,0x00000006e9180000)
 Metaspace       used 17643K, capacity 17896K, committed 18176K, reserved 1064960K
  class space    used 2136K, capacity 2230K, committed 2304K, reserved 1048576K
Event: 136.856 GC heap after
Heap after GC invocations=101 (full 17):
 PSYoungGen      total 1299968K, used 86303K [0x000000076ab00000, 0x00000007bfd80000, 0x00000007c0000000)
  eden space 1206784K, 0% used [0x000000076ab00000,0x000000076ab00000,0x00000007b4580000)
  from space 93184K, 92% used [0x00000007ba280000,0x00000007bf6c7c90,0x00000007bfd80000)
  to   space 94208K, 0% used [0x00000007b4580000,0x00000007b4580000,0x00000007ba180000)
 ParOldGen       total 673280K, used 584895K [0x00000006c0000000, 0x00000006e9180000, 0x000000076ab00000)
  object space 673280K, 86% used [0x00000006c0000000,0x00000006e3b2ff98,0x00000006e9180000)
 Metaspace       used 17643K, capacity 17896K, committed 18176K, reserved 1064960K
  class space    used 2136K, capacity 2230K, committed 2304K, reserved 1048576K
}
Event: 136.856 GC heap before
{Heap before GC invocations=102 (full 18):
 PSYoungGen      total 1299968K, used 86303K [0x000000076ab00000, 0x00000007bfd80000, 0x00000007c0000000)
  eden space 1206784K, 0% used [0x000000076ab00000,0x000000076ab00000,0x00000007b4580000)
  from space 93184K, 92% used [0x00000007ba280000,0x00000007bf6c7c90,0x00000007bfd80000)
  to   space 94208K, 0% used [0x00000007b4580000,0x00000007b4580000,0x00000007ba180000)
 ParOldGen       total 673280K, used 584895K [0x00000006c0000000, 0x00000006e9180000, 0x000000076ab00000)
  object space 673280K, 86% used [0x00000006c0000000,0x00000006e3b2ff98,0x00000006e9180000)
 Metaspace       used 17643K, capacity 17896K, committed 18176K, reserved 1064960K
  class space    used 2136K, capacity 2230K, committed 2304K, reserved 1048576K

