# JRE version: OpenJDK Runtime Environment (8.0_144-b01) (build 1.8.0_144-b01)
# Java VM: OpenJDK 64-Bit Server VM (25.144-b01 mixed mode linux-amd64 compressed oops)
Heap:
 PSYoungGen      total 1598464K, used 27541K [0x0000000755580000, 0x00000007bf580000, 0x00000007c0000000)
  eden space 1466368K, 0% used [0x0000000755580000,0x0000000755580000,0x00000007aed80000)
  from space 132096K, 20% used [0x00000007aed80000,0x00000007b08656e8,0x00000007b6e80000)
  to   space 128512K, 0% used [0x00000007b7800000,0x00000007b7800000,0x00000007bf580000)
 ParOldGen       total 647168K, used 646818K [0x0000000680000000, 0x00000006a7800000, 0x0000000755580000)
  object space 647168K, 99% used [0x0000000680000000,0x00000006a77a88d8,0x00000006a7800000)
 Metaspace       used 11870K, capacity 11972K, committed 12160K, reserved 1060864K
  class space    used 1296K, capacity 1310K, committed 1408K, reserved 1048576K
GC Heap History (10 events):
Event: 186.513 GC heap after
Heap after GC invocations=77 (full 4):
 PSYoungGen      total 1586688K, used 60862K [0x0000000755580000, 0x00000007bfa00000, 0x00000007c0000000)
  eden space 1441792K, 0% used [0x0000000755580000,0x0000000755580000,0x00000007ad580000)
  from space 144896K, 42% used [0x00000007ad580000,0x00000007b10ef8b8,0x00000007b6300000)
  to   space 143360K, 0% used [0x00000007b6e00000,0x00000007b6e00000,0x00000007bfa00000)
 ParOldGen       total 647168K, used 633104K [0x0000000680000000, 0x00000006a7800000, 0x0000000755580000)
  object space 647168K, 97% used [0x0000000680000000,0x00000006a6a44230,0x00000006a7800000)
 Metaspace       used 11867K, capacity 11972K, committed 12160K, reserved 1060864K
  class space    used 1296K, capacity 1310K, committed 1408K, reserved 1048576K
}
Event: 190.055 GC heap before
{Heap before GC invocations=78 (full 4):
 PSYoungGen      total 1586688K, used 1502654K [0x0000000755580000, 0x00000007bfa00000, 0x00000007c0000000)
  eden space 1441792K, 100% used [0x0000000755580000,0x00000007ad580000,0x00000007ad580000)
  from space 144896K, 42% used [0x00000007ad580000,0x00000007b10ef8b8,0x00000007b6300000)
  to   space 143360K, 0% used [0x00000007b6e00000,0x00000007b6e00000,0x00000007bfa00000)
 ParOldGen       total 647168K, used 633104K [0x0000000680000000, 0x00000006a7800000, 0x0000000755580000)
  object space 647168K, 97% used [0x0000000680000000,0x00000006a6a44230,0x00000006a7800000)
 Metaspace       used 11868K, capacity 11972K, committed 12160K, reserved 1060864K
  class space    used 1296K, capacity 1310K, committed 1408K, reserved 1048576K
Event: 190.116 GC heap after
Heap after GC invocations=78 (full 4):
 PSYoungGen      total 1600000K, used 62362K [0x0000000755580000, 0x00000007bfa80000, 0x00000007c0000000)
  eden space 1456640K, 0% used [0x0000000755580000,0x0000000755580000,0x00000007ae400000)
  from space 143360K, 43% used [0x00000007b6e00000,0x00000007baae6800,0x00000007bfa00000)
  to   space 141312K, 0% used [0x00000007ae400000,0x00000007ae400000,0x00000007b6e00000)
 ParOldGen       total 647168K, used 634728K [0x0000000680000000, 0x00000006a7800000, 0x0000000755580000)
  object space 647168K, 98% used [0x0000000680000000,0x00000006a6bda230,0x00000006a7800000)
 Metaspace       used 11868K, capacity 11972K, committed 12160K, reserved 1060864K
  class space    used 1296K, capacity 1310K, committed 1408K, reserved 1048576K
}
Event: 193.782 GC heap before
{Heap before GC invocations=79 (full 4):
 PSYoungGen      total 1600000K, used 1519002K [0x0000000755580000, 0x00000007bfa80000, 0x00000007c0000000)
  eden space 1456640K, 100% used [0x0000000755580000,0x00000007ae400000,0x00000007ae400000)
  from space 143360K, 43% used [0x00000007b6e00000,0x00000007baae6800,0x00000007bfa00000)
  to   space 141312K, 0% used [0x00000007ae400000,0x00000007ae400000,0x00000007b6e00000)
 ParOldGen       total 647168K, used 634728K [0x0000000680000000, 0x00000006a7800000, 0x0000000755580000)
  object space 647168K, 98% used [0x0000000680000000,0x00000006a6bda230,0x00000006a7800000)
 Metaspace       used 11868K, capacity 11972K, committed 12160K, reserved 1060864K
  class space    used 1296K, capacity 1310K, committed 1408K, reserved 1048576K
Event: 193.849 GC heap after
Heap after GC invocations=79 (full 4):
 PSYoungGen      total 1597952K, used 79602K [0x0000000755580000, 0x00000007bf300000, 0x00000007c0000000)
  eden space 1456640K, 0% used [0x0000000755580000,0x0000000755580000,0x00000007ae400000)
  from space 141312K, 56% used [0x00000007ae400000,0x00000007b31bca40,0x00000007b6e00000)
  to   space 135680K, 0% used [0x00000007b6e80000,0x00000007b6e80000,0x00000007bf300000)
 ParOldGen       total 647168K, used 636112K [0x0000000680000000, 0x00000006a7800000, 0x0000000755580000)
  object space 647168K, 98% used [0x0000000680000000,0x00000006a6d34230,0x00000006a7800000)
 Metaspace       used 11868K, capacity 11972K, committed 12160K, reserved 1060864K
  class space    used 1296K, capacity 1310K, committed 1408K, reserved 1048576K
}
Event: 197.050 GC heap before
{Heap before GC invocations=80 (full 4):
 PSYoungGen      total 1597952K, used 1536242K [0x0000000755580000, 0x00000007bf300000, 0x00000007c0000000)
  eden space 1456640K, 100% used [0x0000000755580000,0x00000007ae400000,0x00000007ae400000)
  from space 141312K, 56% used [0x00000007ae400000,0x00000007b31bca40,0x00000007b6e00000)
  to   space 135680K, 0% used [0x00000007b6e80000,0x00000007b6e80000,0x00000007bf300000)
 ParOldGen       total 647168K, used 636112K [0x0000000680000000, 0x00000006a7800000, 0x0000000755580000)
  object space 647168K, 98% used [0x0000000680000000,0x00000006a6d34230,0x00000006a7800000)
 Metaspace       used 11870K, capacity 11972K, committed 12160K, reserved 1060864K
  class space    used 1296K, capacity 1310K, committed 1408K, reserved 1048576K
Event: 197.124 GC heap after
Heap after GC invocations=80 (full 4):
 PSYoungGen      total 1602048K, used 85793K [0x0000000755580000, 0x00000007bf380000, 0x00000007c0000000)
  eden space 1466368K, 0% used [0x0000000755580000,0x0000000755580000,0x00000007aed80000)
  from space 135680K, 63% used [0x00000007b6e80000,0x00000007bc248400,0x00000007bf300000)
  to   space 132096K, 0% used [0x00000007aed80000,0x00000007aed80000,0x00000007b6e80000)
 ParOldGen       total 647168K, used 639496K [0x0000000680000000, 0x00000006a7800000, 0x0000000755580000)
  object space 647168K, 98% used [0x0000000680000000,0x00000006a7082230,0x00000006a7800000)
 Metaspace       used 11870K, capacity 11972K, committed 12160K, reserved 1060864K
  class space    used 1296K, capacity 1310K, committed 1408K, reserved 1048576K
}
Event: 199.984 GC heap before
{Heap before GC invocations=81 (full 4):
 PSYoungGen      total 1602048K, used 1552161K [0x0000000755580000, 0x00000007bf380000, 0x00000007c0000000)
  eden space 1466368K, 100% used [0x0000000755580000,0x00000007aed80000,0x00000007aed80000)
  from space 135680K, 63% used [0x00000007b6e80000,0x00000007bc248400,0x00000007bf300000)
  to   space 132096K, 0% used [0x00000007aed80000,0x00000007aed80000,0x00000007b6e80000)
 ParOldGen       total 647168K, used 639496K [0x0000000680000000, 0x00000006a7800000, 0x0000000755580000)
  object space 647168K, 98% used [0x0000000680000000,0x00000006a7082230,0x00000006a7800000)
 Metaspace       used 11870K, capacity 11972K, committed 12160K, reserved 1060864K
  class space    used 1296K, capacity 1310K, committed 1408K, reserved 1048576K
Event: 200.059 GC heap after
Heap after GC invocations=81 (full 4):
 PSYoungGen      total 1598464K, used 86665K [0x0000000755580000, 0x00000007bf580000, 0x00000007c0000000)
  eden space 1466368K, 0% used [0x0000000755580000,0x0000000755580000,0x00000007aed80000)
  from space 132096K, 65% used [0x00000007aed80000,0x00000007b4222448,0x00000007b6e80000)
  to   space 128512K, 0% used [0x00000007b7800000,0x00000007b7800000,0x00000007bf580000)
 ParOldGen       total 647168K, used 641352K [0x0000000680000000, 0x00000006a7800000, 0x0000000755580000)
  object space 647168K, 99% used [0x0000000680000000,0x00000006a7252230,0x00000006a7800000)
 Metaspace       used 11870K, capacity 11972K, committed 12160K, reserved 1060864K
  class space    used 1296K, capacity 1310K, committed 1408K, reserved 1048576K
}
Event: 200.059 GC heap before
{Heap before GC invocations=82 (full 5):
 PSYoungGen      total 1598464K, used 86665K [0x0000000755580000, 0x00000007bf580000, 0x00000007c0000000)
  eden space 1466368K, 0% used [0x0000000755580000,0x0000000755580000,0x00000007aed80000)
  from space 132096K, 65% used [0x00000007aed80000,0x00000007b4222448,0x00000007b6e80000)
  to   space 128512K, 0% used [0x00000007b7800000,0x00000007b7800000,0x00000007bf580000)
 ParOldGen       total 647168K, used 641352K [0x0000000680000000, 0x00000006a7800000, 0x0000000755580000)
  object space 647168K, 99% used [0x0000000680000000,0x00000006a7252230,0x00000006a7800000)
 Metaspace       used 11870K, capacity 11972K, committed 12160K, reserved 1060864K
  class space    used 1296K, capacity 1310K, committed 1408K, reserved 1048576K

