# JRE version: OpenJDK Runtime Environment (8.0_144-b01) (build 1.8.0_144-b01)
# Java VM: OpenJDK 64-Bit Server VM (25.144-b01 mixed mode linux-amd64 compressed oops)
Heap:
 PSYoungGen      total 1396736K, used 3808K [0x0000000755580000, 0x00000007ac980000, 0x00000007c0000000)
  eden space 1363968K, 0% used [0x0000000755580000,0x0000000755580000,0x00000007a8980000)
  from space 32768K, 11% used [0x00000007a8980000,0x00000007a8d38080,0x00000007aa980000)
  to   space 28672K, 0% used [0x00000007aad80000,0x00000007aad80000,0x00000007ac980000)
 ParOldGen       total 271872K, used 157171K [0x0000000680000000, 0x0000000690980000, 0x0000000755580000)
  object space 271872K, 57% used [0x0000000680000000,0x000000068997cca0,0x0000000690980000)
 Metaspace       used 11629K, capacity 11716K, committed 11904K, reserved 1060864K
  class space    used 1287K, capacity 1310K, committed 1408K, reserved 1048576K
GC Heap History (10 events):
Event: 21.400 GC heap after
Heap after GC invocations=30 (full 2):
 PSYoungGen      total 1182720K, used 5680K [0x0000000755580000, 0x00000007a0c00000, 0x00000007c0000000)
  eden space 1153536K, 0% used [0x0000000755580000,0x0000000755580000,0x000000079bc00000)
  from space 29184K, 19% used [0x000000079ef80000,0x000000079f50c0d0,0x00000007a0c00000)
  to   space 40960K, 0% used [0x000000079bc00000,0x000000079bc00000,0x000000079e400000)
 ParOldGen       total 271872K, used 156395K [0x0000000680000000, 0x0000000690980000, 0x0000000755580000)
  object space 271872K, 57% used [0x0000000680000000,0x00000006898bac50,0x0000000690980000)
 Metaspace       used 11588K, capacity 11716K, committed 11904K, reserved 1060864K
  class space    used 1287K, capacity 1310K, committed 1408K, reserved 1048576K
}
Event: 22.215 GC heap before
{Heap before GC invocations=31 (full 2):
 PSYoungGen      total 1182720K, used 1159216K [0x0000000755580000, 0x00000007a0c00000, 0x00000007c0000000)
  eden space 1153536K, 100% used [0x0000000755580000,0x000000079bc00000,0x000000079bc00000)
  from space 29184K, 19% used [0x000000079ef80000,0x000000079f50c0d0,0x00000007a0c00000)
  to   space 40960K, 0% used [0x000000079bc00000,0x000000079bc00000,0x000000079e400000)
 ParOldGen       total 271872K, used 156395K [0x0000000680000000, 0x0000000690980000, 0x0000000755580000)
  object space 271872K, 57% used [0x0000000680000000,0x00000006898bac50,0x0000000690980000)
 Metaspace       used 11604K, capacity 11716K, committed 11904K, reserved 1060864K
  class space    used 1287K, capacity 1310K, committed 1408K, reserved 1048576K
Event: 22.236 GC heap after
Heap after GC invocations=31 (full 2):
 PSYoungGen      total 1194496K, used 4464K [0x0000000755580000, 0x00000007a6180000, 0x00000007c0000000)
  eden space 1153536K, 0% used [0x0000000755580000,0x0000000755580000,0x000000079bc00000)
  from space 40960K, 10% used [0x000000079bc00000,0x000000079c05c0b0,0x000000079e400000)
  to   space 38912K, 0% used [0x00000007a3b80000,0x00000007a3b80000,0x00000007a6180000)
 ParOldGen       total 271872K, used 156427K [0x0000000680000000, 0x0000000690980000, 0x0000000755580000)
  object space 271872K, 57% used [0x0000000680000000,0x00000006898c2c50,0x0000000690980000)
 Metaspace       used 11604K, capacity 11716K, committed 11904K, reserved 1060864K
  class space    used 1287K, capacity 1310K, committed 1408K, reserved 1048576K
}
Event: 22.733 GC heap before
{Heap before GC invocations=32 (full 2):
 PSYoungGen      total 1194496K, used 1158000K [0x0000000755580000, 0x00000007a6180000, 0x00000007c0000000)
  eden space 1153536K, 100% used [0x0000000755580000,0x000000079bc00000,0x000000079bc00000)
  from space 40960K, 10% used [0x000000079bc00000,0x000000079c05c0b0,0x000000079e400000)
  to   space 38912K, 0% used [0x00000007a3b80000,0x00000007a3b80000,0x00000007a6180000)
 ParOldGen       total 271872K, used 156427K [0x0000000680000000, 0x0000000690980000, 0x0000000755580000)
  object space 271872K, 57% used [0x0000000680000000,0x00000006898c2c50,0x0000000690980000)
 Metaspace       used 11606K, capacity 11716K, committed 11904K, reserved 1060864K
  class space    used 1287K, capacity 1310K, committed 1408K, reserved 1048576K
Event: 22.749 GC heap after
Heap after GC invocations=32 (full 2):
 PSYoungGen      total 1286144K, used 5616K [0x0000000755580000, 0x00000007a6380000, 0x00000007c0000000)
  eden space 1247232K, 0% used [0x0000000755580000,0x0000000755580000,0x00000007a1780000)
  from space 38912K, 14% used [0x00000007a3b80000,0x00000007a40fc0b0,0x00000007a6180000)
  to   space 36864K, 0% used [0x00000007a1780000,0x00000007a1780000,0x00000007a3b80000)
 ParOldGen       total 271872K, used 156427K [0x0000000680000000, 0x0000000690980000, 0x0000000755580000)
  object space 271872K, 57% used [0x0000000680000000,0x00000006898c2c50,0x0000000690980000)
 Metaspace       used 11606K, capacity 11716K, committed 11904K, reserved 1060864K
  class space    used 1287K, capacity 1310K, committed 1408K, reserved 1048576K
}
Event: 23.355 GC heap before
{Heap before GC invocations=33 (full 2):
 PSYoungGen      total 1286144K, used 1252848K [0x0000000755580000, 0x00000007a6380000, 0x00000007c0000000)
  eden space 1247232K, 100% used [0x0000000755580000,0x00000007a1780000,0x00000007a1780000)
  from space 38912K, 14% used [0x00000007a3b80000,0x00000007a40fc0b0,0x00000007a6180000)
  to   space 36864K, 0% used [0x00000007a1780000,0x00000007a1780000,0x00000007a3b80000)
 ParOldGen       total 271872K, used 156427K [0x0000000680000000, 0x0000000690980000, 0x0000000755580000)
  object space 271872K, 57% used [0x0000000680000000,0x00000006898c2c50,0x0000000690980000)
 Metaspace       used 11617K, capacity 11716K, committed 11904K, reserved 1060864K
  class space    used 1287K, capacity 1310K, committed 1408K, reserved 1048576K
Event: 23.383 GC heap after
Heap after GC invocations=33 (full 2):
 PSYoungGen      total 1284096K, used 5104K [0x0000000755580000, 0x00000007acf80000, 0x00000007c0000000)
  eden space 1247232K, 0% used [0x0000000755580000,0x0000000755580000,0x00000007a1780000)
  from space 36864K, 13% used [0x00000007a1780000,0x00000007a1c7c090,0x00000007a3b80000)
  to   space 34816K, 0% used [0x00000007aad80000,0x00000007aad80000,0x00000007acf80000)
 ParOldGen       total 271872K, used 156891K [0x0000000680000000, 0x0000000690980000, 0x0000000755580000)
  object space 271872K, 57% used [0x0000000680000000,0x0000000689936c90,0x0000000690980000)
 Metaspace       used 11617K, capacity 11716K, committed 11904K, reserved 1060864K
  class space    used 1287K, capacity 1310K, committed 1408K, reserved 1048576K
}
Event: 23.945 GC heap before
{Heap before GC invocations=34 (full 2):
 PSYoungGen      total 1284096K, used 1252336K [0x0000000755580000, 0x00000007acf80000, 0x00000007c0000000)
  eden space 1247232K, 100% used [0x0000000755580000,0x00000007a1780000,0x00000007a1780000)
  from space 36864K, 13% used [0x00000007a1780000,0x00000007a1c7c090,0x00000007a3b80000)
  to   space 34816K, 0% used [0x00000007aad80000,0x00000007aad80000,0x00000007acf80000)
 ParOldGen       total 271872K, used 156891K [0x0000000680000000, 0x0000000690980000, 0x0000000755580000)
  object space 271872K, 57% used [0x0000000680000000,0x0000000689936c90,0x0000000690980000)
 Metaspace       used 11626K, capacity 11716K, committed 11904K, reserved 1060864K
  class space    used 1287K, capacity 1310K, committed 1408K, reserved 1048576K
Event: 23.960 GC heap after
Heap after GC invocations=34 (full 2):
 PSYoungGen      total 1392640K, used 5104K [0x0000000755580000, 0x00000007ac980000, 0x00000007c0000000)
  eden space 1363968K, 0% used [0x0000000755580000,0x0000000755580000,0x00000007a8980000)
  from space 28672K, 17% used [0x00000007aad80000,0x00000007ab27c0b0,0x00000007ac980000)
  to   space 32768K, 0% used [0x00000007a8980000,0x00000007a8980000,0x00000007aa980000)
 ParOldGen       total 271872K, used 157083K [0x0000000680000000, 0x0000000690980000, 0x0000000755580000)
  object space 271872K, 57% used [0x0000000680000000,0x0000000689966c90,0x0000000690980000)
 Metaspace       used 11626K, capacity 11716K, committed 11904K, reserved 1060864K
  class space    used 1287K, capacity 1310K, committed 1408K, reserved 1048576K
}
Event: 24.547 GC heap before
{Heap before GC invocations=35 (full 2):
 PSYoungGen      total 1392640K, used 1369072K [0x0000000755580000, 0x00000007ac980000, 0x00000007c0000000)
  eden space 1363968K, 100% used [0x0000000755580000,0x00000007a8980000,0x00000007a8980000)
  from space 28672K, 17% used [0x00000007aad80000,0x00000007ab27c0b0,0x00000007ac980000)
  to   space 32768K, 0% used [0x00000007a8980000,0x00000007a8980000,0x00000007aa980000)
 ParOldGen       total 271872K, used 157083K [0x0000000680000000, 0x0000000690980000, 0x0000000755580000)
  object space 271872K, 57% used [0x0000000680000000,0x0000000689966c90,0x0000000690980000)
 Metaspace       used 11629K, capacity 11716K, committed 11904K, reserved 1060864K
  class space    used 1287K, capacity 1310K, committed 1408K, reserved 1048576K

