# JRE version: OpenJDK Runtime Environment (8.0_144-b01) (build 1.8.0_144-b01)
# Java VM: OpenJDK 64-Bit Server VM (25.144-b01 mixed mode linux-amd64 compressed oops)
Heap:
 PSYoungGen      total 840704K, used 19168K [0x000000076ab00000, 0x00000007a0700000, 0x00000007c0000000)
  eden space 803840K, 0% used [0x000000076ab00000,0x000000076ab00000,0x000000079bc00000)
  from space 36864K, 51% used [0x000000079bc00000,0x000000079ceb8150,0x000000079e000000)
  to   space 33792K, 0% used [0x000000079e000000,0x000000079e000000,0x00000007a0100000)
 ParOldGen       total 84992K, used 52985K [0x00000006c0000000, 0x00000006c5300000, 0x000000076ab00000)
  object space 84992K, 62% used [0x00000006c0000000,0x00000006c33be448,0x00000006c5300000)
 Metaspace       used 17440K, capacity 17698K, committed 17920K, reserved 1064960K
  class space    used 2128K, capacity 2229K, committed 2304K, reserved 1048576K
GC Heap History (10 events):
Event: 6.530 GC heap after
Heap after GC invocations=6 (full 0):
 PSYoungGen      total 282112K, used 5781K [0x000000076ab00000, 0x000000077da00000, 0x00000007c0000000)
  eden space 253952K, 0% used [0x000000076ab00000,0x000000076ab00000,0x000000077a300000)
  from space 28160K, 20% used [0x000000077be80000,0x000000077c4254c0,0x000000077da00000)
  to   space 28160K, 0% used [0x000000077a300000,0x000000077a300000,0x000000077be80000)
 ParOldGen       total 84992K, used 47223K [0x00000006c0000000, 0x00000006c5300000, 0x000000076ab00000)
  object space 84992K, 55% used [0x00000006c0000000,0x00000006c2e1dd78,0x00000006c5300000)
 Metaspace       used 17153K, capacity 17398K, committed 17664K, reserved 1064960K
  class space    used 2102K, capacity 2195K, committed 2304K, reserved 1048576K
}
Event: 8.409 GC heap before
{Heap before GC invocations=7 (full 0):
 PSYoungGen      total 282112K, used 259733K [0x000000076ab00000, 0x000000077da00000, 0x00000007c0000000)
  eden space 253952K, 100% used [0x000000076ab00000,0x000000077a300000,0x000000077a300000)
  from space 28160K, 20% used [0x000000077be80000,0x000000077c4254c0,0x000000077da00000)
  to   space 28160K, 0% used [0x000000077a300000,0x000000077a300000,0x000000077be80000)
 ParOldGen       total 84992K, used 47223K [0x00000006c0000000, 0x00000006c5300000, 0x000000076ab00000)
  object space 84992K, 55% used [0x00000006c0000000,0x00000006c2e1dd78,0x00000006c5300000)
 Metaspace       used 17236K, capacity 17462K, committed 17664K, reserved 1064960K
  class space    used 2110K, capacity 2195K, committed 2304K, reserved 1048576K
Event: 8.433 GC heap after
Heap after GC invocations=7 (full 0):
 PSYoungGen      total 282112K, used 10037K [0x000000076ab00000, 0x000000078d000000, 0x00000007c0000000)
  eden space 253952K, 0% used [0x000000076ab00000,0x000000076ab00000,0x000000077a300000)
  from space 28160K, 35% used [0x000000077a300000,0x000000077accd550,0x000000077be80000)
  to   space 27136K, 0% used [0x000000078b580000,0x000000078b580000,0x000000078d000000)
 ParOldGen       total 84992K, used 49983K [0x00000006c0000000, 0x00000006c5300000, 0x000000076ab00000)
  object space 84992K, 58% used [0x00000006c0000000,0x00000006c30cff08,0x00000006c5300000)
 Metaspace       used 17236K, capacity 17462K, committed 17664K, reserved 1064960K
  class space    used 2110K, capacity 2195K, committed 2304K, reserved 1048576K
}
Event: 8.851 GC heap before
{Heap before GC invocations=8 (full 0):
 PSYoungGen      total 282112K, used 263989K [0x000000076ab00000, 0x000000078d000000, 0x00000007c0000000)
  eden space 253952K, 100% used [0x000000076ab00000,0x000000077a300000,0x000000077a300000)
  from space 28160K, 35% used [0x000000077a300000,0x000000077accd550,0x000000077be80000)
  to   space 27136K, 0% used [0x000000078b580000,0x000000078b580000,0x000000078d000000)
 ParOldGen       total 84992K, used 49983K [0x00000006c0000000, 0x00000006c5300000, 0x000000076ab00000)
  object space 84992K, 58% used [0x00000006c0000000,0x00000006c30cff08,0x00000006c5300000)
 Metaspace       used 17352K, capacity 17596K, committed 17920K, reserved 1064960K
  class space    used 2121K, capacity 2196K, committed 2304K, reserved 1048576K
Event: 8.884 GC heap after
Heap after GC invocations=8 (full 0):
 PSYoungGen      total 531456K, used 25264K [0x000000076ab00000, 0x000000078d700000, 0x00000007c0000000)
  eden space 504320K, 0% used [0x000000076ab00000,0x000000076ab00000,0x0000000789780000)
  from space 27136K, 93% used [0x000000078b580000,0x000000078ce2c240,0x000000078d000000)
  to   space 30720K, 0% used [0x0000000789780000,0x0000000789780000,0x000000078b580000)
 ParOldGen       total 84992K, used 52217K [0x00000006c0000000, 0x00000006c5300000, 0x000000076ab00000)
  object space 84992K, 61% used [0x00000006c0000000,0x00000006c32fe428,0x00000006c5300000)
 Metaspace       used 17352K, capacity 17596K, committed 17920K, reserved 1064960K
  class space    used 2121K, capacity 2196K, committed 2304K, reserved 1048576K
}
Event: 9.776 GC heap before
{Heap before GC invocations=9 (full 0):
 PSYoungGen      total 531456K, used 529183K [0x000000076ab00000, 0x000000078d700000, 0x00000007c0000000)
  eden space 504320K, 99% used [0x000000076ab00000,0x000000078971bce8,0x0000000789780000)
  from space 27136K, 93% used [0x000000078b580000,0x000000078ce2c240,0x000000078d000000)
  to   space 30720K, 0% used [0x0000000789780000,0x0000000789780000,0x000000078b580000)
 ParOldGen       total 84992K, used 52217K [0x00000006c0000000, 0x00000006c5300000, 0x000000076ab00000)
  object space 84992K, 61% used [0x00000006c0000000,0x00000006c32fe428,0x00000006c5300000)
 Metaspace       used 17398K, capacity 17634K, committed 17920K, reserved 1064960K
  class space    used 2128K, capacity 2229K, committed 2304K, reserved 1048576K
Event: 9.803 GC heap after
Heap after GC invocations=9 (full 0):
 PSYoungGen      total 535040K, used 26784K [0x000000076ab00000, 0x00000007a0100000, 0x00000007c0000000)
  eden space 504320K, 0% used [0x000000076ab00000,0x000000076ab00000,0x0000000789780000)
  from space 30720K, 87% used [0x0000000789780000,0x000000078b1a8210,0x000000078b580000)
  to   space 33792K, 0% used [0x000000079e000000,0x000000079e000000,0x00000007a0100000)
 ParOldGen       total 84992K, used 52289K [0x00000006c0000000, 0x00000006c5300000, 0x000000076ab00000)
  object space 84992K, 61% used [0x00000006c0000000,0x00000006c3310428,0x00000006c5300000)
 Metaspace       used 17398K, capacity 17634K, committed 17920K, reserved 1064960K
  class space    used 2128K, capacity 2229K, committed 2304K, reserved 1048576K
}
Event: 10.479 GC heap before
{Heap before GC invocations=10 (full 0):
 PSYoungGen      total 535040K, used 531104K [0x000000076ab00000, 0x00000007a0100000, 0x00000007c0000000)
  eden space 504320K, 100% used [0x000000076ab00000,0x0000000789780000,0x0000000789780000)
  from space 30720K, 87% used [0x0000000789780000,0x000000078b1a8210,0x000000078b580000)
  to   space 33792K, 0% used [0x000000079e000000,0x000000079e000000,0x00000007a0100000)
 ParOldGen       total 84992K, used 52289K [0x00000006c0000000, 0x00000006c5300000, 0x000000076ab00000)
  object space 84992K, 61% used [0x00000006c0000000,0x00000006c3310428,0x00000006c5300000)
 Metaspace       used 17408K, capacity 17634K, committed 17920K, reserved 1064960K
  class space    used 2128K, capacity 2229K, committed 2304K, reserved 1048576K
Event: 10.496 GC heap after
Heap after GC invocations=10 (full 0):
 PSYoungGen      total 837632K, used 28704K [0x000000076ab00000, 0x00000007a0700000, 0x00000007c0000000)
  eden space 803840K, 0% used [0x000000076ab00000,0x000000076ab00000,0x000000079bc00000)
  from space 33792K, 84% used [0x000000079e000000,0x000000079fc081d0,0x00000007a0100000)
  to   space 36864K, 0% used [0x000000079bc00000,0x000000079bc00000,0x000000079e000000)
 ParOldGen       total 84992K, used 52793K [0x00000006c0000000, 0x00000006c5300000, 0x000000076ab00000)
  object space 84992K, 62% used [0x00000006c0000000,0x00000006c338e448,0x00000006c5300000)
 Metaspace       used 17408K, capacity 17634K, committed 17920K, reserved 1064960K
  class space    used 2128K, capacity 2229K, committed 2304K, reserved 1048576K
}
Event: 11.936 GC heap before
{Heap before GC invocations=11 (full 0):
 PSYoungGen      total 837632K, used 832544K [0x000000076ab00000, 0x00000007a0700000, 0x00000007c0000000)
  eden space 803840K, 100% used [0x000000076ab00000,0x000000079bc00000,0x000000079bc00000)
  from space 33792K, 84% used [0x000000079e000000,0x000000079fc081d0,0x00000007a0100000)
  to   space 36864K, 0% used [0x000000079bc00000,0x000000079bc00000,0x000000079e000000)
 ParOldGen       total 84992K, used 52793K [0x00000006c0000000, 0x00000006c5300000, 0x000000076ab00000)
  object space 84992K, 62% used [0x00000006c0000000,0x00000006c338e448,0x00000006c5300000)
 Metaspace       used 17440K, capacity 17698K, committed 17920K, reserved 1064960K
  class space    used 2128K, capacity 2229K, committed 2304K, reserved 1048576K

