# JRE version: OpenJDK Runtime Environment (8.0_144-b01) (build 1.8.0_144-b01)
# Java VM: OpenJDK 64-Bit Server VM (25.144-b01 mixed mode linux-amd64 compressed oops)
Heap:
 PSYoungGen      total 1108992K, used 0K [0x0000000755580000, 0x00000007a5280000, 0x00000007c0000000)
  eden space 930816K, 0% used [0x0000000755580000,0x0000000755580000,0x000000078e280000)
  from space 178176K, 0% used [0x0000000799900000,0x0000000799900000,0x00000007a4700000)
  to   space 186880K, 0% used [0x000000078e280000,0x000000078e280000,0x0000000799900000)
 ParOldGen       total 453632K, used 430804K [0x0000000680000000, 0x000000069bb00000, 0x0000000755580000)
  object space 453632K, 94% used [0x0000000680000000,0x000000069a4b51e0,0x000000069bb00000)
 Metaspace       used 10633K, capacity 10802K, committed 11008K, reserved 1058816K
  class space    used 1187K, capacity 1243K, committed 1280K, reserved 1048576K
GC Heap History (10 events):
Event: 26.934 GC heap after
Heap after GC invocations=25 (full 3):
 PSYoungGen      total 956416K, used 115392K [0x0000000755580000, 0x000000079b300000, 0x00000007c0000000)
  eden space 776704K, 0% used [0x0000000755580000,0x0000000755580000,0x0000000784c00000)
  from space 179712K, 64% used [0x0000000790380000,0x0000000797430220,0x000000079b300000)
  to   space 183808K, 0% used [0x0000000784c00000,0x0000000784c00000,0x000000078ff80000)
 ParOldGen       total 453632K, used 317342K [0x0000000680000000, 0x000000069bb00000, 0x0000000755580000)
  object space 453632K, 69% used [0x0000000680000000,0x00000006935e7950,0x000000069bb00000)
 Metaspace       used 10592K, capacity 10738K, committed 11008K, reserved 1058816K
  class space    used 1187K, capacity 1243K, committed 1280K, reserved 1048576K
}
Event: 28.539 GC heap before
{Heap before GC invocations=26 (full 3):
 PSYoungGen      total 956416K, used 892096K [0x0000000755580000, 0x000000079b300000, 0x00000007c0000000)
  eden space 776704K, 100% used [0x0000000755580000,0x0000000784c00000,0x0000000784c00000)
  from space 179712K, 64% used [0x0000000790380000,0x0000000797430220,0x000000079b300000)
  to   space 183808K, 0% used [0x0000000784c00000,0x0000000784c00000,0x000000078ff80000)
 ParOldGen       total 453632K, used 317342K [0x0000000680000000, 0x000000069bb00000, 0x0000000755580000)
  object space 453632K, 69% used [0x0000000680000000,0x00000006935e7950,0x000000069bb00000)
 Metaspace       used 10616K, capacity 10802K, committed 11008K, reserved 1058816K
  class space    used 1187K, capacity 1243K, committed 1280K, reserved 1048576K
Event: 28.638 GC heap after
Heap after GC invocations=26 (full 3):
 PSYoungGen      total 960512K, used 115728K [0x0000000755580000, 0x00000007a0d00000, 0x00000007c0000000)
  eden space 776704K, 0% used [0x0000000755580000,0x0000000755580000,0x0000000784c00000)
  from space 183808K, 62% used [0x0000000784c00000,0x000000078bd042d0,0x000000078ff80000)
  to   space 181248K, 0% used [0x0000000795c00000,0x0000000795c00000,0x00000007a0d00000)
 ParOldGen       total 453632K, used 317342K [0x0000000680000000, 0x000000069bb00000, 0x0000000755580000)
  object space 453632K, 69% used [0x0000000680000000,0x00000006935e7950,0x000000069bb00000)
 Metaspace       used 10616K, capacity 10802K, committed 11008K, reserved 1058816K
  class space    used 1187K, capacity 1243K, committed 1280K, reserved 1048576K
}
Event: 30.394 GC heap before
{Heap before GC invocations=27 (full 3):
 PSYoungGen      total 960512K, used 892432K [0x0000000755580000, 0x00000007a0d00000, 0x00000007c0000000)
  eden space 776704K, 100% used [0x0000000755580000,0x0000000784c00000,0x0000000784c00000)
  from space 183808K, 62% used [0x0000000784c00000,0x000000078bd042d0,0x000000078ff80000)
  to   space 181248K, 0% used [0x0000000795c00000,0x0000000795c00000,0x00000007a0d00000)
 ParOldGen       total 453632K, used 317342K [0x0000000680000000, 0x000000069bb00000, 0x0000000755580000)
  object space 453632K, 69% used [0x0000000680000000,0x00000006935e7950,0x000000069bb00000)
 Metaspace       used 10625K, capacity 10802K, committed 11008K, reserved 1058816K
  class space    used 1187K, capacity 1243K, committed 1280K, reserved 1048576K
Event: 30.457 GC heap after
Heap after GC invocations=27 (full 3):
 PSYoungGen      total 1033728K, used 115984K [0x0000000755580000, 0x000000079ff80000, 0x00000007c0000000)
  eden space 866304K, 0% used [0x0000000755580000,0x0000000755580000,0x000000078a380000)
  from space 167424K, 69% used [0x0000000795c00000,0x000000079cd44210,0x000000079ff80000)
  to   space 178176K, 0% used [0x000000078a380000,0x000000078a380000,0x0000000795180000)
 ParOldGen       total 453632K, used 317350K [0x0000000680000000, 0x000000069bb00000, 0x0000000755580000)
  object space 453632K, 69% used [0x0000000680000000,0x00000006935e9950,0x000000069bb00000)
 Metaspace       used 10625K, capacity 10802K, committed 11008K, reserved 1058816K
  class space    used 1187K, capacity 1243K, committed 1280K, reserved 1048576K
}
Event: 31.897 GC heap before
{Heap before GC invocations=28 (full 3):
 PSYoungGen      total 1033728K, used 982288K [0x0000000755580000, 0x000000079ff80000, 0x00000007c0000000)
  eden space 866304K, 100% used [0x0000000755580000,0x000000078a380000,0x000000078a380000)
  from space 167424K, 69% used [0x0000000795c00000,0x000000079cd44210,0x000000079ff80000)
  to   space 178176K, 0% used [0x000000078a380000,0x000000078a380000,0x0000000795180000)
 ParOldGen       total 453632K, used 317350K [0x0000000680000000, 0x000000069bb00000, 0x0000000755580000)
  object space 453632K, 69% used [0x0000000680000000,0x00000006935e9950,0x000000069bb00000)
 Metaspace       used 10631K, capacity 10802K, committed 11008K, reserved 1058816K
  class space    used 1187K, capacity 1243K, committed 1280K, reserved 1048576K
Event: 31.967 GC heap after
Heap after GC invocations=28 (full 3):
 PSYoungGen      total 1044480K, used 60131K [0x0000000755580000, 0x00000007a4700000, 0x00000007c0000000)
  eden space 866304K, 0% used [0x0000000755580000,0x0000000755580000,0x000000078a380000)
  from space 178176K, 33% used [0x000000078a380000,0x000000078de38c18,0x0000000795180000)
  to   space 178176K, 0% used [0x0000000799900000,0x0000000799900000,0x00000007a4700000)
 ParOldGen       total 453632K, used 374375K [0x0000000680000000, 0x000000069bb00000, 0x0000000755580000)
  object space 453632K, 82% used [0x0000000680000000,0x0000000696d99e88,0x000000069bb00000)
 Metaspace       used 10631K, capacity 10802K, committed 11008K, reserved 1058816K
  class space    used 1187K, capacity 1243K, committed 1280K, reserved 1048576K
}
Event: 33.527 GC heap before
{Heap before GC invocations=29 (full 3):
 PSYoungGen      total 1044480K, used 926435K [0x0000000755580000, 0x00000007a4700000, 0x00000007c0000000)
  eden space 866304K, 100% used [0x0000000755580000,0x000000078a380000,0x000000078a380000)
  from space 178176K, 33% used [0x000000078a380000,0x000000078de38c18,0x0000000795180000)
  to   space 178176K, 0% used [0x0000000799900000,0x0000000799900000,0x00000007a4700000)
 ParOldGen       total 453632K, used 374375K [0x0000000680000000, 0x000000069bb00000, 0x0000000755580000)
  object space 453632K, 82% used [0x0000000680000000,0x0000000696d99e88,0x000000069bb00000)
 Metaspace       used 10633K, capacity 10802K, committed 11008K, reserved 1058816K
  class space    used 1187K, capacity 1243K, committed 1280K, reserved 1048576K
Event: 33.575 GC heap after
Heap after GC invocations=29 (full 3):
 PSYoungGen      total 1108992K, used 4002K [0x0000000755580000, 0x00000007a5280000, 0x00000007c0000000)
  eden space 930816K, 0% used [0x0000000755580000,0x0000000755580000,0x000000078e280000)
  from space 178176K, 2% used [0x0000000799900000,0x0000000799ce8bb8,0x00000007a4700000)
  to   space 186880K, 0% used [0x000000078e280000,0x000000078e280000,0x0000000799900000)
 ParOldGen       total 453632K, used 430356K [0x0000000680000000, 0x000000069bb00000, 0x0000000755580000)
  object space 453632K, 94% used [0x0000000680000000,0x000000069a4452e8,0x000000069bb00000)
 Metaspace       used 10633K, capacity 10802K, committed 11008K, reserved 1058816K
  class space    used 1187K, capacity 1243K, committed 1280K, reserved 1048576K
}
Event: 33.575 GC heap before
{Heap before GC invocations=30 (full 4):
 PSYoungGen      total 1108992K, used 4002K [0x0000000755580000, 0x00000007a5280000, 0x00000007c0000000)
  eden space 930816K, 0% used [0x0000000755580000,0x0000000755580000,0x000000078e280000)
  from space 178176K, 2% used [0x0000000799900000,0x0000000799ce8bb8,0x00000007a4700000)
  to   space 186880K, 0% used [0x000000078e280000,0x000000078e280000,0x0000000799900000)
 ParOldGen       total 453632K, used 430356K [0x0000000680000000, 0x000000069bb00000, 0x0000000755580000)
  object space 453632K, 94% used [0x0000000680000000,0x000000069a4452e8,0x000000069bb00000)
 Metaspace       used 10633K, capacity 10802K, committed 11008K, reserved 1058816K
  class space    used 1187K, capacity 1243K, committed 1280K, reserved 1048576K

